<?xml version="1.0" encoding="UTF-8"?>
<testsuite xmlns:xsi="http://www.w3.org/2001/XMLSchema-instance" xsi:noNamespaceSchemaLocation="https://maven.apache.org/surefire/maven-surefire-plugin/xsd/surefire-test-report-3.0.xsd" version="3.0" name="com.jamesstorr.jokes_service.acceptancetests.SimpleTest" time="0.215" tests="1" errors="0" skipped="0" failures="0">
  <properties>
    <property name="java.specification.version" value="22"/>
    <property name="sun.jnu.encoding" value="UTF-8"/>
    <property name="java.class.path" value="/Users/jamesstorr/Projects/serenity_bdd_example/target/test-classes:/Users/jamesstorr/Projects/serenity_bdd_example/target/classes:/Users/jamesstorr/.m2/repository/org/springframework/boot/spring-boot-starter-web/3.3.3/spring-boot-starter-web-3.3.3.jar:/Users/jamesstorr/.m2/repository/org/springframework/boot/spring-boot-starter/3.3.3/spring-boot-starter-3.3.3.jar:/Users/jamesstorr/.m2/repository/org/springframework/boot/spring-boot-starter-logging/3.3.3/spring-boot-starter-logging-3.3.3.jar:/Users/jamesstorr/.m2/repository/ch/qos/logback/logback-classic/1.5.7/logback-classic-1.5.7.jar:/Users/jamesstorr/.m2/repository/ch/qos/logback/logback-core/1.5.7/logback-core-1.5.7.jar:/Users/jamesstorr/.m2/repository/org/apache/logging/log4j/log4j-to-slf4j/2.23.1/log4j-to-slf4j-2.23.1.jar:/Users/jamesstorr/.m2/repository/org/apache/logging/log4j/log4j-api/2.23.1/log4j-api-2.23.1.jar:/Users/jamesstorr/.m2/repository/org/slf4j/jul-to-slf4j/2.0.16/jul-to-slf4j-2.0.16.jar:/Users/jamesstorr/.m2/repository/jakarta/annotation/jakarta.annotation-api/2.1.1/jakarta.annotation-api-2.1.1.jar:/Users/jamesstorr/.m2/repository/org/yaml/snakeyaml/2.2/snakeyaml-2.2.jar:/Users/jamesstorr/.m2/repository/org/springframework/boot/spring-boot-starter-json/3.3.3/spring-boot-starter-json-3.3.3.jar:/Users/jamesstorr/.m2/repository/com/fasterxml/jackson/datatype/jackson-datatype-jdk8/2.17.2/jackson-datatype-jdk8-2.17.2.jar:/Users/jamesstorr/.m2/repository/com/fasterxml/jackson/datatype/jackson-datatype-jsr310/2.17.2/jackson-datatype-jsr310-2.17.2.jar:/Users/jamesstorr/.m2/repository/com/fasterxml/jackson/module/jackson-module-parameter-names/2.17.2/jackson-module-parameter-names-2.17.2.jar:/Users/jamesstorr/.m2/repository/org/springframework/boot/spring-boot-starter-tomcat/3.3.3/spring-boot-starter-tomcat-3.3.3.jar:/Users/jamesstorr/.m2/repository/org/apache/tomcat/embed/tomcat-embed-core/10.1.28/tomcat-embed-core-10.1.28.jar:/Users/jamesstorr/.m2/repository/org/apache/tomcat/embed/tomcat-embed-el/10.1.28/tomcat-embed-el-10.1.28.jar:/Users/jamesstorr/.m2/repository/org/apache/tomcat/embed/tomcat-embed-websocket/10.1.28/tomcat-embed-websocket-10.1.28.jar:/Users/jamesstorr/.m2/repository/org/springframework/spring-web/6.1.12/spring-web-6.1.12.jar:/Users/jamesstorr/.m2/repository/org/springframework/spring-beans/6.1.12/spring-beans-6.1.12.jar:/Users/jamesstorr/.m2/repository/io/micrometer/micrometer-observation/1.13.3/micrometer-observation-1.13.3.jar:/Users/jamesstorr/.m2/repository/io/micrometer/micrometer-commons/1.13.3/micrometer-commons-1.13.3.jar:/Users/jamesstorr/.m2/repository/org/springframework/spring-webmvc/6.1.12/spring-webmvc-6.1.12.jar:/Users/jamesstorr/.m2/repository/org/springframework/spring-aop/6.1.12/spring-aop-6.1.12.jar:/Users/jamesstorr/.m2/repository/org/springframework/spring-context/6.1.12/spring-context-6.1.12.jar:/Users/jamesstorr/.m2/repository/org/springframework/spring-expression/6.1.12/spring-expression-6.1.12.jar:/Users/jamesstorr/.m2/repository/org/springframework/boot/spring-boot-starter-webflux/3.3.3/spring-boot-starter-webflux-3.3.3.jar:/Users/jamesstorr/.m2/repository/org/springframework/boot/spring-boot-starter-reactor-netty/3.3.3/spring-boot-starter-reactor-netty-3.3.3.jar:/Users/jamesstorr/.m2/repository/io/projectreactor/netty/reactor-netty-http/1.1.22/reactor-netty-http-1.1.22.jar:/Users/jamesstorr/.m2/repository/io/netty/netty-codec-http/4.1.112.Final/netty-codec-http-4.1.112.Final.jar:/Users/jamesstorr/.m2/repository/io/netty/netty-common/4.1.112.Final/netty-common-4.1.112.Final.jar:/Users/jamesstorr/.m2/repository/io/netty/netty-buffer/4.1.112.Final/netty-buffer-4.1.112.Final.jar:/Users/jamesstorr/.m2/repository/io/netty/netty-transport/4.1.112.Final/netty-transport-4.1.112.Final.jar:/Users/jamesstorr/.m2/repository/io/netty/netty-codec/4.1.112.Final/netty-codec-4.1.112.Final.jar:/Users/jamesstorr/.m2/repository/io/netty/netty-handler/4.1.112.Final/netty-handler-4.1.112.Final.jar:/Users/jamesstorr/.m2/repository/io/netty/netty-codec-http2/4.1.112.Final/netty-codec-http2-4.1.112.Final.jar:/Users/jamesstorr/.m2/repository/io/netty/netty-resolver-dns/4.1.112.Final/netty-resolver-dns-4.1.112.Final.jar:/Users/jamesstorr/.m2/repository/io/netty/netty-resolver/4.1.112.Final/netty-resolver-4.1.112.Final.jar:/Users/jamesstorr/.m2/repository/io/netty/netty-codec-dns/4.1.112.Final/netty-codec-dns-4.1.112.Final.jar:/Users/jamesstorr/.m2/repository/io/netty/netty-resolver-dns-native-macos/4.1.112.Final/netty-resolver-dns-native-macos-4.1.112.Final-osx-x86_64.jar:/Users/jamesstorr/.m2/repository/io/netty/netty-resolver-dns-classes-macos/4.1.112.Final/netty-resolver-dns-classes-macos-4.1.112.Final.jar:/Users/jamesstorr/.m2/repository/io/netty/netty-transport-native-epoll/4.1.112.Final/netty-transport-native-epoll-4.1.112.Final-linux-x86_64.jar:/Users/jamesstorr/.m2/repository/io/netty/netty-transport-native-unix-common/4.1.112.Final/netty-transport-native-unix-common-4.1.112.Final.jar:/Users/jamesstorr/.m2/repository/io/netty/netty-transport-classes-epoll/4.1.112.Final/netty-transport-classes-epoll-4.1.112.Final.jar:/Users/jamesstorr/.m2/repository/io/projectreactor/netty/reactor-netty-core/1.1.22/reactor-netty-core-1.1.22.jar:/Users/jamesstorr/.m2/repository/io/netty/netty-handler-proxy/4.1.112.Final/netty-handler-proxy-4.1.112.Final.jar:/Users/jamesstorr/.m2/repository/io/netty/netty-codec-socks/4.1.112.Final/netty-codec-socks-4.1.112.Final.jar:/Users/jamesstorr/.m2/repository/org/springframework/spring-webflux/6.1.12/spring-webflux-6.1.12.jar:/Users/jamesstorr/.m2/repository/io/projectreactor/reactor-core/3.6.9/reactor-core-3.6.9.jar:/Users/jamesstorr/.m2/repository/org/reactivestreams/reactive-streams/1.0.4/reactive-streams-1.0.4.jar:/Users/jamesstorr/.m2/repository/org/springframework/boot/spring-boot-devtools/3.3.3/spring-boot-devtools-3.3.3.jar:/Users/jamesstorr/.m2/repository/org/springframework/boot/spring-boot/3.3.3/spring-boot-3.3.3.jar:/Users/jamesstorr/.m2/repository/org/springframework/boot/spring-boot-autoconfigure/3.3.3/spring-boot-autoconfigure-3.3.3.jar:/Users/jamesstorr/.m2/repository/org/projectlombok/lombok/1.18.34/lombok-1.18.34.jar:/Users/jamesstorr/.m2/repository/org/assertj/assertj-core/3.22.0/assertj-core-3.22.0.jar:/Users/jamesstorr/.m2/repository/org/springframework/boot/spring-boot-starter-test/3.3.3/spring-boot-starter-test-3.3.3.jar:/Users/jamesstorr/.m2/repository/org/springframework/boot/spring-boot-test/3.3.3/spring-boot-test-3.3.3.jar:/Users/jamesstorr/.m2/repository/org/springframework/boot/spring-boot-test-autoconfigure/3.3.3/spring-boot-test-autoconfigure-3.3.3.jar:/Users/jamesstorr/.m2/repository/com/jayway/jsonpath/json-path/2.9.0/json-path-2.9.0.jar:/Users/jamesstorr/.m2/repository/org/slf4j/slf4j-api/2.0.16/slf4j-api-2.0.16.jar:/Users/jamesstorr/.m2/repository/jakarta/xml/bind/jakarta.xml.bind-api/4.0.2/jakarta.xml.bind-api-4.0.2.jar:/Users/jamesstorr/.m2/repository/jakarta/activation/jakarta.activation-api/2.1.3/jakarta.activation-api-2.1.3.jar:/Users/jamesstorr/.m2/repository/net/minidev/json-smart/2.5.1/json-smart-2.5.1.jar:/Users/jamesstorr/.m2/repository/net/minidev/accessors-smart/2.5.1/accessors-smart-2.5.1.jar:/Users/jamesstorr/.m2/repository/org/ow2/asm/asm/9.6/asm-9.6.jar:/Users/jamesstorr/.m2/repository/org/awaitility/awaitility/4.2.2/awaitility-4.2.2.jar:/Users/jamesstorr/.m2/repository/org/hamcrest/hamcrest/2.2/hamcrest-2.2.jar:/Users/jamesstorr/.m2/repository/org/junit/jupiter/junit-jupiter/5.10.3/junit-jupiter-5.10.3.jar:/Users/jamesstorr/.m2/repository/org/mockito/mockito-core/5.11.0/mockito-core-5.11.0.jar:/Users/jamesstorr/.m2/repository/net/bytebuddy/byte-buddy/1.14.19/byte-buddy-1.14.19.jar:/Users/jamesstorr/.m2/repository/net/bytebuddy/byte-buddy-agent/1.14.19/byte-buddy-agent-1.14.19.jar:/Users/jamesstorr/.m2/repository/org/objenesis/objenesis/3.3/objenesis-3.3.jar:/Users/jamesstorr/.m2/repository/org/mockito/mockito-junit-jupiter/5.11.0/mockito-junit-jupiter-5.11.0.jar:/Users/jamesstorr/.m2/repository/org/skyscreamer/jsonassert/1.5.3/jsonassert-1.5.3.jar:/Users/jamesstorr/.m2/repository/com/vaadin/external/google/android-json/0.0.20131108.vaadin1/android-json-0.0.20131108.vaadin1.jar:/Users/jamesstorr/.m2/repository/org/springframework/spring-core/6.1.12/spring-core-6.1.12.jar:/Users/jamesstorr/.m2/repository/org/springframework/spring-jcl/6.1.12/spring-jcl-6.1.12.jar:/Users/jamesstorr/.m2/repository/org/springframework/spring-test/6.1.12/spring-test-6.1.12.jar:/Users/jamesstorr/.m2/repository/org/xmlunit/xmlunit-core/2.9.1/xmlunit-core-2.9.1.jar:/Users/jamesstorr/.m2/repository/net/serenity-bdd/serenity-core/4.2.1/serenity-core-4.2.1.jar:/Users/jamesstorr/.m2/repository/net/serenity-bdd/serenity-model/4.2.1/serenity-model-4.2.1.jar:/Users/jamesstorr/.m2/repository/org/apache/commons/commons-text/1.12.0/commons-text-1.12.0.jar:/Users/jamesstorr/.m2/repository/commons-net/commons-net/3.11.1/commons-net-3.11.1.jar:/Users/jamesstorr/.m2/repository/com/google/guava/guava/33.2.1-jre/guava-33.2.1-jre.jar:/Users/jamesstorr/.m2/repository/com/google/guava/failureaccess/1.0.2/failureaccess-1.0.2.jar:/Users/jamesstorr/.m2/repository/com/google/guava/listenablefuture/9999.0-empty-to-avoid-conflict-with-guava/listenablefuture-9999.0-empty-to-avoid-conflict-with-guava.jar:/Users/jamesstorr/.m2/repository/com/google/code/findbugs/jsr305/3.0.2/jsr305-3.0.2.jar:/Users/jamesstorr/.m2/repository/org/checkerframework/checker-qual/3.42.0/checker-qual-3.42.0.jar:/Users/jamesstorr/.m2/repository/com/google/errorprone/error_prone_annotations/2.26.1/error_prone_annotations-2.26.1.jar:/Users/jamesstorr/.m2/repository/com/google/j2objc/j2objc-annotations/3.0.0/j2objc-annotations-3.0.0.jar:/Users/jamesstorr/.m2/repository/org/jsoup/jsoup/1.15.4/jsoup-1.15.4.jar:/Users/jamesstorr/.m2/repository/com/thoughtworks/xstream/xstream/1.4.20/xstream-1.4.20.jar:/Users/jamesstorr/.m2/repository/io/github/x-stream/mxparser/1.2.2/mxparser-1.2.2.jar:/Users/jamesstorr/.m2/repository/xmlpull/xmlpull/1.1.3.1/xmlpull-1.1.3.1.jar:/Users/jamesstorr/.m2/repository/io/cucumber/cucumber-core/7.18.1/cucumber-core-7.18.1.jar:/Users/jamesstorr/.m2/repository/io/cucumber/cucumber-gherkin/7.18.1/cucumber-gherkin-7.18.1.jar:/Users/jamesstorr/.m2/repository/io/cucumber/cucumber-gherkin-messages/7.18.1/cucumber-gherkin-messages-7.18.1.jar:/Users/jamesstorr/.m2/repository/io/cucumber/gherkin/28.0.0/gherkin-28.0.0.jar:/Users/jamesstorr/.m2/repository/io/cucumber/messages/24.1.0/messages-24.1.0.jar:/Users/jamesstorr/.m2/repository/io/cucumber/testng-xml-formatter/0.2.0/testng-xml-formatter-0.2.0.jar:/Users/jamesstorr/.m2/repository/io/cucumber/query/12.2.0/query-12.2.0.jar:/Users/jamesstorr/.m2/repository/io/cucumber/tag-expressions/6.1.0/tag-expressions-6.1.0.jar:/Users/jamesstorr/.m2/repository/io/cucumber/cucumber-expressions/17.1.0/cucumber-expressions-17.1.0.jar:/Users/jamesstorr/.m2/repository/io/cucumber/datatable/7.18.1/datatable-7.18.1.jar:/Users/jamesstorr/.m2/repository/io/cucumber/cucumber-plugin/7.18.1/cucumber-plugin-7.18.1.jar:/Users/jamesstorr/.m2/repository/io/cucumber/docstring/7.18.1/docstring-7.18.1.jar:/Users/jamesstorr/.m2/repository/io/cucumber/html-formatter/21.4.1/html-formatter-21.4.1.jar:/Users/jamesstorr/.m2/repository/io/cucumber/junit-xml-formatter/0.5.0/junit-xml-formatter-0.5.0.jar:/Users/jamesstorr/.m2/repository/io/cucumber/ci-environment/10.0.1/ci-environment-10.0.1.jar:/Users/jamesstorr/.m2/repository/io/cucumber/cucumber-java/7.18.1/cucumber-java-7.18.1.jar:/Users/jamesstorr/.m2/repository/com/typesafe/config/1.4.3/config-1.4.3.jar:/Users/jamesstorr/.m2/repository/org/imgscalr/imgscalr-lib/4.2/imgscalr-lib-4.2.jar:/Users/jamesstorr/.m2/repository/org/freemarker/freemarker/2.3.33/freemarker-2.3.33.jar:/Users/jamesstorr/.m2/repository/io/github/classgraph/classgraph/4.8.157/classgraph-4.8.157.jar:/Users/jamesstorr/.m2/repository/com/github/ben-manes/caffeine/caffeine/3.1.8/caffeine-3.1.8.jar:/Users/jamesstorr/.m2/repository/org/ehcache/ehcache/3.10.8/ehcache-3.10.8.jar:/Users/jamesstorr/.m2/repository/javax/cache/cache-api/1.1.1/cache-api-1.1.1.jar:/Users/jamesstorr/.m2/repository/net/sourceforge/jexcelapi/jxl/2.6.12/jxl-2.6.12.jar:/Users/jamesstorr/.m2/repository/com/vladsch/flexmark/flexmark-all/0.64.8/flexmark-all-0.64.8.jar:/Users/jamesstorr/.m2/repository/com/vladsch/flexmark/flexmark/0.64.8/flexmark-0.64.8.jar:/Users/jamesstorr/.m2/repository/com/vladsch/flexmark/flexmark-ext-abbreviation/0.64.8/flexmark-ext-abbreviation-0.64.8.jar:/Users/jamesstorr/.m2/repository/com/vladsch/flexmark/flexmark-ext-admonition/0.64.8/flexmark-ext-admonition-0.64.8.jar:/Users/jamesstorr/.m2/repository/com/vladsch/flexmark/flexmark-ext-anchorlink/0.64.8/flexmark-ext-anchorlink-0.64.8.jar:/Users/jamesstorr/.m2/repository/com/vladsch/flexmark/flexmark-ext-aside/0.64.8/flexmark-ext-aside-0.64.8.jar:/Users/jamesstorr/.m2/repository/com/vladsch/flexmark/flexmark-ext-attributes/0.64.8/flexmark-ext-attributes-0.64.8.jar:/Users/jamesstorr/.m2/repository/com/vladsch/flexmark/flexmark-ext-autolink/0.64.8/flexmark-ext-autolink-0.64.8.jar:/Users/jamesstorr/.m2/repository/org/nibor/autolink/autolink/0.6.0/autolink-0.6.0.jar:/Users/jamesstorr/.m2/repository/com/vladsch/flexmark/flexmark-ext-definition/0.64.8/flexmark-ext-definition-0.64.8.jar:/Users/jamesstorr/.m2/repository/com/vladsch/flexmark/flexmark-ext-emoji/0.64.8/flexmark-ext-emoji-0.64.8.jar:/Users/jamesstorr/.m2/repository/com/vladsch/flexmark/flexmark-ext-enumerated-reference/0.64.8/flexmark-ext-enumerated-reference-0.64.8.jar:/Users/jamesstorr/.m2/repository/com/vladsch/flexmark/flexmark-ext-escaped-character/0.64.8/flexmark-ext-escaped-character-0.64.8.jar:/Users/jamesstorr/.m2/repository/com/vladsch/flexmark/flexmark-ext-footnotes/0.64.8/flexmark-ext-footnotes-0.64.8.jar:/Users/jamesstorr/.m2/repository/com/vladsch/flexmark/flexmark-ext-gfm-issues/0.64.8/flexmark-ext-gfm-issues-0.64.8.jar:/Users/jamesstorr/.m2/repository/com/vladsch/flexmark/flexmark-ext-gfm-strikethrough/0.64.8/flexmark-ext-gfm-strikethrough-0.64.8.jar:/Users/jamesstorr/.m2/repository/com/vladsch/flexmark/flexmark-ext-gfm-tasklist/0.64.8/flexmark-ext-gfm-tasklist-0.64.8.jar:/Users/jamesstorr/.m2/repository/com/vladsch/flexmark/flexmark-ext-gfm-users/0.64.8/flexmark-ext-gfm-users-0.64.8.jar:/Users/jamesstorr/.m2/repository/com/vladsch/flexmark/flexmark-ext-gitlab/0.64.8/flexmark-ext-gitlab-0.64.8.jar:/Users/jamesstorr/.m2/repository/com/vladsch/flexmark/flexmark-ext-jekyll-front-matter/0.64.8/flexmark-ext-jekyll-front-matter-0.64.8.jar:/Users/jamesstorr/.m2/repository/com/vladsch/flexmark/flexmark-ext-jekyll-tag/0.64.8/flexmark-ext-jekyll-tag-0.64.8.jar:/Users/jamesstorr/.m2/repository/com/vladsch/flexmark/flexmark-ext-media-tags/0.64.8/flexmark-ext-media-tags-0.64.8.jar:/Users/jamesstorr/.m2/repository/com/vladsch/flexmark/flexmark-ext-macros/0.64.8/flexmark-ext-macros-0.64.8.jar:/Users/jamesstorr/.m2/repository/com/vladsch/flexmark/flexmark-ext-ins/0.64.8/flexmark-ext-ins-0.64.8.jar:/Users/jamesstorr/.m2/repository/com/vladsch/flexmark/flexmark-ext-xwiki-macros/0.64.8/flexmark-ext-xwiki-macros-0.64.8.jar:/Users/jamesstorr/.m2/repository/com/vladsch/flexmark/flexmark-ext-superscript/0.64.8/flexmark-ext-superscript-0.64.8.jar:/Users/jamesstorr/.m2/repository/com/vladsch/flexmark/flexmark-ext-toc/0.64.8/flexmark-ext-toc-0.64.8.jar:/Users/jamesstorr/.m2/repository/com/vladsch/flexmark/flexmark-ext-typographic/0.64.8/flexmark-ext-typographic-0.64.8.jar:/Users/jamesstorr/.m2/repository/com/vladsch/flexmark/flexmark-ext-wikilink/0.64.8/flexmark-ext-wikilink-0.64.8.jar:/Users/jamesstorr/.m2/repository/com/vladsch/flexmark/flexmark-ext-yaml-front-matter/0.64.8/flexmark-ext-yaml-front-matter-0.64.8.jar:/Users/jamesstorr/.m2/repository/com/vladsch/flexmark/flexmark-ext-youtube-embedded/0.64.8/flexmark-ext-youtube-embedded-0.64.8.jar:/Users/jamesstorr/.m2/repository/com/vladsch/flexmark/flexmark-html2md-converter/0.64.8/flexmark-html2md-converter-0.64.8.jar:/Users/jamesstorr/.m2/repository/com/vladsch/flexmark/flexmark-jira-converter/0.64.8/flexmark-jira-converter-0.64.8.jar:/Users/jamesstorr/.m2/repository/com/vladsch/flexmark/flexmark-pdf-converter/0.64.8/flexmark-pdf-converter-0.64.8.jar:/Users/jamesstorr/.m2/repository/com/openhtmltopdf/openhtmltopdf-core/1.0.10/openhtmltopdf-core-1.0.10.jar:/Users/jamesstorr/.m2/repository/com/openhtmltopdf/openhtmltopdf-pdfbox/1.0.10/openhtmltopdf-pdfbox-1.0.10.jar:/Users/jamesstorr/.m2/repository/org/apache/pdfbox/pdfbox/2.0.24/pdfbox-2.0.24.jar:/Users/jamesstorr/.m2/repository/org/apache/pdfbox/fontbox/2.0.24/fontbox-2.0.24.jar:/Users/jamesstorr/.m2/repository/org/apache/pdfbox/xmpbox/2.0.24/xmpbox-2.0.24.jar:/Users/jamesstorr/.m2/repository/de/rototor/pdfbox/graphics2d/0.32/graphics2d-0.32.jar:/Users/jamesstorr/.m2/repository/com/openhtmltopdf/openhtmltopdf-rtl-support/1.0.10/openhtmltopdf-rtl-support-1.0.10.jar:/Users/jamesstorr/.m2/repository/com/vladsch/flexmark/flexmark-profile-pegdown/0.64.8/flexmark-profile-pegdown-0.64.8.jar:/Users/jamesstorr/.m2/repository/com/vladsch/flexmark/flexmark-util-ast/0.64.8/flexmark-util-ast-0.64.8.jar:/Users/jamesstorr/.m2/repository/com/vladsch/flexmark/flexmark-util-builder/0.64.8/flexmark-util-builder-0.64.8.jar:/Users/jamesstorr/.m2/repository/com/vladsch/flexmark/flexmark-util-collection/0.64.8/flexmark-util-collection-0.64.8.jar:/Users/jamesstorr/.m2/repository/com/vladsch/flexmark/flexmark-util-data/0.64.8/flexmark-util-data-0.64.8.jar:/Users/jamesstorr/.m2/repository/com/vladsch/flexmark/flexmark-util-dependency/0.64.8/flexmark-util-dependency-0.64.8.jar:/Users/jamesstorr/.m2/repository/com/vladsch/flexmark/flexmark-util-format/0.64.8/flexmark-util-format-0.64.8.jar:/Users/jamesstorr/.m2/repository/com/vladsch/flexmark/flexmark-util-html/0.64.8/flexmark-util-html-0.64.8.jar:/Users/jamesstorr/.m2/repository/com/vladsch/flexmark/flexmark-util-misc/0.64.8/flexmark-util-misc-0.64.8.jar:/Users/jamesstorr/.m2/repository/com/vladsch/flexmark/flexmark-util-options/0.64.8/flexmark-util-options-0.64.8.jar:/Users/jamesstorr/.m2/repository/com/vladsch/flexmark/flexmark-util-sequence/0.64.8/flexmark-util-sequence-0.64.8.jar:/Users/jamesstorr/.m2/repository/com/vladsch/flexmark/flexmark-util-visitor/0.64.8/flexmark-util-visitor-0.64.8.jar:/Users/jamesstorr/.m2/repository/com/vladsch/flexmark/flexmark-youtrack-converter/0.64.8/flexmark-youtrack-converter-0.64.8.jar:/Users/jamesstorr/.m2/repository/com/vladsch/flexmark/flexmark-ext-resizable-image/0.64.8/flexmark-ext-resizable-image-0.64.8.jar:/Users/jamesstorr/.m2/repository/com/vladsch/flexmark/flexmark-ext-tables/0.64.8/flexmark-ext-tables-0.64.8.jar:/Users/jamesstorr/.m2/repository/com/vladsch/flexmark/flexmark-util/0.64.8/flexmark-util-0.64.8.jar:/Users/jamesstorr/.m2/repository/net/serenity-bdd/serenity-reports/4.2.1/serenity-reports-4.2.1.jar:/Users/jamesstorr/.m2/repository/net/serenity-bdd/serenity-stats/4.2.1/serenity-stats-4.2.1.jar:/Users/jamesstorr/.m2/repository/net/serenity-bdd/serenity-reports-configuration/4.2.1/serenity-reports-configuration-4.2.1.jar:/Users/jamesstorr/.m2/repository/com/ibm/icu/icu4j/72.1/icu4j-72.1.jar:/Users/jamesstorr/.m2/repository/es/nitaur/markdown/txtmark/0.16/txtmark-0.16.jar:/Users/jamesstorr/.m2/repository/net/serenity-bdd/serenity-report-resources/4.2.1/serenity-report-resources-4.2.1.jar:/Users/jamesstorr/.m2/repository/com/google/code/gson/gson/2.10.1/gson-2.10.1.jar:/Users/jamesstorr/.m2/repository/com/fasterxml/jackson/core/jackson-core/2.17.2/jackson-core-2.17.2.jar:/Users/jamesstorr/.m2/repository/com/fasterxml/jackson/core/jackson-databind/2.17.2/jackson-databind-2.17.2.jar:/Users/jamesstorr/.m2/repository/com/fasterxml/jackson/core/jackson-annotations/2.17.2/jackson-annotations-2.17.2.jar:/Users/jamesstorr/.m2/repository/commons-codec/commons-codec/1.16.1/commons-codec-1.16.1.jar:/Users/jamesstorr/.m2/repository/commons-io/commons-io/2.16.1/commons-io-2.16.1.jar:/Users/jamesstorr/.m2/repository/org/apache/httpcomponents/httpclient/4.5.13/httpclient-4.5.13.jar:/Users/jamesstorr/.m2/repository/org/apache/httpcomponents/httpcore/4.4.16/httpcore-4.4.16.jar:/Users/jamesstorr/.m2/repository/commons-logging/commons-logging/1.2/commons-logging-1.2.jar:/Users/jamesstorr/.m2/repository/org/seleniumhq/selenium/selenium-java/4.19.1/selenium-java-4.19.1.jar:/Users/jamesstorr/.m2/repository/org/seleniumhq/selenium/selenium-devtools-v121/4.19.1/selenium-devtools-v121-4.19.1.jar:/Users/jamesstorr/.m2/repository/org/seleniumhq/selenium/selenium-devtools-v122/4.19.1/selenium-devtools-v122-4.19.1.jar:/Users/jamesstorr/.m2/repository/org/seleniumhq/selenium/selenium-devtools-v123/4.19.1/selenium-devtools-v123-4.19.1.jar:/Users/jamesstorr/.m2/repository/org/seleniumhq/selenium/selenium-devtools-v85/4.19.1/selenium-devtools-v85-4.19.1.jar:/Users/jamesstorr/.m2/repository/org/seleniumhq/selenium/selenium-remote-driver/4.19.1/selenium-remote-driver-4.19.1.jar:/Users/jamesstorr/.m2/repository/io/opentelemetry/semconv/opentelemetry-semconv/1.23.1-alpha/opentelemetry-semconv-1.23.1-alpha.jar:/Users/jamesstorr/.m2/repository/io/opentelemetry/opentelemetry-api/1.37.0/opentelemetry-api-1.37.0.jar:/Users/jamesstorr/.m2/repository/io/opentelemetry/opentelemetry-context/1.37.0/opentelemetry-context-1.37.0.jar:/Users/jamesstorr/.m2/repository/io/opentelemetry/opentelemetry-exporter-logging/1.37.0/opentelemetry-exporter-logging-1.37.0.jar:/Users/jamesstorr/.m2/repository/io/opentelemetry/opentelemetry-sdk-common/1.37.0/opentelemetry-sdk-common-1.37.0.jar:/Users/jamesstorr/.m2/repository/io/opentelemetry/opentelemetry-sdk-extension-autoconfigure-spi/1.37.0/opentelemetry-sdk-extension-autoconfigure-spi-1.37.0.jar:/Users/jamesstorr/.m2/repository/io/opentelemetry/opentelemetry-sdk-extension-autoconfigure/1.37.0/opentelemetry-sdk-extension-autoconfigure-1.37.0.jar:/Users/jamesstorr/.m2/repository/io/opentelemetry/opentelemetry-api-incubator/1.37.0-alpha/opentelemetry-api-incubator-1.37.0-alpha.jar:/Users/jamesstorr/.m2/repository/io/opentelemetry/opentelemetry-sdk-trace/1.37.0/opentelemetry-sdk-trace-1.37.0.jar:/Users/jamesstorr/.m2/repository/io/opentelemetry/opentelemetry-sdk/1.37.0/opentelemetry-sdk-1.37.0.jar:/Users/jamesstorr/.m2/repository/io/opentelemetry/opentelemetry-sdk-metrics/1.37.0/opentelemetry-sdk-metrics-1.37.0.jar:/Users/jamesstorr/.m2/repository/io/opentelemetry/opentelemetry-sdk-logs/1.37.0/opentelemetry-sdk-logs-1.37.0.jar:/Users/jamesstorr/.m2/repository/org/seleniumhq/selenium/selenium-os/4.19.1/selenium-os-4.19.1.jar:/Users/jamesstorr/.m2/repository/org/apache/commons/commons-exec/1.3/commons-exec-1.3.jar:/Users/jamesstorr/.m2/repository/org/seleniumhq/selenium/selenium-safari-driver/4.19.1/selenium-safari-driver-4.19.1.jar:/Users/jamesstorr/.m2/repository/org/seleniumhq/selenium/selenium-api/4.19.1/selenium-api-4.19.1.jar:/Users/jamesstorr/.m2/repository/org/seleniumhq/selenium/selenium-support/4.19.1/selenium-support-4.19.1.jar:/Users/jamesstorr/.m2/repository/com/google/auto/service/auto-service-annotations/1.1.1/auto-service-annotations-1.1.1.jar:/Users/jamesstorr/.m2/repository/org/seleniumhq/selenium/selenium-json/4.19.1/selenium-json-4.19.1.jar:/Users/jamesstorr/.m2/repository/org/seleniumhq/selenium/selenium-chrome-driver/4.19.1/selenium-chrome-driver-4.19.1.jar:/Users/jamesstorr/.m2/repository/org/seleniumhq/selenium/selenium-chromium-driver/4.19.1/selenium-chromium-driver-4.19.1.jar:/Users/jamesstorr/.m2/repository/org/seleniumhq/selenium/selenium-manager/4.19.1/selenium-manager-4.19.1.jar:/Users/jamesstorr/.m2/repository/org/seleniumhq/selenium/selenium-firefox-driver/4.19.1/selenium-firefox-driver-4.19.1.jar:/Users/jamesstorr/.m2/repository/org/seleniumhq/selenium/selenium-http/4.19.1/selenium-http-4.19.1.jar:/Users/jamesstorr/.m2/repository/dev/failsafe/failsafe/3.3.2/failsafe-3.3.2.jar:/Users/jamesstorr/.m2/repository/org/seleniumhq/selenium/selenium-edge-driver/4.19.1/selenium-edge-driver-4.19.1.jar:/Users/jamesstorr/.m2/repository/org/seleniumhq/selenium/selenium-ie-driver/4.19.1/selenium-ie-driver-4.19.1.jar:/Users/jamesstorr/.m2/repository/org/htmlunit/htmlunit/4.4.0/htmlunit-4.4.0.jar:/Users/jamesstorr/.m2/repository/org/apache/httpcomponents/httpmime/4.5.14/httpmime-4.5.14.jar:/Users/jamesstorr/.m2/repository/org/htmlunit/htmlunit-core-js/4.4.0/htmlunit-core-js-4.4.0.jar:/Users/jamesstorr/.m2/repository/org/htmlunit/neko-htmlunit/4.4.0/neko-htmlunit-4.4.0.jar:/Users/jamesstorr/.m2/repository/org/htmlunit/htmlunit-cssparser/4.4.0/htmlunit-cssparser-4.4.0.jar:/Users/jamesstorr/.m2/repository/org/htmlunit/htmlunit-xpath/4.4.0/htmlunit-xpath-4.4.0.jar:/Users/jamesstorr/.m2/repository/org/htmlunit/htmlunit-csp/4.4.0/htmlunit-csp-4.4.0.jar:/Users/jamesstorr/.m2/repository/org/htmlunit/htmlunit-websocket-client/4.4.0/htmlunit-websocket-client-4.4.0.jar:/Users/jamesstorr/.m2/repository/org/brotli/dec/0.1.2/dec-0.1.2.jar:/Users/jamesstorr/.m2/repository/org/seleniumhq/selenium/htmlunit3-driver/4.23.0/htmlunit3-driver-4.23.0.jar:/Users/jamesstorr/.m2/repository/io/appium/java-client/9.3.0/java-client-9.3.0.jar:/Users/jamesstorr/.m2/repository/org/apache/groovy/groovy/4.0.22/groovy-4.0.22.jar:/Users/jamesstorr/.m2/repository/net/sf/opencsv/opencsv/2.1/opencsv-2.1.jar:/Users/jamesstorr/.m2/repository/org/apache/commons/commons-lang3/3.14.0/commons-lang3-3.14.0.jar:/Users/jamesstorr/.m2/repository/org/apache/commons/commons-compress/1.27.0/commons-compress-1.27.0.jar:/Users/jamesstorr/.m2/repository/org/fluentlenium/fluentlenium-core/0.10.2/fluentlenium-core-0.10.2.jar:/Users/jamesstorr/.m2/repository/com/jhlabs/filters/2.0.235/filters-2.0.235.jar:/Users/jamesstorr/.m2/repository/com/paulhammant/ngwebdriver/1.2/ngwebdriver-1.2.jar:/Users/jamesstorr/.m2/repository/joda-time/joda-time/2.12.7/joda-time-2.12.7.jar:/Users/jamesstorr/.m2/repository/com/google/jimfs/jimfs/1.3.0/jimfs-1.3.0.jar:/Users/jamesstorr/.m2/repository/javax/xml/bind/jaxb-api/2.3.1/jaxb-api-2.3.1.jar:/Users/jamesstorr/.m2/repository/javax/activation/javax.activation-api/1.2.0/javax.activation-api-1.2.0.jar:/Users/jamesstorr/.m2/repository/com/sun/xml/bind/jaxb-core/4.0.5/jaxb-core-4.0.5.jar:/Users/jamesstorr/.m2/repository/org/eclipse/angus/angus-activation/2.0.2/angus-activation-2.0.2.jar:/Users/jamesstorr/.m2/repository/com/sun/xml/bind/jaxb-impl/4.0.5/jaxb-impl-4.0.5.jar:/Users/jamesstorr/.m2/repository/javax/activation/activation/1.1.1/activation-1.1.1.jar:/Users/jamesstorr/.m2/repository/net/serenity-bdd/serenity-junit5/4.2.1/serenity-junit5-4.2.1.jar:/Users/jamesstorr/.m2/repository/org/junit/jupiter/junit-jupiter-api/5.10.3/junit-jupiter-api-5.10.3.jar:/Users/jamesstorr/.m2/repository/org/junit/platform/junit-platform-commons/1.10.3/junit-platform-commons-1.10.3.jar:/Users/jamesstorr/.m2/repository/org/apiguardian/apiguardian-api/1.1.2/apiguardian-api-1.1.2.jar:/Users/jamesstorr/.m2/repository/org/junit/jupiter/junit-jupiter-engine/5.10.3/junit-jupiter-engine-5.10.3.jar:/Users/jamesstorr/.m2/repository/org/junit/platform/junit-platform-engine/1.10.3/junit-platform-engine-1.10.3.jar:/Users/jamesstorr/.m2/repository/org/junit/jupiter/junit-jupiter-params/5.10.3/junit-jupiter-params-5.10.3.jar:/Users/jamesstorr/.m2/repository/org/junit/platform/junit-platform-launcher/1.10.3/junit-platform-launcher-1.10.3.jar:/Users/jamesstorr/.m2/repository/net/serenity-bdd/serenity-screenplay/4.2.1/serenity-screenplay-4.2.1.jar:/Users/jamesstorr/.m2/repository/net/serenity-bdd/serenity-ensure/4.2.1/serenity-ensure-4.2.1.jar:/Users/jamesstorr/.m2/repository/org/jetbrains/kotlin/kotlin-stdlib/1.9.25/kotlin-stdlib-1.9.25.jar:/Users/jamesstorr/.m2/repository/org/jetbrains/annotations/13.0/annotations-13.0.jar:/Users/jamesstorr/.m2/repository/net/serenity-bdd/serenity-screenplay-webdriver/4.2.1/serenity-screenplay-webdriver-4.2.1.jar:/Users/jamesstorr/.m2/repository/net/serenity-bdd/serenity-rest-assured/4.2.1/serenity-rest-assured-4.2.1.jar:/Users/jamesstorr/.m2/repository/io/rest-assured/rest-assured/5.4.0/rest-assured-5.4.0.jar:/Users/jamesstorr/.m2/repository/org/ccil/cowan/tagsoup/tagsoup/1.2.1/tagsoup-1.2.1.jar:/Users/jamesstorr/.m2/repository/io/rest-assured/json-path/5.4.0/json-path-5.4.0.jar:/Users/jamesstorr/.m2/repository/io/rest-assured/rest-assured-common/5.4.0/rest-assured-common-5.4.0.jar:/Users/jamesstorr/.m2/repository/io/rest-assured/xml-path/5.4.0/xml-path-5.4.0.jar:/Users/jamesstorr/.m2/repository/org/apache/groovy/groovy-json/4.0.22/groovy-json-4.0.22.jar:/Users/jamesstorr/.m2/repository/org/apache/groovy/groovy-xml/4.0.22/groovy-xml-4.0.22.jar:/Users/jamesstorr/.m2/repository/org/opentest4j/opentest4j/1.3.0/opentest4j-1.3.0.jar:"/>
    <property name="java.vm.vendor" value="Homebrew"/>
    <property name="sun.arch.data.model" value="64"/>
    <property name="java.vendor.url" value="https://github.com/Homebrew/homebrew-core/issues"/>
    <property name="user.timezone" value="Europe/London"/>
    <property name="os.name" value="Mac OS X"/>
    <property name="java.vm.specification.version" value="22"/>
    <property name="sun.java.launcher" value="SUN_STANDARD"/>
    <property name="user.country" value="GB"/>
    <property name="sun.boot.library.path" value="/opt/homebrew/Cellar/openjdk/22.0.1/libexec/openjdk.jdk/Contents/Home/lib"/>
    <property name="sun.java.command" value="/Users/jamesstorr/Projects/serenity_bdd_example/target/surefire/surefirebooter-20240922121302553_3.jar /Users/jamesstorr/Projects/serenity_bdd_example/target/surefire 2024-09-22T12-13-02_461-jvmRun1 surefire-20240922121302553_1tmp surefire_0-20240922121302553_2tmp"/>
    <property name="http.nonProxyHosts" value="local|*.local|169.254/16|*.169.254/16"/>
    <property name="jdk.debug" value="release"/>
    <property name="surefire.test.class.path" value="/Users/jamesstorr/Projects/serenity_bdd_example/target/test-classes:/Users/jamesstorr/Projects/serenity_bdd_example/target/classes:/Users/jamesstorr/.m2/repository/org/springframework/boot/spring-boot-starter-web/3.3.3/spring-boot-starter-web-3.3.3.jar:/Users/jamesstorr/.m2/repository/org/springframework/boot/spring-boot-starter/3.3.3/spring-boot-starter-3.3.3.jar:/Users/jamesstorr/.m2/repository/org/springframework/boot/spring-boot-starter-logging/3.3.3/spring-boot-starter-logging-3.3.3.jar:/Users/jamesstorr/.m2/repository/ch/qos/logback/logback-classic/1.5.7/logback-classic-1.5.7.jar:/Users/jamesstorr/.m2/repository/ch/qos/logback/logback-core/1.5.7/logback-core-1.5.7.jar:/Users/jamesstorr/.m2/repository/org/apache/logging/log4j/log4j-to-slf4j/2.23.1/log4j-to-slf4j-2.23.1.jar:/Users/jamesstorr/.m2/repository/org/apache/logging/log4j/log4j-api/2.23.1/log4j-api-2.23.1.jar:/Users/jamesstorr/.m2/repository/org/slf4j/jul-to-slf4j/2.0.16/jul-to-slf4j-2.0.16.jar:/Users/jamesstorr/.m2/repository/jakarta/annotation/jakarta.annotation-api/2.1.1/jakarta.annotation-api-2.1.1.jar:/Users/jamesstorr/.m2/repository/org/yaml/snakeyaml/2.2/snakeyaml-2.2.jar:/Users/jamesstorr/.m2/repository/org/springframework/boot/spring-boot-starter-json/3.3.3/spring-boot-starter-json-3.3.3.jar:/Users/jamesstorr/.m2/repository/com/fasterxml/jackson/datatype/jackson-datatype-jdk8/2.17.2/jackson-datatype-jdk8-2.17.2.jar:/Users/jamesstorr/.m2/repository/com/fasterxml/jackson/datatype/jackson-datatype-jsr310/2.17.2/jackson-datatype-jsr310-2.17.2.jar:/Users/jamesstorr/.m2/repository/com/fasterxml/jackson/module/jackson-module-parameter-names/2.17.2/jackson-module-parameter-names-2.17.2.jar:/Users/jamesstorr/.m2/repository/org/springframework/boot/spring-boot-starter-tomcat/3.3.3/spring-boot-starter-tomcat-3.3.3.jar:/Users/jamesstorr/.m2/repository/org/apache/tomcat/embed/tomcat-embed-core/10.1.28/tomcat-embed-core-10.1.28.jar:/Users/jamesstorr/.m2/repository/org/apache/tomcat/embed/tomcat-embed-el/10.1.28/tomcat-embed-el-10.1.28.jar:/Users/jamesstorr/.m2/repository/org/apache/tomcat/embed/tomcat-embed-websocket/10.1.28/tomcat-embed-websocket-10.1.28.jar:/Users/jamesstorr/.m2/repository/org/springframework/spring-web/6.1.12/spring-web-6.1.12.jar:/Users/jamesstorr/.m2/repository/org/springframework/spring-beans/6.1.12/spring-beans-6.1.12.jar:/Users/jamesstorr/.m2/repository/io/micrometer/micrometer-observation/1.13.3/micrometer-observation-1.13.3.jar:/Users/jamesstorr/.m2/repository/io/micrometer/micrometer-commons/1.13.3/micrometer-commons-1.13.3.jar:/Users/jamesstorr/.m2/repository/org/springframework/spring-webmvc/6.1.12/spring-webmvc-6.1.12.jar:/Users/jamesstorr/.m2/repository/org/springframework/spring-aop/6.1.12/spring-aop-6.1.12.jar:/Users/jamesstorr/.m2/repository/org/springframework/spring-context/6.1.12/spring-context-6.1.12.jar:/Users/jamesstorr/.m2/repository/org/springframework/spring-expression/6.1.12/spring-expression-6.1.12.jar:/Users/jamesstorr/.m2/repository/org/springframework/boot/spring-boot-starter-webflux/3.3.3/spring-boot-starter-webflux-3.3.3.jar:/Users/jamesstorr/.m2/repository/org/springframework/boot/spring-boot-starter-reactor-netty/3.3.3/spring-boot-starter-reactor-netty-3.3.3.jar:/Users/jamesstorr/.m2/repository/io/projectreactor/netty/reactor-netty-http/1.1.22/reactor-netty-http-1.1.22.jar:/Users/jamesstorr/.m2/repository/io/netty/netty-codec-http/4.1.112.Final/netty-codec-http-4.1.112.Final.jar:/Users/jamesstorr/.m2/repository/io/netty/netty-common/4.1.112.Final/netty-common-4.1.112.Final.jar:/Users/jamesstorr/.m2/repository/io/netty/netty-buffer/4.1.112.Final/netty-buffer-4.1.112.Final.jar:/Users/jamesstorr/.m2/repository/io/netty/netty-transport/4.1.112.Final/netty-transport-4.1.112.Final.jar:/Users/jamesstorr/.m2/repository/io/netty/netty-codec/4.1.112.Final/netty-codec-4.1.112.Final.jar:/Users/jamesstorr/.m2/repository/io/netty/netty-handler/4.1.112.Final/netty-handler-4.1.112.Final.jar:/Users/jamesstorr/.m2/repository/io/netty/netty-codec-http2/4.1.112.Final/netty-codec-http2-4.1.112.Final.jar:/Users/jamesstorr/.m2/repository/io/netty/netty-resolver-dns/4.1.112.Final/netty-resolver-dns-4.1.112.Final.jar:/Users/jamesstorr/.m2/repository/io/netty/netty-resolver/4.1.112.Final/netty-resolver-4.1.112.Final.jar:/Users/jamesstorr/.m2/repository/io/netty/netty-codec-dns/4.1.112.Final/netty-codec-dns-4.1.112.Final.jar:/Users/jamesstorr/.m2/repository/io/netty/netty-resolver-dns-native-macos/4.1.112.Final/netty-resolver-dns-native-macos-4.1.112.Final-osx-x86_64.jar:/Users/jamesstorr/.m2/repository/io/netty/netty-resolver-dns-classes-macos/4.1.112.Final/netty-resolver-dns-classes-macos-4.1.112.Final.jar:/Users/jamesstorr/.m2/repository/io/netty/netty-transport-native-epoll/4.1.112.Final/netty-transport-native-epoll-4.1.112.Final-linux-x86_64.jar:/Users/jamesstorr/.m2/repository/io/netty/netty-transport-native-unix-common/4.1.112.Final/netty-transport-native-unix-common-4.1.112.Final.jar:/Users/jamesstorr/.m2/repository/io/netty/netty-transport-classes-epoll/4.1.112.Final/netty-transport-classes-epoll-4.1.112.Final.jar:/Users/jamesstorr/.m2/repository/io/projectreactor/netty/reactor-netty-core/1.1.22/reactor-netty-core-1.1.22.jar:/Users/jamesstorr/.m2/repository/io/netty/netty-handler-proxy/4.1.112.Final/netty-handler-proxy-4.1.112.Final.jar:/Users/jamesstorr/.m2/repository/io/netty/netty-codec-socks/4.1.112.Final/netty-codec-socks-4.1.112.Final.jar:/Users/jamesstorr/.m2/repository/org/springframework/spring-webflux/6.1.12/spring-webflux-6.1.12.jar:/Users/jamesstorr/.m2/repository/io/projectreactor/reactor-core/3.6.9/reactor-core-3.6.9.jar:/Users/jamesstorr/.m2/repository/org/reactivestreams/reactive-streams/1.0.4/reactive-streams-1.0.4.jar:/Users/jamesstorr/.m2/repository/org/springframework/boot/spring-boot-devtools/3.3.3/spring-boot-devtools-3.3.3.jar:/Users/jamesstorr/.m2/repository/org/springframework/boot/spring-boot/3.3.3/spring-boot-3.3.3.jar:/Users/jamesstorr/.m2/repository/org/springframework/boot/spring-boot-autoconfigure/3.3.3/spring-boot-autoconfigure-3.3.3.jar:/Users/jamesstorr/.m2/repository/org/projectlombok/lombok/1.18.34/lombok-1.18.34.jar:/Users/jamesstorr/.m2/repository/org/assertj/assertj-core/3.22.0/assertj-core-3.22.0.jar:/Users/jamesstorr/.m2/repository/org/springframework/boot/spring-boot-starter-test/3.3.3/spring-boot-starter-test-3.3.3.jar:/Users/jamesstorr/.m2/repository/org/springframework/boot/spring-boot-test/3.3.3/spring-boot-test-3.3.3.jar:/Users/jamesstorr/.m2/repository/org/springframework/boot/spring-boot-test-autoconfigure/3.3.3/spring-boot-test-autoconfigure-3.3.3.jar:/Users/jamesstorr/.m2/repository/com/jayway/jsonpath/json-path/2.9.0/json-path-2.9.0.jar:/Users/jamesstorr/.m2/repository/org/slf4j/slf4j-api/2.0.16/slf4j-api-2.0.16.jar:/Users/jamesstorr/.m2/repository/jakarta/xml/bind/jakarta.xml.bind-api/4.0.2/jakarta.xml.bind-api-4.0.2.jar:/Users/jamesstorr/.m2/repository/jakarta/activation/jakarta.activation-api/2.1.3/jakarta.activation-api-2.1.3.jar:/Users/jamesstorr/.m2/repository/net/minidev/json-smart/2.5.1/json-smart-2.5.1.jar:/Users/jamesstorr/.m2/repository/net/minidev/accessors-smart/2.5.1/accessors-smart-2.5.1.jar:/Users/jamesstorr/.m2/repository/org/ow2/asm/asm/9.6/asm-9.6.jar:/Users/jamesstorr/.m2/repository/org/awaitility/awaitility/4.2.2/awaitility-4.2.2.jar:/Users/jamesstorr/.m2/repository/org/hamcrest/hamcrest/2.2/hamcrest-2.2.jar:/Users/jamesstorr/.m2/repository/org/junit/jupiter/junit-jupiter/5.10.3/junit-jupiter-5.10.3.jar:/Users/jamesstorr/.m2/repository/org/mockito/mockito-core/5.11.0/mockito-core-5.11.0.jar:/Users/jamesstorr/.m2/repository/net/bytebuddy/byte-buddy/1.14.19/byte-buddy-1.14.19.jar:/Users/jamesstorr/.m2/repository/net/bytebuddy/byte-buddy-agent/1.14.19/byte-buddy-agent-1.14.19.jar:/Users/jamesstorr/.m2/repository/org/objenesis/objenesis/3.3/objenesis-3.3.jar:/Users/jamesstorr/.m2/repository/org/mockito/mockito-junit-jupiter/5.11.0/mockito-junit-jupiter-5.11.0.jar:/Users/jamesstorr/.m2/repository/org/skyscreamer/jsonassert/1.5.3/jsonassert-1.5.3.jar:/Users/jamesstorr/.m2/repository/com/vaadin/external/google/android-json/0.0.20131108.vaadin1/android-json-0.0.20131108.vaadin1.jar:/Users/jamesstorr/.m2/repository/org/springframework/spring-core/6.1.12/spring-core-6.1.12.jar:/Users/jamesstorr/.m2/repository/org/springframework/spring-jcl/6.1.12/spring-jcl-6.1.12.jar:/Users/jamesstorr/.m2/repository/org/springframework/spring-test/6.1.12/spring-test-6.1.12.jar:/Users/jamesstorr/.m2/repository/org/xmlunit/xmlunit-core/2.9.1/xmlunit-core-2.9.1.jar:/Users/jamesstorr/.m2/repository/net/serenity-bdd/serenity-core/4.2.1/serenity-core-4.2.1.jar:/Users/jamesstorr/.m2/repository/net/serenity-bdd/serenity-model/4.2.1/serenity-model-4.2.1.jar:/Users/jamesstorr/.m2/repository/org/apache/commons/commons-text/1.12.0/commons-text-1.12.0.jar:/Users/jamesstorr/.m2/repository/commons-net/commons-net/3.11.1/commons-net-3.11.1.jar:/Users/jamesstorr/.m2/repository/com/google/guava/guava/33.2.1-jre/guava-33.2.1-jre.jar:/Users/jamesstorr/.m2/repository/com/google/guava/failureaccess/1.0.2/failureaccess-1.0.2.jar:/Users/jamesstorr/.m2/repository/com/google/guava/listenablefuture/9999.0-empty-to-avoid-conflict-with-guava/listenablefuture-9999.0-empty-to-avoid-conflict-with-guava.jar:/Users/jamesstorr/.m2/repository/com/google/code/findbugs/jsr305/3.0.2/jsr305-3.0.2.jar:/Users/jamesstorr/.m2/repository/org/checkerframework/checker-qual/3.42.0/checker-qual-3.42.0.jar:/Users/jamesstorr/.m2/repository/com/google/errorprone/error_prone_annotations/2.26.1/error_prone_annotations-2.26.1.jar:/Users/jamesstorr/.m2/repository/com/google/j2objc/j2objc-annotations/3.0.0/j2objc-annotations-3.0.0.jar:/Users/jamesstorr/.m2/repository/org/jsoup/jsoup/1.15.4/jsoup-1.15.4.jar:/Users/jamesstorr/.m2/repository/com/thoughtworks/xstream/xstream/1.4.20/xstream-1.4.20.jar:/Users/jamesstorr/.m2/repository/io/github/x-stream/mxparser/1.2.2/mxparser-1.2.2.jar:/Users/jamesstorr/.m2/repository/xmlpull/xmlpull/1.1.3.1/xmlpull-1.1.3.1.jar:/Users/jamesstorr/.m2/repository/io/cucumber/cucumber-core/7.18.1/cucumber-core-7.18.1.jar:/Users/jamesstorr/.m2/repository/io/cucumber/cucumber-gherkin/7.18.1/cucumber-gherkin-7.18.1.jar:/Users/jamesstorr/.m2/repository/io/cucumber/cucumber-gherkin-messages/7.18.1/cucumber-gherkin-messages-7.18.1.jar:/Users/jamesstorr/.m2/repository/io/cucumber/gherkin/28.0.0/gherkin-28.0.0.jar:/Users/jamesstorr/.m2/repository/io/cucumber/messages/24.1.0/messages-24.1.0.jar:/Users/jamesstorr/.m2/repository/io/cucumber/testng-xml-formatter/0.2.0/testng-xml-formatter-0.2.0.jar:/Users/jamesstorr/.m2/repository/io/cucumber/query/12.2.0/query-12.2.0.jar:/Users/jamesstorr/.m2/repository/io/cucumber/tag-expressions/6.1.0/tag-expressions-6.1.0.jar:/Users/jamesstorr/.m2/repository/io/cucumber/cucumber-expressions/17.1.0/cucumber-expressions-17.1.0.jar:/Users/jamesstorr/.m2/repository/io/cucumber/datatable/7.18.1/datatable-7.18.1.jar:/Users/jamesstorr/.m2/repository/io/cucumber/cucumber-plugin/7.18.1/cucumber-plugin-7.18.1.jar:/Users/jamesstorr/.m2/repository/io/cucumber/docstring/7.18.1/docstring-7.18.1.jar:/Users/jamesstorr/.m2/repository/io/cucumber/html-formatter/21.4.1/html-formatter-21.4.1.jar:/Users/jamesstorr/.m2/repository/io/cucumber/junit-xml-formatter/0.5.0/junit-xml-formatter-0.5.0.jar:/Users/jamesstorr/.m2/repository/io/cucumber/ci-environment/10.0.1/ci-environment-10.0.1.jar:/Users/jamesstorr/.m2/repository/io/cucumber/cucumber-java/7.18.1/cucumber-java-7.18.1.jar:/Users/jamesstorr/.m2/repository/com/typesafe/config/1.4.3/config-1.4.3.jar:/Users/jamesstorr/.m2/repository/org/imgscalr/imgscalr-lib/4.2/imgscalr-lib-4.2.jar:/Users/jamesstorr/.m2/repository/org/freemarker/freemarker/2.3.33/freemarker-2.3.33.jar:/Users/jamesstorr/.m2/repository/io/github/classgraph/classgraph/4.8.157/classgraph-4.8.157.jar:/Users/jamesstorr/.m2/repository/com/github/ben-manes/caffeine/caffeine/3.1.8/caffeine-3.1.8.jar:/Users/jamesstorr/.m2/repository/org/ehcache/ehcache/3.10.8/ehcache-3.10.8.jar:/Users/jamesstorr/.m2/repository/javax/cache/cache-api/1.1.1/cache-api-1.1.1.jar:/Users/jamesstorr/.m2/repository/net/sourceforge/jexcelapi/jxl/2.6.12/jxl-2.6.12.jar:/Users/jamesstorr/.m2/repository/com/vladsch/flexmark/flexmark-all/0.64.8/flexmark-all-0.64.8.jar:/Users/jamesstorr/.m2/repository/com/vladsch/flexmark/flexmark/0.64.8/flexmark-0.64.8.jar:/Users/jamesstorr/.m2/repository/com/vladsch/flexmark/flexmark-ext-abbreviation/0.64.8/flexmark-ext-abbreviation-0.64.8.jar:/Users/jamesstorr/.m2/repository/com/vladsch/flexmark/flexmark-ext-admonition/0.64.8/flexmark-ext-admonition-0.64.8.jar:/Users/jamesstorr/.m2/repository/com/vladsch/flexmark/flexmark-ext-anchorlink/0.64.8/flexmark-ext-anchorlink-0.64.8.jar:/Users/jamesstorr/.m2/repository/com/vladsch/flexmark/flexmark-ext-aside/0.64.8/flexmark-ext-aside-0.64.8.jar:/Users/jamesstorr/.m2/repository/com/vladsch/flexmark/flexmark-ext-attributes/0.64.8/flexmark-ext-attributes-0.64.8.jar:/Users/jamesstorr/.m2/repository/com/vladsch/flexmark/flexmark-ext-autolink/0.64.8/flexmark-ext-autolink-0.64.8.jar:/Users/jamesstorr/.m2/repository/org/nibor/autolink/autolink/0.6.0/autolink-0.6.0.jar:/Users/jamesstorr/.m2/repository/com/vladsch/flexmark/flexmark-ext-definition/0.64.8/flexmark-ext-definition-0.64.8.jar:/Users/jamesstorr/.m2/repository/com/vladsch/flexmark/flexmark-ext-emoji/0.64.8/flexmark-ext-emoji-0.64.8.jar:/Users/jamesstorr/.m2/repository/com/vladsch/flexmark/flexmark-ext-enumerated-reference/0.64.8/flexmark-ext-enumerated-reference-0.64.8.jar:/Users/jamesstorr/.m2/repository/com/vladsch/flexmark/flexmark-ext-escaped-character/0.64.8/flexmark-ext-escaped-character-0.64.8.jar:/Users/jamesstorr/.m2/repository/com/vladsch/flexmark/flexmark-ext-footnotes/0.64.8/flexmark-ext-footnotes-0.64.8.jar:/Users/jamesstorr/.m2/repository/com/vladsch/flexmark/flexmark-ext-gfm-issues/0.64.8/flexmark-ext-gfm-issues-0.64.8.jar:/Users/jamesstorr/.m2/repository/com/vladsch/flexmark/flexmark-ext-gfm-strikethrough/0.64.8/flexmark-ext-gfm-strikethrough-0.64.8.jar:/Users/jamesstorr/.m2/repository/com/vladsch/flexmark/flexmark-ext-gfm-tasklist/0.64.8/flexmark-ext-gfm-tasklist-0.64.8.jar:/Users/jamesstorr/.m2/repository/com/vladsch/flexmark/flexmark-ext-gfm-users/0.64.8/flexmark-ext-gfm-users-0.64.8.jar:/Users/jamesstorr/.m2/repository/com/vladsch/flexmark/flexmark-ext-gitlab/0.64.8/flexmark-ext-gitlab-0.64.8.jar:/Users/jamesstorr/.m2/repository/com/vladsch/flexmark/flexmark-ext-jekyll-front-matter/0.64.8/flexmark-ext-jekyll-front-matter-0.64.8.jar:/Users/jamesstorr/.m2/repository/com/vladsch/flexmark/flexmark-ext-jekyll-tag/0.64.8/flexmark-ext-jekyll-tag-0.64.8.jar:/Users/jamesstorr/.m2/repository/com/vladsch/flexmark/flexmark-ext-media-tags/0.64.8/flexmark-ext-media-tags-0.64.8.jar:/Users/jamesstorr/.m2/repository/com/vladsch/flexmark/flexmark-ext-macros/0.64.8/flexmark-ext-macros-0.64.8.jar:/Users/jamesstorr/.m2/repository/com/vladsch/flexmark/flexmark-ext-ins/0.64.8/flexmark-ext-ins-0.64.8.jar:/Users/jamesstorr/.m2/repository/com/vladsch/flexmark/flexmark-ext-xwiki-macros/0.64.8/flexmark-ext-xwiki-macros-0.64.8.jar:/Users/jamesstorr/.m2/repository/com/vladsch/flexmark/flexmark-ext-superscript/0.64.8/flexmark-ext-superscript-0.64.8.jar:/Users/jamesstorr/.m2/repository/com/vladsch/flexmark/flexmark-ext-toc/0.64.8/flexmark-ext-toc-0.64.8.jar:/Users/jamesstorr/.m2/repository/com/vladsch/flexmark/flexmark-ext-typographic/0.64.8/flexmark-ext-typographic-0.64.8.jar:/Users/jamesstorr/.m2/repository/com/vladsch/flexmark/flexmark-ext-wikilink/0.64.8/flexmark-ext-wikilink-0.64.8.jar:/Users/jamesstorr/.m2/repository/com/vladsch/flexmark/flexmark-ext-yaml-front-matter/0.64.8/flexmark-ext-yaml-front-matter-0.64.8.jar:/Users/jamesstorr/.m2/repository/com/vladsch/flexmark/flexmark-ext-youtube-embedded/0.64.8/flexmark-ext-youtube-embedded-0.64.8.jar:/Users/jamesstorr/.m2/repository/com/vladsch/flexmark/flexmark-html2md-converter/0.64.8/flexmark-html2md-converter-0.64.8.jar:/Users/jamesstorr/.m2/repository/com/vladsch/flexmark/flexmark-jira-converter/0.64.8/flexmark-jira-converter-0.64.8.jar:/Users/jamesstorr/.m2/repository/com/vladsch/flexmark/flexmark-pdf-converter/0.64.8/flexmark-pdf-converter-0.64.8.jar:/Users/jamesstorr/.m2/repository/com/openhtmltopdf/openhtmltopdf-core/1.0.10/openhtmltopdf-core-1.0.10.jar:/Users/jamesstorr/.m2/repository/com/openhtmltopdf/openhtmltopdf-pdfbox/1.0.10/openhtmltopdf-pdfbox-1.0.10.jar:/Users/jamesstorr/.m2/repository/org/apache/pdfbox/pdfbox/2.0.24/pdfbox-2.0.24.jar:/Users/jamesstorr/.m2/repository/org/apache/pdfbox/fontbox/2.0.24/fontbox-2.0.24.jar:/Users/jamesstorr/.m2/repository/org/apache/pdfbox/xmpbox/2.0.24/xmpbox-2.0.24.jar:/Users/jamesstorr/.m2/repository/de/rototor/pdfbox/graphics2d/0.32/graphics2d-0.32.jar:/Users/jamesstorr/.m2/repository/com/openhtmltopdf/openhtmltopdf-rtl-support/1.0.10/openhtmltopdf-rtl-support-1.0.10.jar:/Users/jamesstorr/.m2/repository/com/vladsch/flexmark/flexmark-profile-pegdown/0.64.8/flexmark-profile-pegdown-0.64.8.jar:/Users/jamesstorr/.m2/repository/com/vladsch/flexmark/flexmark-util-ast/0.64.8/flexmark-util-ast-0.64.8.jar:/Users/jamesstorr/.m2/repository/com/vladsch/flexmark/flexmark-util-builder/0.64.8/flexmark-util-builder-0.64.8.jar:/Users/jamesstorr/.m2/repository/com/vladsch/flexmark/flexmark-util-collection/0.64.8/flexmark-util-collection-0.64.8.jar:/Users/jamesstorr/.m2/repository/com/vladsch/flexmark/flexmark-util-data/0.64.8/flexmark-util-data-0.64.8.jar:/Users/jamesstorr/.m2/repository/com/vladsch/flexmark/flexmark-util-dependency/0.64.8/flexmark-util-dependency-0.64.8.jar:/Users/jamesstorr/.m2/repository/com/vladsch/flexmark/flexmark-util-format/0.64.8/flexmark-util-format-0.64.8.jar:/Users/jamesstorr/.m2/repository/com/vladsch/flexmark/flexmark-util-html/0.64.8/flexmark-util-html-0.64.8.jar:/Users/jamesstorr/.m2/repository/com/vladsch/flexmark/flexmark-util-misc/0.64.8/flexmark-util-misc-0.64.8.jar:/Users/jamesstorr/.m2/repository/com/vladsch/flexmark/flexmark-util-options/0.64.8/flexmark-util-options-0.64.8.jar:/Users/jamesstorr/.m2/repository/com/vladsch/flexmark/flexmark-util-sequence/0.64.8/flexmark-util-sequence-0.64.8.jar:/Users/jamesstorr/.m2/repository/com/vladsch/flexmark/flexmark-util-visitor/0.64.8/flexmark-util-visitor-0.64.8.jar:/Users/jamesstorr/.m2/repository/com/vladsch/flexmark/flexmark-youtrack-converter/0.64.8/flexmark-youtrack-converter-0.64.8.jar:/Users/jamesstorr/.m2/repository/com/vladsch/flexmark/flexmark-ext-resizable-image/0.64.8/flexmark-ext-resizable-image-0.64.8.jar:/Users/jamesstorr/.m2/repository/com/vladsch/flexmark/flexmark-ext-tables/0.64.8/flexmark-ext-tables-0.64.8.jar:/Users/jamesstorr/.m2/repository/com/vladsch/flexmark/flexmark-util/0.64.8/flexmark-util-0.64.8.jar:/Users/jamesstorr/.m2/repository/net/serenity-bdd/serenity-reports/4.2.1/serenity-reports-4.2.1.jar:/Users/jamesstorr/.m2/repository/net/serenity-bdd/serenity-stats/4.2.1/serenity-stats-4.2.1.jar:/Users/jamesstorr/.m2/repository/net/serenity-bdd/serenity-reports-configuration/4.2.1/serenity-reports-configuration-4.2.1.jar:/Users/jamesstorr/.m2/repository/com/ibm/icu/icu4j/72.1/icu4j-72.1.jar:/Users/jamesstorr/.m2/repository/es/nitaur/markdown/txtmark/0.16/txtmark-0.16.jar:/Users/jamesstorr/.m2/repository/net/serenity-bdd/serenity-report-resources/4.2.1/serenity-report-resources-4.2.1.jar:/Users/jamesstorr/.m2/repository/com/google/code/gson/gson/2.10.1/gson-2.10.1.jar:/Users/jamesstorr/.m2/repository/com/fasterxml/jackson/core/jackson-core/2.17.2/jackson-core-2.17.2.jar:/Users/jamesstorr/.m2/repository/com/fasterxml/jackson/core/jackson-databind/2.17.2/jackson-databind-2.17.2.jar:/Users/jamesstorr/.m2/repository/com/fasterxml/jackson/core/jackson-annotations/2.17.2/jackson-annotations-2.17.2.jar:/Users/jamesstorr/.m2/repository/commons-codec/commons-codec/1.16.1/commons-codec-1.16.1.jar:/Users/jamesstorr/.m2/repository/commons-io/commons-io/2.16.1/commons-io-2.16.1.jar:/Users/jamesstorr/.m2/repository/org/apache/httpcomponents/httpclient/4.5.13/httpclient-4.5.13.jar:/Users/jamesstorr/.m2/repository/org/apache/httpcomponents/httpcore/4.4.16/httpcore-4.4.16.jar:/Users/jamesstorr/.m2/repository/commons-logging/commons-logging/1.2/commons-logging-1.2.jar:/Users/jamesstorr/.m2/repository/org/seleniumhq/selenium/selenium-java/4.19.1/selenium-java-4.19.1.jar:/Users/jamesstorr/.m2/repository/org/seleniumhq/selenium/selenium-devtools-v121/4.19.1/selenium-devtools-v121-4.19.1.jar:/Users/jamesstorr/.m2/repository/org/seleniumhq/selenium/selenium-devtools-v122/4.19.1/selenium-devtools-v122-4.19.1.jar:/Users/jamesstorr/.m2/repository/org/seleniumhq/selenium/selenium-devtools-v123/4.19.1/selenium-devtools-v123-4.19.1.jar:/Users/jamesstorr/.m2/repository/org/seleniumhq/selenium/selenium-devtools-v85/4.19.1/selenium-devtools-v85-4.19.1.jar:/Users/jamesstorr/.m2/repository/org/seleniumhq/selenium/selenium-remote-driver/4.19.1/selenium-remote-driver-4.19.1.jar:/Users/jamesstorr/.m2/repository/io/opentelemetry/semconv/opentelemetry-semconv/1.23.1-alpha/opentelemetry-semconv-1.23.1-alpha.jar:/Users/jamesstorr/.m2/repository/io/opentelemetry/opentelemetry-api/1.37.0/opentelemetry-api-1.37.0.jar:/Users/jamesstorr/.m2/repository/io/opentelemetry/opentelemetry-context/1.37.0/opentelemetry-context-1.37.0.jar:/Users/jamesstorr/.m2/repository/io/opentelemetry/opentelemetry-exporter-logging/1.37.0/opentelemetry-exporter-logging-1.37.0.jar:/Users/jamesstorr/.m2/repository/io/opentelemetry/opentelemetry-sdk-common/1.37.0/opentelemetry-sdk-common-1.37.0.jar:/Users/jamesstorr/.m2/repository/io/opentelemetry/opentelemetry-sdk-extension-autoconfigure-spi/1.37.0/opentelemetry-sdk-extension-autoconfigure-spi-1.37.0.jar:/Users/jamesstorr/.m2/repository/io/opentelemetry/opentelemetry-sdk-extension-autoconfigure/1.37.0/opentelemetry-sdk-extension-autoconfigure-1.37.0.jar:/Users/jamesstorr/.m2/repository/io/opentelemetry/opentelemetry-api-incubator/1.37.0-alpha/opentelemetry-api-incubator-1.37.0-alpha.jar:/Users/jamesstorr/.m2/repository/io/opentelemetry/opentelemetry-sdk-trace/1.37.0/opentelemetry-sdk-trace-1.37.0.jar:/Users/jamesstorr/.m2/repository/io/opentelemetry/opentelemetry-sdk/1.37.0/opentelemetry-sdk-1.37.0.jar:/Users/jamesstorr/.m2/repository/io/opentelemetry/opentelemetry-sdk-metrics/1.37.0/opentelemetry-sdk-metrics-1.37.0.jar:/Users/jamesstorr/.m2/repository/io/opentelemetry/opentelemetry-sdk-logs/1.37.0/opentelemetry-sdk-logs-1.37.0.jar:/Users/jamesstorr/.m2/repository/org/seleniumhq/selenium/selenium-os/4.19.1/selenium-os-4.19.1.jar:/Users/jamesstorr/.m2/repository/org/apache/commons/commons-exec/1.3/commons-exec-1.3.jar:/Users/jamesstorr/.m2/repository/org/seleniumhq/selenium/selenium-safari-driver/4.19.1/selenium-safari-driver-4.19.1.jar:/Users/jamesstorr/.m2/repository/org/seleniumhq/selenium/selenium-api/4.19.1/selenium-api-4.19.1.jar:/Users/jamesstorr/.m2/repository/org/seleniumhq/selenium/selenium-support/4.19.1/selenium-support-4.19.1.jar:/Users/jamesstorr/.m2/repository/com/google/auto/service/auto-service-annotations/1.1.1/auto-service-annotations-1.1.1.jar:/Users/jamesstorr/.m2/repository/org/seleniumhq/selenium/selenium-json/4.19.1/selenium-json-4.19.1.jar:/Users/jamesstorr/.m2/repository/org/seleniumhq/selenium/selenium-chrome-driver/4.19.1/selenium-chrome-driver-4.19.1.jar:/Users/jamesstorr/.m2/repository/org/seleniumhq/selenium/selenium-chromium-driver/4.19.1/selenium-chromium-driver-4.19.1.jar:/Users/jamesstorr/.m2/repository/org/seleniumhq/selenium/selenium-manager/4.19.1/selenium-manager-4.19.1.jar:/Users/jamesstorr/.m2/repository/org/seleniumhq/selenium/selenium-firefox-driver/4.19.1/selenium-firefox-driver-4.19.1.jar:/Users/jamesstorr/.m2/repository/org/seleniumhq/selenium/selenium-http/4.19.1/selenium-http-4.19.1.jar:/Users/jamesstorr/.m2/repository/dev/failsafe/failsafe/3.3.2/failsafe-3.3.2.jar:/Users/jamesstorr/.m2/repository/org/seleniumhq/selenium/selenium-edge-driver/4.19.1/selenium-edge-driver-4.19.1.jar:/Users/jamesstorr/.m2/repository/org/seleniumhq/selenium/selenium-ie-driver/4.19.1/selenium-ie-driver-4.19.1.jar:/Users/jamesstorr/.m2/repository/org/htmlunit/htmlunit/4.4.0/htmlunit-4.4.0.jar:/Users/jamesstorr/.m2/repository/org/apache/httpcomponents/httpmime/4.5.14/httpmime-4.5.14.jar:/Users/jamesstorr/.m2/repository/org/htmlunit/htmlunit-core-js/4.4.0/htmlunit-core-js-4.4.0.jar:/Users/jamesstorr/.m2/repository/org/htmlunit/neko-htmlunit/4.4.0/neko-htmlunit-4.4.0.jar:/Users/jamesstorr/.m2/repository/org/htmlunit/htmlunit-cssparser/4.4.0/htmlunit-cssparser-4.4.0.jar:/Users/jamesstorr/.m2/repository/org/htmlunit/htmlunit-xpath/4.4.0/htmlunit-xpath-4.4.0.jar:/Users/jamesstorr/.m2/repository/org/htmlunit/htmlunit-csp/4.4.0/htmlunit-csp-4.4.0.jar:/Users/jamesstorr/.m2/repository/org/htmlunit/htmlunit-websocket-client/4.4.0/htmlunit-websocket-client-4.4.0.jar:/Users/jamesstorr/.m2/repository/org/brotli/dec/0.1.2/dec-0.1.2.jar:/Users/jamesstorr/.m2/repository/org/seleniumhq/selenium/htmlunit3-driver/4.23.0/htmlunit3-driver-4.23.0.jar:/Users/jamesstorr/.m2/repository/io/appium/java-client/9.3.0/java-client-9.3.0.jar:/Users/jamesstorr/.m2/repository/org/apache/groovy/groovy/4.0.22/groovy-4.0.22.jar:/Users/jamesstorr/.m2/repository/net/sf/opencsv/opencsv/2.1/opencsv-2.1.jar:/Users/jamesstorr/.m2/repository/org/apache/commons/commons-lang3/3.14.0/commons-lang3-3.14.0.jar:/Users/jamesstorr/.m2/repository/org/apache/commons/commons-compress/1.27.0/commons-compress-1.27.0.jar:/Users/jamesstorr/.m2/repository/org/fluentlenium/fluentlenium-core/0.10.2/fluentlenium-core-0.10.2.jar:/Users/jamesstorr/.m2/repository/com/jhlabs/filters/2.0.235/filters-2.0.235.jar:/Users/jamesstorr/.m2/repository/com/paulhammant/ngwebdriver/1.2/ngwebdriver-1.2.jar:/Users/jamesstorr/.m2/repository/joda-time/joda-time/2.12.7/joda-time-2.12.7.jar:/Users/jamesstorr/.m2/repository/com/google/jimfs/jimfs/1.3.0/jimfs-1.3.0.jar:/Users/jamesstorr/.m2/repository/javax/xml/bind/jaxb-api/2.3.1/jaxb-api-2.3.1.jar:/Users/jamesstorr/.m2/repository/javax/activation/javax.activation-api/1.2.0/javax.activation-api-1.2.0.jar:/Users/jamesstorr/.m2/repository/com/sun/xml/bind/jaxb-core/4.0.5/jaxb-core-4.0.5.jar:/Users/jamesstorr/.m2/repository/org/eclipse/angus/angus-activation/2.0.2/angus-activation-2.0.2.jar:/Users/jamesstorr/.m2/repository/com/sun/xml/bind/jaxb-impl/4.0.5/jaxb-impl-4.0.5.jar:/Users/jamesstorr/.m2/repository/javax/activation/activation/1.1.1/activation-1.1.1.jar:/Users/jamesstorr/.m2/repository/net/serenity-bdd/serenity-junit5/4.2.1/serenity-junit5-4.2.1.jar:/Users/jamesstorr/.m2/repository/org/junit/jupiter/junit-jupiter-api/5.10.3/junit-jupiter-api-5.10.3.jar:/Users/jamesstorr/.m2/repository/org/junit/platform/junit-platform-commons/1.10.3/junit-platform-commons-1.10.3.jar:/Users/jamesstorr/.m2/repository/org/apiguardian/apiguardian-api/1.1.2/apiguardian-api-1.1.2.jar:/Users/jamesstorr/.m2/repository/org/junit/jupiter/junit-jupiter-engine/5.10.3/junit-jupiter-engine-5.10.3.jar:/Users/jamesstorr/.m2/repository/org/junit/platform/junit-platform-engine/1.10.3/junit-platform-engine-1.10.3.jar:/Users/jamesstorr/.m2/repository/org/junit/jupiter/junit-jupiter-params/5.10.3/junit-jupiter-params-5.10.3.jar:/Users/jamesstorr/.m2/repository/org/junit/platform/junit-platform-launcher/1.10.3/junit-platform-launcher-1.10.3.jar:/Users/jamesstorr/.m2/repository/net/serenity-bdd/serenity-screenplay/4.2.1/serenity-screenplay-4.2.1.jar:/Users/jamesstorr/.m2/repository/net/serenity-bdd/serenity-ensure/4.2.1/serenity-ensure-4.2.1.jar:/Users/jamesstorr/.m2/repository/org/jetbrains/kotlin/kotlin-stdlib/1.9.25/kotlin-stdlib-1.9.25.jar:/Users/jamesstorr/.m2/repository/org/jetbrains/annotations/13.0/annotations-13.0.jar:/Users/jamesstorr/.m2/repository/net/serenity-bdd/serenity-screenplay-webdriver/4.2.1/serenity-screenplay-webdriver-4.2.1.jar:/Users/jamesstorr/.m2/repository/net/serenity-bdd/serenity-rest-assured/4.2.1/serenity-rest-assured-4.2.1.jar:/Users/jamesstorr/.m2/repository/io/rest-assured/rest-assured/5.4.0/rest-assured-5.4.0.jar:/Users/jamesstorr/.m2/repository/org/ccil/cowan/tagsoup/tagsoup/1.2.1/tagsoup-1.2.1.jar:/Users/jamesstorr/.m2/repository/io/rest-assured/json-path/5.4.0/json-path-5.4.0.jar:/Users/jamesstorr/.m2/repository/io/rest-assured/rest-assured-common/5.4.0/rest-assured-common-5.4.0.jar:/Users/jamesstorr/.m2/repository/io/rest-assured/xml-path/5.4.0/xml-path-5.4.0.jar:/Users/jamesstorr/.m2/repository/org/apache/groovy/groovy-json/4.0.22/groovy-json-4.0.22.jar:/Users/jamesstorr/.m2/repository/org/apache/groovy/groovy-xml/4.0.22/groovy-xml-4.0.22.jar:/Users/jamesstorr/.m2/repository/org/opentest4j/opentest4j/1.3.0/opentest4j-1.3.0.jar:"/>
    <property name="sun.cpu.endian" value="little"/>
    <property name="user.home" value="/Users/jamesstorr"/>
    <property name="user.language" value="en"/>
    <property name="java.specification.vendor" value="Oracle Corporation"/>
    <property name="java.version.date" value="2024-04-16"/>
    <property name="java.home" value="/opt/homebrew/Cellar/openjdk/22.0.1/libexec/openjdk.jdk/Contents/Home"/>
    <property name="file.separator" value="/"/>
    <property name="basedir" value="/Users/jamesstorr/Projects/serenity_bdd_example"/>
    <property name="java.vm.compressedOopsMode" value="Zero based"/>
    <property name="line.separator" value="&#10;"/>
    <property name="java.vm.specification.vendor" value="Oracle Corporation"/>
    <property name="java.specification.name" value="Java Platform API Specification"/>
    <property name="apple.awt.application.name" value="ForkedBooter"/>
    <property name="surefire.real.class.path" value="/Users/jamesstorr/Projects/serenity_bdd_example/target/surefire/surefirebooter-20240922121302553_3.jar"/>
    <property name="sun.management.compiler" value="HotSpot 64-Bit Tiered Compilers"/>
    <property name="ftp.nonProxyHosts" value="local|*.local|169.254/16|*.169.254/16"/>
    <property name="java.runtime.version" value="22.0.1"/>
    <property name="user.name" value="jamesstorr"/>
    <property name="stdout.encoding" value="UTF-8"/>
    <property name="path.separator" value=":"/>
    <property name="os.version" value="14.0"/>
    <property name="java.runtime.name" value="OpenJDK Runtime Environment"/>
    <property name="file.encoding" value="UTF-8"/>
    <property name="java.vm.name" value="OpenJDK 64-Bit Server VM"/>
    <property name="java.vendor.version" value="Homebrew"/>
    <property name="localRepository" value="/Users/jamesstorr/.m2/repository"/>
    <property name="java.vendor.url.bug" value="https://github.com/Homebrew/homebrew-core/issues"/>
    <property name="java.io.tmpdir" value="/var/folders/_m/qgzp9lwj3dl70mv1k64pnv3c0000gn/T/"/>
    <property name="java.version" value="22.0.1"/>
    <property name="user.dir" value="/Users/jamesstorr/Projects/serenity_bdd_example"/>
    <property name="os.arch" value="aarch64"/>
    <property name="java.vm.specification.name" value="Java Virtual Machine Specification"/>
    <property name="native.encoding" value="UTF-8"/>
    <property name="java.library.path" value="/Users/jamesstorr/Library/Java/Extensions:/Library/Java/Extensions:/Network/Library/Java/Extensions:/System/Library/Java/Extensions:/usr/lib/java:."/>
    <property name="java.vm.info" value="mixed mode, sharing"/>
    <property name="stderr.encoding" value="UTF-8"/>
    <property name="java.vendor" value="Homebrew"/>
    <property name="java.vm.version" value="22.0.1"/>
    <property name="sun.io.unicode.encoding" value="UnicodeBig"/>
    <property name="socksNonProxyHosts" value="local|*.local|169.254/16|*.169.254/16"/>
    <property name="java.class.version" value="66.0"/>
  </properties>
  <testcase name="shouldPass" classname="com.jamesstorr.jokes_service.acceptancetests.SimpleTest" time="0.006">
    <system-out><![CDATA[12:13:03.310 [ForkJoinPool-1-worker-1] INFO net.thucydides.core.steps.StepEventBus -- Loading JUnit Platform configuration parameters from classpath resource [junit-platform.properties].
12:13:03.452 [ForkJoinPool-1-worker-1] INFO  -- 

-------------------------------------------------------------------------------------
     _______. _______ .______       _______ .__   __.  __  .___________.____    ____ 
    /       ||   ____||   _  \     |   ____||  \ |  | |  | |           |\   \  /   / 
   |   (----`|  |__   |  |_)  |    |  |__   |   \|  | |  | `---|  |----` \   \/   /  
    \   \    |   __|  |      /     |   __|  |  . `  | |  |     |  |       \_    _/   
.----)   |   |  |____ |  |\  \----.|  |____ |  |\   | |  |     |  |         |  |     
|_______/    |_______|| _| `._____||_______||__| \__| |__|     |__|         |__|    
                                                                                     
 News and tutorials at https://serenity-bdd.info                                     
 Documentation at https://serenity-bdd.github.io                                     
 Test Automation Training and Coaching: https://www.serenity-dojo.com                
 Commercial Support: https://www.serenity-dojo.com/serenity-bdd-enterprise-support   
 Join the Serenity Community on Gitter: https://gitter.im/serenity-bdd/serenity-core 
-------------------------------------------------------------------------------------

12:13:03.457 [ForkJoinPool-1-worker-1] INFO  -- Test Suite Started: SimpleTest
12:13:03.502 [ForkJoinPool-1-worker-1] INFO  -- 
  _____   ___   ___   _____     ___   _____     _     ___   _____   ___   ___  
 |_   _| | __| / __| |_   _|   / __| |_   _|   /_\   | _ \ |_   _| | __| |   \ 
   | |   | _|  \__ \   | |     \__ \   | |    / _ \  |   /   | |   | _|  | |) |
   |_|   |___| |___/   |_|     |___/   |_|   /_/ \_\ |_|_\   |_|   |___| |___/ 

shouldPass()([engine:junit-jupiter]/[class:com.jamesstorr.jokes_service.acceptancetests.SimpleTest]/[method:shouldPass()])
--------------------------------------------------------------------------------
Simple test running
]]></system-out>
    <system-err><![CDATA[WARNING: A Java agent has been loaded dynamically (/Users/jamesstorr/.m2/repository/net/bytebuddy/byte-buddy-agent/1.14.19/byte-buddy-agent-1.14.19.jar)
WARNING: If a serviceability tool is in use, please run with -XX:+EnableDynamicAgentLoading to hide this warning
WARNING: If a serviceability tool is not in use, please run with -Djdk.instrument.traceUsage for more information
WARNING: Dynamic loading of agents will be disallowed by default in a future release
]]></system-err>
  </testcase>
</testsuite>