<?xml version="1.0" encoding="UTF-8"?>
<testsuite xmlns:xsi="http://www.w3.org/2001/XMLSchema-instance" xsi:noNamespaceSchemaLocation="https://maven.apache.org/surefire/maven-failsafe-plugin/xsd/failsafe-test-report-3.0.xsd" version="3.0" name="com.jamesstorr.jokes_service.bdd.runner.SpringRunnerTests" time="4.897" tests="2" errors="0" skipped="0" failures="0">
  <properties>
    <property name="java.specification.version" value="17"/>
    <property name="sun.jnu.encoding" value="UTF-8"/>
    <property name="java.class.path" value="/Users/jamesstorr/Personal_Projects/serenity_bdd_example/target/test-classes:/Users/jamesstorr/Personal_Projects/serenity_bdd_example/target/classes:/Users/jamesstorr/.m2/repository/org/springframework/boot/spring-boot-starter/3.3.3/spring-boot-starter-3.3.3.jar:/Users/jamesstorr/.m2/repository/org/springframework/boot/spring-boot/3.3.3/spring-boot-3.3.3.jar:/Users/jamesstorr/.m2/repository/org/springframework/boot/spring-boot-autoconfigure/3.3.3/spring-boot-autoconfigure-3.3.3.jar:/Users/jamesstorr/.m2/repository/org/springframework/boot/spring-boot-starter-logging/3.3.3/spring-boot-starter-logging-3.3.3.jar:/Users/jamesstorr/.m2/repository/ch/qos/logback/logback-classic/1.5.7/logback-classic-1.5.7.jar:/Users/jamesstorr/.m2/repository/ch/qos/logback/logback-core/1.5.7/logback-core-1.5.7.jar:/Users/jamesstorr/.m2/repository/org/apache/logging/log4j/log4j-to-slf4j/2.23.1/log4j-to-slf4j-2.23.1.jar:/Users/jamesstorr/.m2/repository/org/apache/logging/log4j/log4j-api/2.23.1/log4j-api-2.23.1.jar:/Users/jamesstorr/.m2/repository/org/slf4j/jul-to-slf4j/2.0.16/jul-to-slf4j-2.0.16.jar:/Users/jamesstorr/.m2/repository/jakarta/annotation/jakarta.annotation-api/2.1.1/jakarta.annotation-api-2.1.1.jar:/Users/jamesstorr/.m2/repository/org/springframework/spring-core/6.1.12/spring-core-6.1.12.jar:/Users/jamesstorr/.m2/repository/org/springframework/spring-jcl/6.1.12/spring-jcl-6.1.12.jar:/Users/jamesstorr/.m2/repository/org/yaml/snakeyaml/2.2/snakeyaml-2.2.jar:/Users/jamesstorr/.m2/repository/org/springframework/boot/spring-boot-starter-test/3.3.3/spring-boot-starter-test-3.3.3.jar:/Users/jamesstorr/.m2/repository/org/springframework/boot/spring-boot-test/3.3.3/spring-boot-test-3.3.3.jar:/Users/jamesstorr/.m2/repository/org/springframework/boot/spring-boot-test-autoconfigure/3.3.3/spring-boot-test-autoconfigure-3.3.3.jar:/Users/jamesstorr/.m2/repository/com/jayway/jsonpath/json-path/2.9.0/json-path-2.9.0.jar:/Users/jamesstorr/.m2/repository/org/slf4j/slf4j-api/2.0.16/slf4j-api-2.0.16.jar:/Users/jamesstorr/.m2/repository/jakarta/xml/bind/jakarta.xml.bind-api/4.0.2/jakarta.xml.bind-api-4.0.2.jar:/Users/jamesstorr/.m2/repository/jakarta/activation/jakarta.activation-api/2.1.3/jakarta.activation-api-2.1.3.jar:/Users/jamesstorr/.m2/repository/net/minidev/json-smart/2.5.1/json-smart-2.5.1.jar:/Users/jamesstorr/.m2/repository/net/minidev/accessors-smart/2.5.1/accessors-smart-2.5.1.jar:/Users/jamesstorr/.m2/repository/org/ow2/asm/asm/9.6/asm-9.6.jar:/Users/jamesstorr/.m2/repository/org/assertj/assertj-core/3.25.3/assertj-core-3.25.3.jar:/Users/jamesstorr/.m2/repository/net/bytebuddy/byte-buddy/1.14.19/byte-buddy-1.14.19.jar:/Users/jamesstorr/.m2/repository/org/awaitility/awaitility/4.2.2/awaitility-4.2.2.jar:/Users/jamesstorr/.m2/repository/org/hamcrest/hamcrest/2.2/hamcrest-2.2.jar:/Users/jamesstorr/.m2/repository/org/junit/jupiter/junit-jupiter/5.10.3/junit-jupiter-5.10.3.jar:/Users/jamesstorr/.m2/repository/org/junit/jupiter/junit-jupiter-api/5.10.3/junit-jupiter-api-5.10.3.jar:/Users/jamesstorr/.m2/repository/org/junit/jupiter/junit-jupiter-params/5.10.3/junit-jupiter-params-5.10.3.jar:/Users/jamesstorr/.m2/repository/org/junit/jupiter/junit-jupiter-engine/5.10.3/junit-jupiter-engine-5.10.3.jar:/Users/jamesstorr/.m2/repository/org/mockito/mockito-core/5.11.0/mockito-core-5.11.0.jar:/Users/jamesstorr/.m2/repository/net/bytebuddy/byte-buddy-agent/1.14.19/byte-buddy-agent-1.14.19.jar:/Users/jamesstorr/.m2/repository/org/objenesis/objenesis/3.3/objenesis-3.3.jar:/Users/jamesstorr/.m2/repository/org/mockito/mockito-junit-jupiter/5.11.0/mockito-junit-jupiter-5.11.0.jar:/Users/jamesstorr/.m2/repository/org/skyscreamer/jsonassert/1.5.3/jsonassert-1.5.3.jar:/Users/jamesstorr/.m2/repository/com/vaadin/external/google/android-json/0.0.20131108.vaadin1/android-json-0.0.20131108.vaadin1.jar:/Users/jamesstorr/.m2/repository/org/springframework/spring-test/6.1.12/spring-test-6.1.12.jar:/Users/jamesstorr/.m2/repository/org/xmlunit/xmlunit-core/2.9.1/xmlunit-core-2.9.1.jar:/Users/jamesstorr/.m2/repository/org/springframework/boot/spring-boot-starter-web/3.3.3/spring-boot-starter-web-3.3.3.jar:/Users/jamesstorr/.m2/repository/org/springframework/boot/spring-boot-starter-json/3.3.3/spring-boot-starter-json-3.3.3.jar:/Users/jamesstorr/.m2/repository/com/fasterxml/jackson/datatype/jackson-datatype-jdk8/2.17.2/jackson-datatype-jdk8-2.17.2.jar:/Users/jamesstorr/.m2/repository/com/fasterxml/jackson/datatype/jackson-datatype-jsr310/2.17.2/jackson-datatype-jsr310-2.17.2.jar:/Users/jamesstorr/.m2/repository/com/fasterxml/jackson/module/jackson-module-parameter-names/2.17.2/jackson-module-parameter-names-2.17.2.jar:/Users/jamesstorr/.m2/repository/org/springframework/spring-web/6.1.12/spring-web-6.1.12.jar:/Users/jamesstorr/.m2/repository/org/springframework/spring-beans/6.1.12/spring-beans-6.1.12.jar:/Users/jamesstorr/.m2/repository/io/micrometer/micrometer-observation/1.13.3/micrometer-observation-1.13.3.jar:/Users/jamesstorr/.m2/repository/io/micrometer/micrometer-commons/1.13.3/micrometer-commons-1.13.3.jar:/Users/jamesstorr/.m2/repository/org/springframework/spring-webmvc/6.1.12/spring-webmvc-6.1.12.jar:/Users/jamesstorr/.m2/repository/org/springframework/spring-aop/6.1.12/spring-aop-6.1.12.jar:/Users/jamesstorr/.m2/repository/org/springframework/spring-expression/6.1.12/spring-expression-6.1.12.jar:/Users/jamesstorr/.m2/repository/org/springframework/boot/spring-boot-starter-webflux/3.3.3/spring-boot-starter-webflux-3.3.3.jar:/Users/jamesstorr/.m2/repository/org/springframework/boot/spring-boot-starter-reactor-netty/3.3.3/spring-boot-starter-reactor-netty-3.3.3.jar:/Users/jamesstorr/.m2/repository/io/projectreactor/netty/reactor-netty-http/1.1.22/reactor-netty-http-1.1.22.jar:/Users/jamesstorr/.m2/repository/io/netty/netty-codec-http/4.1.112.Final/netty-codec-http-4.1.112.Final.jar:/Users/jamesstorr/.m2/repository/io/netty/netty-common/4.1.112.Final/netty-common-4.1.112.Final.jar:/Users/jamesstorr/.m2/repository/io/netty/netty-buffer/4.1.112.Final/netty-buffer-4.1.112.Final.jar:/Users/jamesstorr/.m2/repository/io/netty/netty-transport/4.1.112.Final/netty-transport-4.1.112.Final.jar:/Users/jamesstorr/.m2/repository/io/netty/netty-codec/4.1.112.Final/netty-codec-4.1.112.Final.jar:/Users/jamesstorr/.m2/repository/io/netty/netty-handler/4.1.112.Final/netty-handler-4.1.112.Final.jar:/Users/jamesstorr/.m2/repository/io/netty/netty-codec-http2/4.1.112.Final/netty-codec-http2-4.1.112.Final.jar:/Users/jamesstorr/.m2/repository/io/netty/netty-resolver-dns/4.1.112.Final/netty-resolver-dns-4.1.112.Final.jar:/Users/jamesstorr/.m2/repository/io/netty/netty-resolver/4.1.112.Final/netty-resolver-4.1.112.Final.jar:/Users/jamesstorr/.m2/repository/io/netty/netty-codec-dns/4.1.112.Final/netty-codec-dns-4.1.112.Final.jar:/Users/jamesstorr/.m2/repository/io/netty/netty-resolver-dns-native-macos/4.1.112.Final/netty-resolver-dns-native-macos-4.1.112.Final-osx-x86_64.jar:/Users/jamesstorr/.m2/repository/io/netty/netty-resolver-dns-classes-macos/4.1.112.Final/netty-resolver-dns-classes-macos-4.1.112.Final.jar:/Users/jamesstorr/.m2/repository/io/netty/netty-transport-native-epoll/4.1.112.Final/netty-transport-native-epoll-4.1.112.Final-linux-x86_64.jar:/Users/jamesstorr/.m2/repository/io/netty/netty-transport-native-unix-common/4.1.112.Final/netty-transport-native-unix-common-4.1.112.Final.jar:/Users/jamesstorr/.m2/repository/io/netty/netty-transport-classes-epoll/4.1.112.Final/netty-transport-classes-epoll-4.1.112.Final.jar:/Users/jamesstorr/.m2/repository/io/projectreactor/netty/reactor-netty-core/1.1.22/reactor-netty-core-1.1.22.jar:/Users/jamesstorr/.m2/repository/io/netty/netty-handler-proxy/4.1.112.Final/netty-handler-proxy-4.1.112.Final.jar:/Users/jamesstorr/.m2/repository/io/netty/netty-codec-socks/4.1.112.Final/netty-codec-socks-4.1.112.Final.jar:/Users/jamesstorr/.m2/repository/org/springframework/spring-webflux/6.1.12/spring-webflux-6.1.12.jar:/Users/jamesstorr/.m2/repository/io/projectreactor/reactor-core/3.6.9/reactor-core-3.6.9.jar:/Users/jamesstorr/.m2/repository/org/reactivestreams/reactive-streams/1.0.4/reactive-streams-1.0.4.jar:/Users/jamesstorr/.m2/repository/org/springframework/boot/spring-boot-starter-tomcat/3.3.3/spring-boot-starter-tomcat-3.3.3.jar:/Users/jamesstorr/.m2/repository/org/apache/tomcat/embed/tomcat-embed-core/10.1.28/tomcat-embed-core-10.1.28.jar:/Users/jamesstorr/.m2/repository/org/apache/tomcat/embed/tomcat-embed-el/10.1.28/tomcat-embed-el-10.1.28.jar:/Users/jamesstorr/.m2/repository/org/apache/tomcat/embed/tomcat-embed-websocket/10.1.28/tomcat-embed-websocket-10.1.28.jar:/Users/jamesstorr/.m2/repository/org/springframework/boot/spring-boot-devtools/3.3.3/spring-boot-devtools-3.3.3.jar:/Users/jamesstorr/.m2/repository/org/projectlombok/lombok/1.18.34/lombok-1.18.34.jar:/Users/jamesstorr/.m2/repository/net/serenity-bdd/serenity-core/4.0.18/serenity-core-4.0.18.jar:/Users/jamesstorr/.m2/repository/net/serenity-bdd/serenity-model/4.0.18/serenity-model-4.0.18.jar:/Users/jamesstorr/.m2/repository/org/apache/commons/commons-text/1.10.0/commons-text-1.10.0.jar:/Users/jamesstorr/.m2/repository/commons-net/commons-net/3.9.0/commons-net-3.9.0.jar:/Users/jamesstorr/.m2/repository/com/google/guava/guava/32.1.2-jre/guava-32.1.2-jre.jar:/Users/jamesstorr/.m2/repository/com/google/guava/failureaccess/1.0.1/failureaccess-1.0.1.jar:/Users/jamesstorr/.m2/repository/com/google/guava/listenablefuture/9999.0-empty-to-avoid-conflict-with-guava/listenablefuture-9999.0-empty-to-avoid-conflict-with-guava.jar:/Users/jamesstorr/.m2/repository/com/google/code/findbugs/jsr305/3.0.2/jsr305-3.0.2.jar:/Users/jamesstorr/.m2/repository/org/checkerframework/checker-qual/3.33.0/checker-qual-3.33.0.jar:/Users/jamesstorr/.m2/repository/com/google/errorprone/error_prone_annotations/2.18.0/error_prone_annotations-2.18.0.jar:/Users/jamesstorr/.m2/repository/com/google/j2objc/j2objc-annotations/2.8/j2objc-annotations-2.8.jar:/Users/jamesstorr/.m2/repository/org/jsoup/jsoup/1.15.4/jsoup-1.15.4.jar:/Users/jamesstorr/.m2/repository/com/thoughtworks/xstream/xstream/1.4.20/xstream-1.4.20.jar:/Users/jamesstorr/.m2/repository/io/github/x-stream/mxparser/1.2.2/mxparser-1.2.2.jar:/Users/jamesstorr/.m2/repository/xmlpull/xmlpull/1.1.3.1/xmlpull-1.1.3.1.jar:/Users/jamesstorr/.m2/repository/com/typesafe/config/1.4.2/config-1.4.2.jar:/Users/jamesstorr/.m2/repository/org/imgscalr/imgscalr-lib/4.2/imgscalr-lib-4.2.jar:/Users/jamesstorr/.m2/repository/org/freemarker/freemarker/2.3.33/freemarker-2.3.33.jar:/Users/jamesstorr/.m2/repository/io/github/classgraph/classgraph/4.8.157/classgraph-4.8.157.jar:/Users/jamesstorr/.m2/repository/com/github/ben-manes/caffeine/caffeine/3.1.8/caffeine-3.1.8.jar:/Users/jamesstorr/.m2/repository/org/ehcache/ehcache/3.10.8/ehcache-3.10.8.jar:/Users/jamesstorr/.m2/repository/javax/cache/cache-api/1.1.1/cache-api-1.1.1.jar:/Users/jamesstorr/.m2/repository/net/sourceforge/jexcelapi/jxl/2.6.12/jxl-2.6.12.jar:/Users/jamesstorr/.m2/repository/com/vladsch/flexmark/flexmark-all/0.64.8/flexmark-all-0.64.8.jar:/Users/jamesstorr/.m2/repository/com/vladsch/flexmark/flexmark/0.64.8/flexmark-0.64.8.jar:/Users/jamesstorr/.m2/repository/com/vladsch/flexmark/flexmark-ext-abbreviation/0.64.8/flexmark-ext-abbreviation-0.64.8.jar:/Users/jamesstorr/.m2/repository/com/vladsch/flexmark/flexmark-ext-admonition/0.64.8/flexmark-ext-admonition-0.64.8.jar:/Users/jamesstorr/.m2/repository/com/vladsch/flexmark/flexmark-ext-anchorlink/0.64.8/flexmark-ext-anchorlink-0.64.8.jar:/Users/jamesstorr/.m2/repository/com/vladsch/flexmark/flexmark-ext-aside/0.64.8/flexmark-ext-aside-0.64.8.jar:/Users/jamesstorr/.m2/repository/com/vladsch/flexmark/flexmark-ext-attributes/0.64.8/flexmark-ext-attributes-0.64.8.jar:/Users/jamesstorr/.m2/repository/com/vladsch/flexmark/flexmark-ext-autolink/0.64.8/flexmark-ext-autolink-0.64.8.jar:/Users/jamesstorr/.m2/repository/org/nibor/autolink/autolink/0.6.0/autolink-0.6.0.jar:/Users/jamesstorr/.m2/repository/com/vladsch/flexmark/flexmark-ext-definition/0.64.8/flexmark-ext-definition-0.64.8.jar:/Users/jamesstorr/.m2/repository/com/vladsch/flexmark/flexmark-ext-emoji/0.64.8/flexmark-ext-emoji-0.64.8.jar:/Users/jamesstorr/.m2/repository/com/vladsch/flexmark/flexmark-ext-enumerated-reference/0.64.8/flexmark-ext-enumerated-reference-0.64.8.jar:/Users/jamesstorr/.m2/repository/com/vladsch/flexmark/flexmark-ext-escaped-character/0.64.8/flexmark-ext-escaped-character-0.64.8.jar:/Users/jamesstorr/.m2/repository/com/vladsch/flexmark/flexmark-ext-footnotes/0.64.8/flexmark-ext-footnotes-0.64.8.jar:/Users/jamesstorr/.m2/repository/com/vladsch/flexmark/flexmark-ext-gfm-issues/0.64.8/flexmark-ext-gfm-issues-0.64.8.jar:/Users/jamesstorr/.m2/repository/com/vladsch/flexmark/flexmark-ext-gfm-strikethrough/0.64.8/flexmark-ext-gfm-strikethrough-0.64.8.jar:/Users/jamesstorr/.m2/repository/com/vladsch/flexmark/flexmark-ext-gfm-tasklist/0.64.8/flexmark-ext-gfm-tasklist-0.64.8.jar:/Users/jamesstorr/.m2/repository/com/vladsch/flexmark/flexmark-ext-gfm-users/0.64.8/flexmark-ext-gfm-users-0.64.8.jar:/Users/jamesstorr/.m2/repository/com/vladsch/flexmark/flexmark-ext-gitlab/0.64.8/flexmark-ext-gitlab-0.64.8.jar:/Users/jamesstorr/.m2/repository/com/vladsch/flexmark/flexmark-ext-jekyll-front-matter/0.64.8/flexmark-ext-jekyll-front-matter-0.64.8.jar:/Users/jamesstorr/.m2/repository/com/vladsch/flexmark/flexmark-ext-jekyll-tag/0.64.8/flexmark-ext-jekyll-tag-0.64.8.jar:/Users/jamesstorr/.m2/repository/com/vladsch/flexmark/flexmark-ext-media-tags/0.64.8/flexmark-ext-media-tags-0.64.8.jar:/Users/jamesstorr/.m2/repository/com/vladsch/flexmark/flexmark-ext-macros/0.64.8/flexmark-ext-macros-0.64.8.jar:/Users/jamesstorr/.m2/repository/com/vladsch/flexmark/flexmark-ext-ins/0.64.8/flexmark-ext-ins-0.64.8.jar:/Users/jamesstorr/.m2/repository/com/vladsch/flexmark/flexmark-ext-xwiki-macros/0.64.8/flexmark-ext-xwiki-macros-0.64.8.jar:/Users/jamesstorr/.m2/repository/com/vladsch/flexmark/flexmark-ext-superscript/0.64.8/flexmark-ext-superscript-0.64.8.jar:/Users/jamesstorr/.m2/repository/com/vladsch/flexmark/flexmark-ext-toc/0.64.8/flexmark-ext-toc-0.64.8.jar:/Users/jamesstorr/.m2/repository/com/vladsch/flexmark/flexmark-ext-typographic/0.64.8/flexmark-ext-typographic-0.64.8.jar:/Users/jamesstorr/.m2/repository/com/vladsch/flexmark/flexmark-ext-wikilink/0.64.8/flexmark-ext-wikilink-0.64.8.jar:/Users/jamesstorr/.m2/repository/com/vladsch/flexmark/flexmark-ext-yaml-front-matter/0.64.8/flexmark-ext-yaml-front-matter-0.64.8.jar:/Users/jamesstorr/.m2/repository/com/vladsch/flexmark/flexmark-ext-youtube-embedded/0.64.8/flexmark-ext-youtube-embedded-0.64.8.jar:/Users/jamesstorr/.m2/repository/com/vladsch/flexmark/flexmark-html2md-converter/0.64.8/flexmark-html2md-converter-0.64.8.jar:/Users/jamesstorr/.m2/repository/com/vladsch/flexmark/flexmark-jira-converter/0.64.8/flexmark-jira-converter-0.64.8.jar:/Users/jamesstorr/.m2/repository/com/vladsch/flexmark/flexmark-pdf-converter/0.64.8/flexmark-pdf-converter-0.64.8.jar:/Users/jamesstorr/.m2/repository/com/openhtmltopdf/openhtmltopdf-core/1.0.10/openhtmltopdf-core-1.0.10.jar:/Users/jamesstorr/.m2/repository/com/openhtmltopdf/openhtmltopdf-pdfbox/1.0.10/openhtmltopdf-pdfbox-1.0.10.jar:/Users/jamesstorr/.m2/repository/org/apache/pdfbox/pdfbox/2.0.24/pdfbox-2.0.24.jar:/Users/jamesstorr/.m2/repository/org/apache/pdfbox/fontbox/2.0.24/fontbox-2.0.24.jar:/Users/jamesstorr/.m2/repository/org/apache/pdfbox/xmpbox/2.0.24/xmpbox-2.0.24.jar:/Users/jamesstorr/.m2/repository/de/rototor/pdfbox/graphics2d/0.32/graphics2d-0.32.jar:/Users/jamesstorr/.m2/repository/com/openhtmltopdf/openhtmltopdf-rtl-support/1.0.10/openhtmltopdf-rtl-support-1.0.10.jar:/Users/jamesstorr/.m2/repository/com/vladsch/flexmark/flexmark-profile-pegdown/0.64.8/flexmark-profile-pegdown-0.64.8.jar:/Users/jamesstorr/.m2/repository/com/vladsch/flexmark/flexmark-util-ast/0.64.8/flexmark-util-ast-0.64.8.jar:/Users/jamesstorr/.m2/repository/org/jetbrains/annotations/24.0.1/annotations-24.0.1.jar:/Users/jamesstorr/.m2/repository/com/vladsch/flexmark/flexmark-util-builder/0.64.8/flexmark-util-builder-0.64.8.jar:/Users/jamesstorr/.m2/repository/com/vladsch/flexmark/flexmark-util-collection/0.64.8/flexmark-util-collection-0.64.8.jar:/Users/jamesstorr/.m2/repository/com/vladsch/flexmark/flexmark-util-data/0.64.8/flexmark-util-data-0.64.8.jar:/Users/jamesstorr/.m2/repository/com/vladsch/flexmark/flexmark-util-dependency/0.64.8/flexmark-util-dependency-0.64.8.jar:/Users/jamesstorr/.m2/repository/com/vladsch/flexmark/flexmark-util-format/0.64.8/flexmark-util-format-0.64.8.jar:/Users/jamesstorr/.m2/repository/com/vladsch/flexmark/flexmark-util-html/0.64.8/flexmark-util-html-0.64.8.jar:/Users/jamesstorr/.m2/repository/com/vladsch/flexmark/flexmark-util-misc/0.64.8/flexmark-util-misc-0.64.8.jar:/Users/jamesstorr/.m2/repository/com/vladsch/flexmark/flexmark-util-options/0.64.8/flexmark-util-options-0.64.8.jar:/Users/jamesstorr/.m2/repository/com/vladsch/flexmark/flexmark-util-sequence/0.64.8/flexmark-util-sequence-0.64.8.jar:/Users/jamesstorr/.m2/repository/com/vladsch/flexmark/flexmark-util-visitor/0.64.8/flexmark-util-visitor-0.64.8.jar:/Users/jamesstorr/.m2/repository/com/vladsch/flexmark/flexmark-youtrack-converter/0.64.8/flexmark-youtrack-converter-0.64.8.jar:/Users/jamesstorr/.m2/repository/com/vladsch/flexmark/flexmark-ext-resizable-image/0.64.8/flexmark-ext-resizable-image-0.64.8.jar:/Users/jamesstorr/.m2/repository/com/vladsch/flexmark/flexmark-ext-tables/0.64.8/flexmark-ext-tables-0.64.8.jar:/Users/jamesstorr/.m2/repository/com/vladsch/flexmark/flexmark-util/0.64.8/flexmark-util-0.64.8.jar:/Users/jamesstorr/.m2/repository/net/serenity-bdd/serenity-reports/4.0.18/serenity-reports-4.0.18.jar:/Users/jamesstorr/.m2/repository/net/serenity-bdd/serenity-stats/4.0.18/serenity-stats-4.0.18.jar:/Users/jamesstorr/.m2/repository/org/jetbrains/kotlin/kotlin-stdlib/1.9.25/kotlin-stdlib-1.9.25.jar:/Users/jamesstorr/.m2/repository/net/serenity-bdd/serenity-reports-configuration/4.0.18/serenity-reports-configuration-4.0.18.jar:/Users/jamesstorr/.m2/repository/com/ibm/icu/icu4j/72.1/icu4j-72.1.jar:/Users/jamesstorr/.m2/repository/es/nitaur/markdown/txtmark/0.16/txtmark-0.16.jar:/Users/jamesstorr/.m2/repository/net/serenity-bdd/serenity-report-resources/4.0.18/serenity-report-resources-4.0.18.jar:/Users/jamesstorr/.m2/repository/com/google/code/gson/gson/2.10.1/gson-2.10.1.jar:/Users/jamesstorr/.m2/repository/com/fasterxml/jackson/core/jackson-core/2.17.2/jackson-core-2.17.2.jar:/Users/jamesstorr/.m2/repository/com/fasterxml/jackson/core/jackson-databind/2.17.2/jackson-databind-2.17.2.jar:/Users/jamesstorr/.m2/repository/com/fasterxml/jackson/core/jackson-annotations/2.17.2/jackson-annotations-2.17.2.jar:/Users/jamesstorr/.m2/repository/commons-codec/commons-codec/1.16.1/commons-codec-1.16.1.jar:/Users/jamesstorr/.m2/repository/commons-io/commons-io/2.11.0/commons-io-2.11.0.jar:/Users/jamesstorr/.m2/repository/org/apache/httpcomponents/httpclient/4.5.13/httpclient-4.5.13.jar:/Users/jamesstorr/.m2/repository/org/apache/httpcomponents/httpcore/4.4.16/httpcore-4.4.16.jar:/Users/jamesstorr/.m2/repository/commons-logging/commons-logging/1.2/commons-logging-1.2.jar:/Users/jamesstorr/.m2/repository/org/seleniumhq/selenium/selenium-java/4.19.1/selenium-java-4.19.1.jar:/Users/jamesstorr/.m2/repository/org/seleniumhq/selenium/selenium-devtools-v121/4.19.1/selenium-devtools-v121-4.19.1.jar:/Users/jamesstorr/.m2/repository/org/seleniumhq/selenium/selenium-devtools-v122/4.19.1/selenium-devtools-v122-4.19.1.jar:/Users/jamesstorr/.m2/repository/org/seleniumhq/selenium/selenium-devtools-v123/4.19.1/selenium-devtools-v123-4.19.1.jar:/Users/jamesstorr/.m2/repository/org/seleniumhq/selenium/selenium-devtools-v85/4.19.1/selenium-devtools-v85-4.19.1.jar:/Users/jamesstorr/.m2/repository/org/seleniumhq/selenium/selenium-remote-driver/4.19.1/selenium-remote-driver-4.19.1.jar:/Users/jamesstorr/.m2/repository/io/opentelemetry/semconv/opentelemetry-semconv/1.23.1-alpha/opentelemetry-semconv-1.23.1-alpha.jar:/Users/jamesstorr/.m2/repository/io/opentelemetry/opentelemetry-api/1.37.0/opentelemetry-api-1.37.0.jar:/Users/jamesstorr/.m2/repository/io/opentelemetry/opentelemetry-context/1.37.0/opentelemetry-context-1.37.0.jar:/Users/jamesstorr/.m2/repository/io/opentelemetry/opentelemetry-exporter-logging/1.37.0/opentelemetry-exporter-logging-1.37.0.jar:/Users/jamesstorr/.m2/repository/io/opentelemetry/opentelemetry-sdk-common/1.37.0/opentelemetry-sdk-common-1.37.0.jar:/Users/jamesstorr/.m2/repository/io/opentelemetry/opentelemetry-sdk-extension-autoconfigure-spi/1.37.0/opentelemetry-sdk-extension-autoconfigure-spi-1.37.0.jar:/Users/jamesstorr/.m2/repository/io/opentelemetry/opentelemetry-sdk-extension-autoconfigure/1.37.0/opentelemetry-sdk-extension-autoconfigure-1.37.0.jar:/Users/jamesstorr/.m2/repository/io/opentelemetry/opentelemetry-api-incubator/1.37.0-alpha/opentelemetry-api-incubator-1.37.0-alpha.jar:/Users/jamesstorr/.m2/repository/io/opentelemetry/opentelemetry-sdk-trace/1.37.0/opentelemetry-sdk-trace-1.37.0.jar:/Users/jamesstorr/.m2/repository/io/opentelemetry/opentelemetry-sdk/1.37.0/opentelemetry-sdk-1.37.0.jar:/Users/jamesstorr/.m2/repository/io/opentelemetry/opentelemetry-sdk-metrics/1.37.0/opentelemetry-sdk-metrics-1.37.0.jar:/Users/jamesstorr/.m2/repository/io/opentelemetry/opentelemetry-sdk-logs/1.37.0/opentelemetry-sdk-logs-1.37.0.jar:/Users/jamesstorr/.m2/repository/org/seleniumhq/selenium/selenium-os/4.19.1/selenium-os-4.19.1.jar:/Users/jamesstorr/.m2/repository/org/apache/commons/commons-exec/1.3/commons-exec-1.3.jar:/Users/jamesstorr/.m2/repository/org/seleniumhq/selenium/selenium-safari-driver/4.19.1/selenium-safari-driver-4.19.1.jar:/Users/jamesstorr/.m2/repository/org/seleniumhq/selenium/selenium-api/4.19.1/selenium-api-4.19.1.jar:/Users/jamesstorr/.m2/repository/org/seleniumhq/selenium/selenium-support/4.19.1/selenium-support-4.19.1.jar:/Users/jamesstorr/.m2/repository/com/google/auto/service/auto-service-annotations/1.1.1/auto-service-annotations-1.1.1.jar:/Users/jamesstorr/.m2/repository/org/seleniumhq/selenium/selenium-json/4.19.1/selenium-json-4.19.1.jar:/Users/jamesstorr/.m2/repository/org/seleniumhq/selenium/selenium-chrome-driver/4.19.1/selenium-chrome-driver-4.19.1.jar:/Users/jamesstorr/.m2/repository/org/seleniumhq/selenium/selenium-chromium-driver/4.19.1/selenium-chromium-driver-4.19.1.jar:/Users/jamesstorr/.m2/repository/org/seleniumhq/selenium/selenium-manager/4.19.1/selenium-manager-4.19.1.jar:/Users/jamesstorr/.m2/repository/org/seleniumhq/selenium/selenium-firefox-driver/4.19.1/selenium-firefox-driver-4.19.1.jar:/Users/jamesstorr/.m2/repository/org/seleniumhq/selenium/selenium-http/4.19.1/selenium-http-4.19.1.jar:/Users/jamesstorr/.m2/repository/dev/failsafe/failsafe/3.3.2/failsafe-3.3.2.jar:/Users/jamesstorr/.m2/repository/org/seleniumhq/selenium/selenium-edge-driver/4.19.1/selenium-edge-driver-4.19.1.jar:/Users/jamesstorr/.m2/repository/org/seleniumhq/selenium/selenium-ie-driver/4.19.1/selenium-ie-driver-4.19.1.jar:/Users/jamesstorr/.m2/repository/org/htmlunit/htmlunit/3.4.0/htmlunit-3.4.0.jar:/Users/jamesstorr/.m2/repository/org/apache/httpcomponents/httpmime/4.5.14/httpmime-4.5.14.jar:/Users/jamesstorr/.m2/repository/org/htmlunit/htmlunit-core-js/3.4.0/htmlunit-core-js-3.4.0.jar:/Users/jamesstorr/.m2/repository/org/htmlunit/neko-htmlunit/3.4.0/neko-htmlunit-3.4.0.jar:/Users/jamesstorr/.m2/repository/org/htmlunit/htmlunit-cssparser/3.4.0/htmlunit-cssparser-3.4.0.jar:/Users/jamesstorr/.m2/repository/org/htmlunit/htmlunit-xpath/3.4.0/htmlunit-xpath-3.4.0.jar:/Users/jamesstorr/.m2/repository/org/brotli/dec/0.1.2/dec-0.1.2.jar:/Users/jamesstorr/.m2/repository/com/shapesecurity/salvation2/3.0.1/salvation2-3.0.1.jar:/Users/jamesstorr/.m2/repository/org/eclipse/jetty/websocket/websocket-client/9.4.51.v20230217/websocket-client-9.4.51.v20230217.jar:/Users/jamesstorr/.m2/repository/org/eclipse/jetty/websocket/websocket-common/9.4.51.v20230217/websocket-common-9.4.51.v20230217.jar:/Users/jamesstorr/.m2/repository/org/eclipse/jetty/websocket/websocket-api/9.4.51.v20230217/websocket-api-9.4.51.v20230217.jar:/Users/jamesstorr/.m2/repository/org/seleniumhq/selenium/htmlunit3-driver/4.10.0/htmlunit3-driver-4.10.0.jar:/Users/jamesstorr/.m2/repository/io/appium/java-client/9.0.0/java-client-9.0.0.jar:/Users/jamesstorr/.m2/repository/org/apache/groovy/groovy/4.0.22/groovy-4.0.22.jar:/Users/jamesstorr/.m2/repository/net/sf/opencsv/opencsv/2.0/opencsv-2.0.jar:/Users/jamesstorr/.m2/repository/org/apache/commons/commons-lang3/3.14.0/commons-lang3-3.14.0.jar:/Users/jamesstorr/.m2/repository/org/apache/commons/commons-compress/1.23.0/commons-compress-1.23.0.jar:/Users/jamesstorr/.m2/repository/org/fluentlenium/fluentlenium-core/0.10.2/fluentlenium-core-0.10.2.jar:/Users/jamesstorr/.m2/repository/com/jhlabs/filters/2.0.235/filters-2.0.235.jar:/Users/jamesstorr/.m2/repository/com/paulhammant/ngwebdriver/1.1.6/ngwebdriver-1.1.6.jar:/Users/jamesstorr/.m2/repository/joda-time/joda-time/2.12.2/joda-time-2.12.2.jar:/Users/jamesstorr/.m2/repository/com/google/jimfs/jimfs/1.3.0/jimfs-1.3.0.jar:/Users/jamesstorr/.m2/repository/javax/xml/bind/jaxb-api/2.3.1/jaxb-api-2.3.1.jar:/Users/jamesstorr/.m2/repository/javax/activation/javax.activation-api/1.2.0/javax.activation-api-1.2.0.jar:/Users/jamesstorr/.m2/repository/com/sun/xml/bind/jaxb-core/4.0.5/jaxb-core-4.0.5.jar:/Users/jamesstorr/.m2/repository/org/eclipse/angus/angus-activation/2.0.2/angus-activation-2.0.2.jar:/Users/jamesstorr/.m2/repository/com/sun/xml/bind/jaxb-impl/4.0.5/jaxb-impl-4.0.5.jar:/Users/jamesstorr/.m2/repository/javax/activation/activation/1.1.1/activation-1.1.1.jar:/Users/jamesstorr/.m2/repository/net/serenity-bdd/serenity-cucumber/4.0.18/serenity-cucumber-4.0.18.jar:/Users/jamesstorr/.m2/repository/net/serenity-bdd/serenity-screenplay/4.0.18/serenity-screenplay-4.0.18.jar:/Users/jamesstorr/.m2/repository/net/serenity-bdd/serenity-screenplay-webdriver/4.0.18/serenity-screenplay-webdriver-4.0.18.jar:/Users/jamesstorr/.m2/repository/io/cucumber/cucumber-core/7.14.0/cucumber-core-7.14.0.jar:/Users/jamesstorr/.m2/repository/io/cucumber/cucumber-gherkin/7.14.0/cucumber-gherkin-7.14.0.jar:/Users/jamesstorr/.m2/repository/io/cucumber/cucumber-gherkin-messages/7.14.0/cucumber-gherkin-messages-7.14.0.jar:/Users/jamesstorr/.m2/repository/io/cucumber/gherkin/26.2.0/gherkin-26.2.0.jar:/Users/jamesstorr/.m2/repository/io/cucumber/messages/22.0.0/messages-22.0.0.jar:/Users/jamesstorr/.m2/repository/io/cucumber/tag-expressions/5.0.6/tag-expressions-5.0.6.jar:/Users/jamesstorr/.m2/repository/io/cucumber/cucumber-expressions/16.1.2/cucumber-expressions-16.1.2.jar:/Users/jamesstorr/.m2/repository/io/cucumber/datatable/7.14.0/datatable-7.14.0.jar:/Users/jamesstorr/.m2/repository/io/cucumber/cucumber-plugin/7.14.0/cucumber-plugin-7.14.0.jar:/Users/jamesstorr/.m2/repository/io/cucumber/docstring/7.14.0/docstring-7.14.0.jar:/Users/jamesstorr/.m2/repository/io/cucumber/html-formatter/20.4.0/html-formatter-20.4.0.jar:/Users/jamesstorr/.m2/repository/io/cucumber/junit-xml-formatter/0.2.0/junit-xml-formatter-0.2.0.jar:/Users/jamesstorr/.m2/repository/io/cucumber/ci-environment/9.2.0/ci-environment-9.2.0.jar:/Users/jamesstorr/.m2/repository/io/cucumber/cucumber-java/7.14.0/cucumber-java-7.14.0.jar:/Users/jamesstorr/.m2/repository/io/cucumber/cucumber-junit/7.14.0/cucumber-junit-7.14.0.jar:/Users/jamesstorr/.m2/repository/org/apiguardian/apiguardian-api/1.1.2/apiguardian-api-1.1.2.jar:/Users/jamesstorr/.m2/repository/org/apache/commons/commons-csv/1.5/commons-csv-1.5.jar:/Users/jamesstorr/.m2/repository/net/serenity-bdd/serenity-rest-assured/4.0.18/serenity-rest-assured-4.0.18.jar:/Users/jamesstorr/.m2/repository/io/rest-assured/rest-assured/5.4.0/rest-assured-5.4.0.jar:/Users/jamesstorr/.m2/repository/org/ccil/cowan/tagsoup/tagsoup/1.2.1/tagsoup-1.2.1.jar:/Users/jamesstorr/.m2/repository/io/rest-assured/json-path/5.4.0/json-path-5.4.0.jar:/Users/jamesstorr/.m2/repository/io/rest-assured/rest-assured-common/5.4.0/rest-assured-common-5.4.0.jar:/Users/jamesstorr/.m2/repository/io/rest-assured/xml-path/5.4.0/xml-path-5.4.0.jar:/Users/jamesstorr/.m2/repository/org/apache/groovy/groovy-json/4.0.22/groovy-json-4.0.22.jar:/Users/jamesstorr/.m2/repository/org/apache/groovy/groovy-xml/4.0.22/groovy-xml-4.0.22.jar:/Users/jamesstorr/.m2/repository/org/opentest4j/opentest4j/1.2.0/opentest4j-1.2.0.jar:/Users/jamesstorr/.m2/repository/net/serenity-bdd/serenity-spring/4.0.18/serenity-spring-4.0.18.jar:/Users/jamesstorr/.m2/repository/net/serenity-bdd/serenity-junit/4.0.18/serenity-junit-4.0.18.jar:/Users/jamesstorr/.m2/repository/junit/junit/4.13.2/junit-4.13.2.jar:/Users/jamesstorr/.m2/repository/org/springframework/spring-context/6.1.12/spring-context-6.1.12.jar:/Users/jamesstorr/.m2/repository/org/springframework/spring-context-support/6.1.12/spring-context-support-6.1.12.jar:/Users/jamesstorr/.m2/repository/io/cucumber/cucumber-junit-platform-engine/7.14.0/cucumber-junit-platform-engine-7.14.0.jar:/Users/jamesstorr/.m2/repository/org/junit/platform/junit-platform-engine/1.10.3/junit-platform-engine-1.10.3.jar:/Users/jamesstorr/.m2/repository/org/junit/platform/junit-platform-commons/1.10.3/junit-platform-commons-1.10.3.jar:/Users/jamesstorr/.m2/repository/org/junit/platform/junit-platform-suite/1.10.0/junit-platform-suite-1.10.0.jar:/Users/jamesstorr/.m2/repository/org/junit/platform/junit-platform-suite-api/1.10.3/junit-platform-suite-api-1.10.3.jar:/Users/jamesstorr/.m2/repository/org/junit/platform/junit-platform-suite-engine/1.10.3/junit-platform-suite-engine-1.10.3.jar:/Users/jamesstorr/.m2/repository/org/junit/platform/junit-platform-suite-commons/1.10.3/junit-platform-suite-commons-1.10.3.jar:/Users/jamesstorr/.m2/repository/org/junit/platform/junit-platform-launcher/1.10.3/junit-platform-launcher-1.10.3.jar:/Users/jamesstorr/.m2/repository/org/wiremock/wiremock-standalone/3.9.1/wiremock-standalone-3.9.1.jar:/Users/jamesstorr/.m2/repository/org/wiremock/wiremock-jetty12/3.9.1/wiremock-jetty12-3.9.1.jar:/Users/jamesstorr/.m2/repository/org/wiremock/wiremock/3.9.1/wiremock-3.9.1.jar:/Users/jamesstorr/.m2/repository/org/apache/httpcomponents/client5/httpclient5/5.3.1/httpclient5-5.3.1.jar:/Users/jamesstorr/.m2/repository/org/apache/httpcomponents/core5/httpcore5/5.2.5/httpcore5-5.2.5.jar:/Users/jamesstorr/.m2/repository/org/apache/httpcomponents/core5/httpcore5-h2/5.2.5/httpcore5-h2-5.2.5.jar:/Users/jamesstorr/.m2/repository/org/xmlunit/xmlunit-legacy/2.9.1/xmlunit-legacy-2.9.1.jar:/Users/jamesstorr/.m2/repository/org/xmlunit/xmlunit-placeholders/2.9.1/xmlunit-placeholders-2.9.1.jar:/Users/jamesstorr/.m2/repository/net/javacrumbs/json-unit/json-unit-core/2.40.0/json-unit-core-2.40.0.jar:/Users/jamesstorr/.m2/repository/org/hamcrest/hamcrest-core/2.2/hamcrest-core-2.2.jar:/Users/jamesstorr/.m2/repository/net/sf/jopt-simple/jopt-simple/5.0.4/jopt-simple-5.0.4.jar:/Users/jamesstorr/.m2/repository/com/github/jknack/handlebars/4.3.1/handlebars-4.3.1.jar:/Users/jamesstorr/.m2/repository/com/github/jknack/handlebars-helpers/4.3.1/handlebars-helpers-4.3.1.jar:/Users/jamesstorr/.m2/repository/commons-fileupload/commons-fileupload/1.5/commons-fileupload-1.5.jar:/Users/jamesstorr/.m2/repository/com/networknt/json-schema-validator/1.5.0/json-schema-validator-1.5.0.jar:/Users/jamesstorr/.m2/repository/com/ethlo/time/itu/1.10.2/itu-1.10.2.jar:/Users/jamesstorr/.m2/repository/com/fasterxml/jackson/dataformat/jackson-dataformat-yaml/2.17.2/jackson-dataformat-yaml-2.17.2.jar:/Users/jamesstorr/.m2/repository/org/eclipse/jetty/jetty-server/12.0.12/jetty-server-12.0.12.jar:/Users/jamesstorr/.m2/repository/org/eclipse/jetty/jetty-http/12.0.12/jetty-http-12.0.12.jar:/Users/jamesstorr/.m2/repository/org/eclipse/jetty/jetty-io/12.0.12/jetty-io-12.0.12.jar:/Users/jamesstorr/.m2/repository/org/eclipse/jetty/jetty-proxy/12.0.12/jetty-proxy-12.0.12.jar:/Users/jamesstorr/.m2/repository/org/eclipse/jetty/jetty-client/12.0.12/jetty-client-12.0.12.jar:/Users/jamesstorr/.m2/repository/org/eclipse/jetty/jetty-alpn-server/12.0.12/jetty-alpn-server-12.0.12.jar:/Users/jamesstorr/.m2/repository/org/eclipse/jetty/jetty-alpn-java-server/12.0.12/jetty-alpn-java-server-12.0.12.jar:/Users/jamesstorr/.m2/repository/org/eclipse/jetty/jetty-alpn-java-client/12.0.12/jetty-alpn-java-client-12.0.12.jar:/Users/jamesstorr/.m2/repository/org/eclipse/jetty/jetty-alpn-client/12.0.12/jetty-alpn-client-12.0.12.jar:/Users/jamesstorr/.m2/repository/org/eclipse/jetty/ee10/jetty-ee10-servlet/12.0.12/jetty-ee10-servlet-12.0.12.jar:/Users/jamesstorr/.m2/repository/jakarta/servlet/jakarta.servlet-api/6.0.0/jakarta.servlet-api-6.0.0.jar:/Users/jamesstorr/.m2/repository/org/eclipse/jetty/jetty-security/12.0.12/jetty-security-12.0.12.jar:/Users/jamesstorr/.m2/repository/org/eclipse/jetty/jetty-session/12.0.12/jetty-session-12.0.12.jar:/Users/jamesstorr/.m2/repository/org/eclipse/jetty/ee10/jetty-ee10-servlets/12.0.12/jetty-ee10-servlets-12.0.12.jar:/Users/jamesstorr/.m2/repository/org/eclipse/jetty/jetty-util/12.0.12/jetty-util-12.0.12.jar:/Users/jamesstorr/.m2/repository/org/eclipse/jetty/ee10/jetty-ee10-webapp/12.0.12/jetty-ee10-webapp-12.0.12.jar:/Users/jamesstorr/.m2/repository/org/eclipse/jetty/jetty-ee/12.0.12/jetty-ee-12.0.12.jar:/Users/jamesstorr/.m2/repository/org/eclipse/jetty/jetty-xml/12.0.12/jetty-xml-12.0.12.jar:/Users/jamesstorr/.m2/repository/org/eclipse/jetty/http2/jetty-http2-server/12.0.12/jetty-http2-server-12.0.12.jar:/Users/jamesstorr/.m2/repository/org/eclipse/jetty/http2/jetty-http2-common/12.0.12/jetty-http2-common-12.0.12.jar:/Users/jamesstorr/.m2/repository/org/eclipse/jetty/http2/jetty-http2-hpack/12.0.12/jetty-http2-hpack-12.0.12.jar:"/>
    <property name="java.vm.vendor" value="Oracle Corporation"/>
    <property name="sun.arch.data.model" value="64"/>
    <property name="catalina.useNaming" value="false"/>
    <property name="java.vendor.url" value="https://java.oracle.com/"/>
    <property name="user.timezone" value="Europe/London"/>
    <property name="os.name" value="Mac OS X"/>
    <property name="java.vm.specification.version" value="17"/>
    <property name="sun.java.launcher" value="SUN_STANDARD"/>
    <property name="user.country" value="GB"/>
    <property name="sun.boot.library.path" value="/Library/Java/JavaVirtualMachines/jdk-17.jdk/Contents/Home/lib"/>
    <property name="sun.java.command" value="/Users/jamesstorr/Personal_Projects/serenity_bdd_example/target/surefire/surefirebooter-20240926130834150_3.jar /Users/jamesstorr/Personal_Projects/serenity_bdd_example/target/surefire 2024-09-26T13-08-34_095-jvmRun1 surefire-20240926130834150_1tmp surefire_0-20240926130834150_2tmp"/>
    <property name="jdk.debug" value="release"/>
    <property name="surefire.test.class.path" value="/Users/jamesstorr/Personal_Projects/serenity_bdd_example/target/test-classes:/Users/jamesstorr/Personal_Projects/serenity_bdd_example/target/classes:/Users/jamesstorr/.m2/repository/org/springframework/boot/spring-boot-starter/3.3.3/spring-boot-starter-3.3.3.jar:/Users/jamesstorr/.m2/repository/org/springframework/boot/spring-boot/3.3.3/spring-boot-3.3.3.jar:/Users/jamesstorr/.m2/repository/org/springframework/boot/spring-boot-autoconfigure/3.3.3/spring-boot-autoconfigure-3.3.3.jar:/Users/jamesstorr/.m2/repository/org/springframework/boot/spring-boot-starter-logging/3.3.3/spring-boot-starter-logging-3.3.3.jar:/Users/jamesstorr/.m2/repository/ch/qos/logback/logback-classic/1.5.7/logback-classic-1.5.7.jar:/Users/jamesstorr/.m2/repository/ch/qos/logback/logback-core/1.5.7/logback-core-1.5.7.jar:/Users/jamesstorr/.m2/repository/org/apache/logging/log4j/log4j-to-slf4j/2.23.1/log4j-to-slf4j-2.23.1.jar:/Users/jamesstorr/.m2/repository/org/apache/logging/log4j/log4j-api/2.23.1/log4j-api-2.23.1.jar:/Users/jamesstorr/.m2/repository/org/slf4j/jul-to-slf4j/2.0.16/jul-to-slf4j-2.0.16.jar:/Users/jamesstorr/.m2/repository/jakarta/annotation/jakarta.annotation-api/2.1.1/jakarta.annotation-api-2.1.1.jar:/Users/jamesstorr/.m2/repository/org/springframework/spring-core/6.1.12/spring-core-6.1.12.jar:/Users/jamesstorr/.m2/repository/org/springframework/spring-jcl/6.1.12/spring-jcl-6.1.12.jar:/Users/jamesstorr/.m2/repository/org/yaml/snakeyaml/2.2/snakeyaml-2.2.jar:/Users/jamesstorr/.m2/repository/org/springframework/boot/spring-boot-starter-test/3.3.3/spring-boot-starter-test-3.3.3.jar:/Users/jamesstorr/.m2/repository/org/springframework/boot/spring-boot-test/3.3.3/spring-boot-test-3.3.3.jar:/Users/jamesstorr/.m2/repository/org/springframework/boot/spring-boot-test-autoconfigure/3.3.3/spring-boot-test-autoconfigure-3.3.3.jar:/Users/jamesstorr/.m2/repository/com/jayway/jsonpath/json-path/2.9.0/json-path-2.9.0.jar:/Users/jamesstorr/.m2/repository/org/slf4j/slf4j-api/2.0.16/slf4j-api-2.0.16.jar:/Users/jamesstorr/.m2/repository/jakarta/xml/bind/jakarta.xml.bind-api/4.0.2/jakarta.xml.bind-api-4.0.2.jar:/Users/jamesstorr/.m2/repository/jakarta/activation/jakarta.activation-api/2.1.3/jakarta.activation-api-2.1.3.jar:/Users/jamesstorr/.m2/repository/net/minidev/json-smart/2.5.1/json-smart-2.5.1.jar:/Users/jamesstorr/.m2/repository/net/minidev/accessors-smart/2.5.1/accessors-smart-2.5.1.jar:/Users/jamesstorr/.m2/repository/org/ow2/asm/asm/9.6/asm-9.6.jar:/Users/jamesstorr/.m2/repository/org/assertj/assertj-core/3.25.3/assertj-core-3.25.3.jar:/Users/jamesstorr/.m2/repository/net/bytebuddy/byte-buddy/1.14.19/byte-buddy-1.14.19.jar:/Users/jamesstorr/.m2/repository/org/awaitility/awaitility/4.2.2/awaitility-4.2.2.jar:/Users/jamesstorr/.m2/repository/org/hamcrest/hamcrest/2.2/hamcrest-2.2.jar:/Users/jamesstorr/.m2/repository/org/junit/jupiter/junit-jupiter/5.10.3/junit-jupiter-5.10.3.jar:/Users/jamesstorr/.m2/repository/org/junit/jupiter/junit-jupiter-api/5.10.3/junit-jupiter-api-5.10.3.jar:/Users/jamesstorr/.m2/repository/org/junit/jupiter/junit-jupiter-params/5.10.3/junit-jupiter-params-5.10.3.jar:/Users/jamesstorr/.m2/repository/org/junit/jupiter/junit-jupiter-engine/5.10.3/junit-jupiter-engine-5.10.3.jar:/Users/jamesstorr/.m2/repository/org/mockito/mockito-core/5.11.0/mockito-core-5.11.0.jar:/Users/jamesstorr/.m2/repository/net/bytebuddy/byte-buddy-agent/1.14.19/byte-buddy-agent-1.14.19.jar:/Users/jamesstorr/.m2/repository/org/objenesis/objenesis/3.3/objenesis-3.3.jar:/Users/jamesstorr/.m2/repository/org/mockito/mockito-junit-jupiter/5.11.0/mockito-junit-jupiter-5.11.0.jar:/Users/jamesstorr/.m2/repository/org/skyscreamer/jsonassert/1.5.3/jsonassert-1.5.3.jar:/Users/jamesstorr/.m2/repository/com/vaadin/external/google/android-json/0.0.20131108.vaadin1/android-json-0.0.20131108.vaadin1.jar:/Users/jamesstorr/.m2/repository/org/springframework/spring-test/6.1.12/spring-test-6.1.12.jar:/Users/jamesstorr/.m2/repository/org/xmlunit/xmlunit-core/2.9.1/xmlunit-core-2.9.1.jar:/Users/jamesstorr/.m2/repository/org/springframework/boot/spring-boot-starter-web/3.3.3/spring-boot-starter-web-3.3.3.jar:/Users/jamesstorr/.m2/repository/org/springframework/boot/spring-boot-starter-json/3.3.3/spring-boot-starter-json-3.3.3.jar:/Users/jamesstorr/.m2/repository/com/fasterxml/jackson/datatype/jackson-datatype-jdk8/2.17.2/jackson-datatype-jdk8-2.17.2.jar:/Users/jamesstorr/.m2/repository/com/fasterxml/jackson/datatype/jackson-datatype-jsr310/2.17.2/jackson-datatype-jsr310-2.17.2.jar:/Users/jamesstorr/.m2/repository/com/fasterxml/jackson/module/jackson-module-parameter-names/2.17.2/jackson-module-parameter-names-2.17.2.jar:/Users/jamesstorr/.m2/repository/org/springframework/spring-web/6.1.12/spring-web-6.1.12.jar:/Users/jamesstorr/.m2/repository/org/springframework/spring-beans/6.1.12/spring-beans-6.1.12.jar:/Users/jamesstorr/.m2/repository/io/micrometer/micrometer-observation/1.13.3/micrometer-observation-1.13.3.jar:/Users/jamesstorr/.m2/repository/io/micrometer/micrometer-commons/1.13.3/micrometer-commons-1.13.3.jar:/Users/jamesstorr/.m2/repository/org/springframework/spring-webmvc/6.1.12/spring-webmvc-6.1.12.jar:/Users/jamesstorr/.m2/repository/org/springframework/spring-aop/6.1.12/spring-aop-6.1.12.jar:/Users/jamesstorr/.m2/repository/org/springframework/spring-expression/6.1.12/spring-expression-6.1.12.jar:/Users/jamesstorr/.m2/repository/org/springframework/boot/spring-boot-starter-webflux/3.3.3/spring-boot-starter-webflux-3.3.3.jar:/Users/jamesstorr/.m2/repository/org/springframework/boot/spring-boot-starter-reactor-netty/3.3.3/spring-boot-starter-reactor-netty-3.3.3.jar:/Users/jamesstorr/.m2/repository/io/projectreactor/netty/reactor-netty-http/1.1.22/reactor-netty-http-1.1.22.jar:/Users/jamesstorr/.m2/repository/io/netty/netty-codec-http/4.1.112.Final/netty-codec-http-4.1.112.Final.jar:/Users/jamesstorr/.m2/repository/io/netty/netty-common/4.1.112.Final/netty-common-4.1.112.Final.jar:/Users/jamesstorr/.m2/repository/io/netty/netty-buffer/4.1.112.Final/netty-buffer-4.1.112.Final.jar:/Users/jamesstorr/.m2/repository/io/netty/netty-transport/4.1.112.Final/netty-transport-4.1.112.Final.jar:/Users/jamesstorr/.m2/repository/io/netty/netty-codec/4.1.112.Final/netty-codec-4.1.112.Final.jar:/Users/jamesstorr/.m2/repository/io/netty/netty-handler/4.1.112.Final/netty-handler-4.1.112.Final.jar:/Users/jamesstorr/.m2/repository/io/netty/netty-codec-http2/4.1.112.Final/netty-codec-http2-4.1.112.Final.jar:/Users/jamesstorr/.m2/repository/io/netty/netty-resolver-dns/4.1.112.Final/netty-resolver-dns-4.1.112.Final.jar:/Users/jamesstorr/.m2/repository/io/netty/netty-resolver/4.1.112.Final/netty-resolver-4.1.112.Final.jar:/Users/jamesstorr/.m2/repository/io/netty/netty-codec-dns/4.1.112.Final/netty-codec-dns-4.1.112.Final.jar:/Users/jamesstorr/.m2/repository/io/netty/netty-resolver-dns-native-macos/4.1.112.Final/netty-resolver-dns-native-macos-4.1.112.Final-osx-x86_64.jar:/Users/jamesstorr/.m2/repository/io/netty/netty-resolver-dns-classes-macos/4.1.112.Final/netty-resolver-dns-classes-macos-4.1.112.Final.jar:/Users/jamesstorr/.m2/repository/io/netty/netty-transport-native-epoll/4.1.112.Final/netty-transport-native-epoll-4.1.112.Final-linux-x86_64.jar:/Users/jamesstorr/.m2/repository/io/netty/netty-transport-native-unix-common/4.1.112.Final/netty-transport-native-unix-common-4.1.112.Final.jar:/Users/jamesstorr/.m2/repository/io/netty/netty-transport-classes-epoll/4.1.112.Final/netty-transport-classes-epoll-4.1.112.Final.jar:/Users/jamesstorr/.m2/repository/io/projectreactor/netty/reactor-netty-core/1.1.22/reactor-netty-core-1.1.22.jar:/Users/jamesstorr/.m2/repository/io/netty/netty-handler-proxy/4.1.112.Final/netty-handler-proxy-4.1.112.Final.jar:/Users/jamesstorr/.m2/repository/io/netty/netty-codec-socks/4.1.112.Final/netty-codec-socks-4.1.112.Final.jar:/Users/jamesstorr/.m2/repository/org/springframework/spring-webflux/6.1.12/spring-webflux-6.1.12.jar:/Users/jamesstorr/.m2/repository/io/projectreactor/reactor-core/3.6.9/reactor-core-3.6.9.jar:/Users/jamesstorr/.m2/repository/org/reactivestreams/reactive-streams/1.0.4/reactive-streams-1.0.4.jar:/Users/jamesstorr/.m2/repository/org/springframework/boot/spring-boot-starter-tomcat/3.3.3/spring-boot-starter-tomcat-3.3.3.jar:/Users/jamesstorr/.m2/repository/org/apache/tomcat/embed/tomcat-embed-core/10.1.28/tomcat-embed-core-10.1.28.jar:/Users/jamesstorr/.m2/repository/org/apache/tomcat/embed/tomcat-embed-el/10.1.28/tomcat-embed-el-10.1.28.jar:/Users/jamesstorr/.m2/repository/org/apache/tomcat/embed/tomcat-embed-websocket/10.1.28/tomcat-embed-websocket-10.1.28.jar:/Users/jamesstorr/.m2/repository/org/springframework/boot/spring-boot-devtools/3.3.3/spring-boot-devtools-3.3.3.jar:/Users/jamesstorr/.m2/repository/org/projectlombok/lombok/1.18.34/lombok-1.18.34.jar:/Users/jamesstorr/.m2/repository/net/serenity-bdd/serenity-core/4.0.18/serenity-core-4.0.18.jar:/Users/jamesstorr/.m2/repository/net/serenity-bdd/serenity-model/4.0.18/serenity-model-4.0.18.jar:/Users/jamesstorr/.m2/repository/org/apache/commons/commons-text/1.10.0/commons-text-1.10.0.jar:/Users/jamesstorr/.m2/repository/commons-net/commons-net/3.9.0/commons-net-3.9.0.jar:/Users/jamesstorr/.m2/repository/com/google/guava/guava/32.1.2-jre/guava-32.1.2-jre.jar:/Users/jamesstorr/.m2/repository/com/google/guava/failureaccess/1.0.1/failureaccess-1.0.1.jar:/Users/jamesstorr/.m2/repository/com/google/guava/listenablefuture/9999.0-empty-to-avoid-conflict-with-guava/listenablefuture-9999.0-empty-to-avoid-conflict-with-guava.jar:/Users/jamesstorr/.m2/repository/com/google/code/findbugs/jsr305/3.0.2/jsr305-3.0.2.jar:/Users/jamesstorr/.m2/repository/org/checkerframework/checker-qual/3.33.0/checker-qual-3.33.0.jar:/Users/jamesstorr/.m2/repository/com/google/errorprone/error_prone_annotations/2.18.0/error_prone_annotations-2.18.0.jar:/Users/jamesstorr/.m2/repository/com/google/j2objc/j2objc-annotations/2.8/j2objc-annotations-2.8.jar:/Users/jamesstorr/.m2/repository/org/jsoup/jsoup/1.15.4/jsoup-1.15.4.jar:/Users/jamesstorr/.m2/repository/com/thoughtworks/xstream/xstream/1.4.20/xstream-1.4.20.jar:/Users/jamesstorr/.m2/repository/io/github/x-stream/mxparser/1.2.2/mxparser-1.2.2.jar:/Users/jamesstorr/.m2/repository/xmlpull/xmlpull/1.1.3.1/xmlpull-1.1.3.1.jar:/Users/jamesstorr/.m2/repository/com/typesafe/config/1.4.2/config-1.4.2.jar:/Users/jamesstorr/.m2/repository/org/imgscalr/imgscalr-lib/4.2/imgscalr-lib-4.2.jar:/Users/jamesstorr/.m2/repository/org/freemarker/freemarker/2.3.33/freemarker-2.3.33.jar:/Users/jamesstorr/.m2/repository/io/github/classgraph/classgraph/4.8.157/classgraph-4.8.157.jar:/Users/jamesstorr/.m2/repository/com/github/ben-manes/caffeine/caffeine/3.1.8/caffeine-3.1.8.jar:/Users/jamesstorr/.m2/repository/org/ehcache/ehcache/3.10.8/ehcache-3.10.8.jar:/Users/jamesstorr/.m2/repository/javax/cache/cache-api/1.1.1/cache-api-1.1.1.jar:/Users/jamesstorr/.m2/repository/net/sourceforge/jexcelapi/jxl/2.6.12/jxl-2.6.12.jar:/Users/jamesstorr/.m2/repository/com/vladsch/flexmark/flexmark-all/0.64.8/flexmark-all-0.64.8.jar:/Users/jamesstorr/.m2/repository/com/vladsch/flexmark/flexmark/0.64.8/flexmark-0.64.8.jar:/Users/jamesstorr/.m2/repository/com/vladsch/flexmark/flexmark-ext-abbreviation/0.64.8/flexmark-ext-abbreviation-0.64.8.jar:/Users/jamesstorr/.m2/repository/com/vladsch/flexmark/flexmark-ext-admonition/0.64.8/flexmark-ext-admonition-0.64.8.jar:/Users/jamesstorr/.m2/repository/com/vladsch/flexmark/flexmark-ext-anchorlink/0.64.8/flexmark-ext-anchorlink-0.64.8.jar:/Users/jamesstorr/.m2/repository/com/vladsch/flexmark/flexmark-ext-aside/0.64.8/flexmark-ext-aside-0.64.8.jar:/Users/jamesstorr/.m2/repository/com/vladsch/flexmark/flexmark-ext-attributes/0.64.8/flexmark-ext-attributes-0.64.8.jar:/Users/jamesstorr/.m2/repository/com/vladsch/flexmark/flexmark-ext-autolink/0.64.8/flexmark-ext-autolink-0.64.8.jar:/Users/jamesstorr/.m2/repository/org/nibor/autolink/autolink/0.6.0/autolink-0.6.0.jar:/Users/jamesstorr/.m2/repository/com/vladsch/flexmark/flexmark-ext-definition/0.64.8/flexmark-ext-definition-0.64.8.jar:/Users/jamesstorr/.m2/repository/com/vladsch/flexmark/flexmark-ext-emoji/0.64.8/flexmark-ext-emoji-0.64.8.jar:/Users/jamesstorr/.m2/repository/com/vladsch/flexmark/flexmark-ext-enumerated-reference/0.64.8/flexmark-ext-enumerated-reference-0.64.8.jar:/Users/jamesstorr/.m2/repository/com/vladsch/flexmark/flexmark-ext-escaped-character/0.64.8/flexmark-ext-escaped-character-0.64.8.jar:/Users/jamesstorr/.m2/repository/com/vladsch/flexmark/flexmark-ext-footnotes/0.64.8/flexmark-ext-footnotes-0.64.8.jar:/Users/jamesstorr/.m2/repository/com/vladsch/flexmark/flexmark-ext-gfm-issues/0.64.8/flexmark-ext-gfm-issues-0.64.8.jar:/Users/jamesstorr/.m2/repository/com/vladsch/flexmark/flexmark-ext-gfm-strikethrough/0.64.8/flexmark-ext-gfm-strikethrough-0.64.8.jar:/Users/jamesstorr/.m2/repository/com/vladsch/flexmark/flexmark-ext-gfm-tasklist/0.64.8/flexmark-ext-gfm-tasklist-0.64.8.jar:/Users/jamesstorr/.m2/repository/com/vladsch/flexmark/flexmark-ext-gfm-users/0.64.8/flexmark-ext-gfm-users-0.64.8.jar:/Users/jamesstorr/.m2/repository/com/vladsch/flexmark/flexmark-ext-gitlab/0.64.8/flexmark-ext-gitlab-0.64.8.jar:/Users/jamesstorr/.m2/repository/com/vladsch/flexmark/flexmark-ext-jekyll-front-matter/0.64.8/flexmark-ext-jekyll-front-matter-0.64.8.jar:/Users/jamesstorr/.m2/repository/com/vladsch/flexmark/flexmark-ext-jekyll-tag/0.64.8/flexmark-ext-jekyll-tag-0.64.8.jar:/Users/jamesstorr/.m2/repository/com/vladsch/flexmark/flexmark-ext-media-tags/0.64.8/flexmark-ext-media-tags-0.64.8.jar:/Users/jamesstorr/.m2/repository/com/vladsch/flexmark/flexmark-ext-macros/0.64.8/flexmark-ext-macros-0.64.8.jar:/Users/jamesstorr/.m2/repository/com/vladsch/flexmark/flexmark-ext-ins/0.64.8/flexmark-ext-ins-0.64.8.jar:/Users/jamesstorr/.m2/repository/com/vladsch/flexmark/flexmark-ext-xwiki-macros/0.64.8/flexmark-ext-xwiki-macros-0.64.8.jar:/Users/jamesstorr/.m2/repository/com/vladsch/flexmark/flexmark-ext-superscript/0.64.8/flexmark-ext-superscript-0.64.8.jar:/Users/jamesstorr/.m2/repository/com/vladsch/flexmark/flexmark-ext-toc/0.64.8/flexmark-ext-toc-0.64.8.jar:/Users/jamesstorr/.m2/repository/com/vladsch/flexmark/flexmark-ext-typographic/0.64.8/flexmark-ext-typographic-0.64.8.jar:/Users/jamesstorr/.m2/repository/com/vladsch/flexmark/flexmark-ext-wikilink/0.64.8/flexmark-ext-wikilink-0.64.8.jar:/Users/jamesstorr/.m2/repository/com/vladsch/flexmark/flexmark-ext-yaml-front-matter/0.64.8/flexmark-ext-yaml-front-matter-0.64.8.jar:/Users/jamesstorr/.m2/repository/com/vladsch/flexmark/flexmark-ext-youtube-embedded/0.64.8/flexmark-ext-youtube-embedded-0.64.8.jar:/Users/jamesstorr/.m2/repository/com/vladsch/flexmark/flexmark-html2md-converter/0.64.8/flexmark-html2md-converter-0.64.8.jar:/Users/jamesstorr/.m2/repository/com/vladsch/flexmark/flexmark-jira-converter/0.64.8/flexmark-jira-converter-0.64.8.jar:/Users/jamesstorr/.m2/repository/com/vladsch/flexmark/flexmark-pdf-converter/0.64.8/flexmark-pdf-converter-0.64.8.jar:/Users/jamesstorr/.m2/repository/com/openhtmltopdf/openhtmltopdf-core/1.0.10/openhtmltopdf-core-1.0.10.jar:/Users/jamesstorr/.m2/repository/com/openhtmltopdf/openhtmltopdf-pdfbox/1.0.10/openhtmltopdf-pdfbox-1.0.10.jar:/Users/jamesstorr/.m2/repository/org/apache/pdfbox/pdfbox/2.0.24/pdfbox-2.0.24.jar:/Users/jamesstorr/.m2/repository/org/apache/pdfbox/fontbox/2.0.24/fontbox-2.0.24.jar:/Users/jamesstorr/.m2/repository/org/apache/pdfbox/xmpbox/2.0.24/xmpbox-2.0.24.jar:/Users/jamesstorr/.m2/repository/de/rototor/pdfbox/graphics2d/0.32/graphics2d-0.32.jar:/Users/jamesstorr/.m2/repository/com/openhtmltopdf/openhtmltopdf-rtl-support/1.0.10/openhtmltopdf-rtl-support-1.0.10.jar:/Users/jamesstorr/.m2/repository/com/vladsch/flexmark/flexmark-profile-pegdown/0.64.8/flexmark-profile-pegdown-0.64.8.jar:/Users/jamesstorr/.m2/repository/com/vladsch/flexmark/flexmark-util-ast/0.64.8/flexmark-util-ast-0.64.8.jar:/Users/jamesstorr/.m2/repository/org/jetbrains/annotations/24.0.1/annotations-24.0.1.jar:/Users/jamesstorr/.m2/repository/com/vladsch/flexmark/flexmark-util-builder/0.64.8/flexmark-util-builder-0.64.8.jar:/Users/jamesstorr/.m2/repository/com/vladsch/flexmark/flexmark-util-collection/0.64.8/flexmark-util-collection-0.64.8.jar:/Users/jamesstorr/.m2/repository/com/vladsch/flexmark/flexmark-util-data/0.64.8/flexmark-util-data-0.64.8.jar:/Users/jamesstorr/.m2/repository/com/vladsch/flexmark/flexmark-util-dependency/0.64.8/flexmark-util-dependency-0.64.8.jar:/Users/jamesstorr/.m2/repository/com/vladsch/flexmark/flexmark-util-format/0.64.8/flexmark-util-format-0.64.8.jar:/Users/jamesstorr/.m2/repository/com/vladsch/flexmark/flexmark-util-html/0.64.8/flexmark-util-html-0.64.8.jar:/Users/jamesstorr/.m2/repository/com/vladsch/flexmark/flexmark-util-misc/0.64.8/flexmark-util-misc-0.64.8.jar:/Users/jamesstorr/.m2/repository/com/vladsch/flexmark/flexmark-util-options/0.64.8/flexmark-util-options-0.64.8.jar:/Users/jamesstorr/.m2/repository/com/vladsch/flexmark/flexmark-util-sequence/0.64.8/flexmark-util-sequence-0.64.8.jar:/Users/jamesstorr/.m2/repository/com/vladsch/flexmark/flexmark-util-visitor/0.64.8/flexmark-util-visitor-0.64.8.jar:/Users/jamesstorr/.m2/repository/com/vladsch/flexmark/flexmark-youtrack-converter/0.64.8/flexmark-youtrack-converter-0.64.8.jar:/Users/jamesstorr/.m2/repository/com/vladsch/flexmark/flexmark-ext-resizable-image/0.64.8/flexmark-ext-resizable-image-0.64.8.jar:/Users/jamesstorr/.m2/repository/com/vladsch/flexmark/flexmark-ext-tables/0.64.8/flexmark-ext-tables-0.64.8.jar:/Users/jamesstorr/.m2/repository/com/vladsch/flexmark/flexmark-util/0.64.8/flexmark-util-0.64.8.jar:/Users/jamesstorr/.m2/repository/net/serenity-bdd/serenity-reports/4.0.18/serenity-reports-4.0.18.jar:/Users/jamesstorr/.m2/repository/net/serenity-bdd/serenity-stats/4.0.18/serenity-stats-4.0.18.jar:/Users/jamesstorr/.m2/repository/org/jetbrains/kotlin/kotlin-stdlib/1.9.25/kotlin-stdlib-1.9.25.jar:/Users/jamesstorr/.m2/repository/net/serenity-bdd/serenity-reports-configuration/4.0.18/serenity-reports-configuration-4.0.18.jar:/Users/jamesstorr/.m2/repository/com/ibm/icu/icu4j/72.1/icu4j-72.1.jar:/Users/jamesstorr/.m2/repository/es/nitaur/markdown/txtmark/0.16/txtmark-0.16.jar:/Users/jamesstorr/.m2/repository/net/serenity-bdd/serenity-report-resources/4.0.18/serenity-report-resources-4.0.18.jar:/Users/jamesstorr/.m2/repository/com/google/code/gson/gson/2.10.1/gson-2.10.1.jar:/Users/jamesstorr/.m2/repository/com/fasterxml/jackson/core/jackson-core/2.17.2/jackson-core-2.17.2.jar:/Users/jamesstorr/.m2/repository/com/fasterxml/jackson/core/jackson-databind/2.17.2/jackson-databind-2.17.2.jar:/Users/jamesstorr/.m2/repository/com/fasterxml/jackson/core/jackson-annotations/2.17.2/jackson-annotations-2.17.2.jar:/Users/jamesstorr/.m2/repository/commons-codec/commons-codec/1.16.1/commons-codec-1.16.1.jar:/Users/jamesstorr/.m2/repository/commons-io/commons-io/2.11.0/commons-io-2.11.0.jar:/Users/jamesstorr/.m2/repository/org/apache/httpcomponents/httpclient/4.5.13/httpclient-4.5.13.jar:/Users/jamesstorr/.m2/repository/org/apache/httpcomponents/httpcore/4.4.16/httpcore-4.4.16.jar:/Users/jamesstorr/.m2/repository/commons-logging/commons-logging/1.2/commons-logging-1.2.jar:/Users/jamesstorr/.m2/repository/org/seleniumhq/selenium/selenium-java/4.19.1/selenium-java-4.19.1.jar:/Users/jamesstorr/.m2/repository/org/seleniumhq/selenium/selenium-devtools-v121/4.19.1/selenium-devtools-v121-4.19.1.jar:/Users/jamesstorr/.m2/repository/org/seleniumhq/selenium/selenium-devtools-v122/4.19.1/selenium-devtools-v122-4.19.1.jar:/Users/jamesstorr/.m2/repository/org/seleniumhq/selenium/selenium-devtools-v123/4.19.1/selenium-devtools-v123-4.19.1.jar:/Users/jamesstorr/.m2/repository/org/seleniumhq/selenium/selenium-devtools-v85/4.19.1/selenium-devtools-v85-4.19.1.jar:/Users/jamesstorr/.m2/repository/org/seleniumhq/selenium/selenium-remote-driver/4.19.1/selenium-remote-driver-4.19.1.jar:/Users/jamesstorr/.m2/repository/io/opentelemetry/semconv/opentelemetry-semconv/1.23.1-alpha/opentelemetry-semconv-1.23.1-alpha.jar:/Users/jamesstorr/.m2/repository/io/opentelemetry/opentelemetry-api/1.37.0/opentelemetry-api-1.37.0.jar:/Users/jamesstorr/.m2/repository/io/opentelemetry/opentelemetry-context/1.37.0/opentelemetry-context-1.37.0.jar:/Users/jamesstorr/.m2/repository/io/opentelemetry/opentelemetry-exporter-logging/1.37.0/opentelemetry-exporter-logging-1.37.0.jar:/Users/jamesstorr/.m2/repository/io/opentelemetry/opentelemetry-sdk-common/1.37.0/opentelemetry-sdk-common-1.37.0.jar:/Users/jamesstorr/.m2/repository/io/opentelemetry/opentelemetry-sdk-extension-autoconfigure-spi/1.37.0/opentelemetry-sdk-extension-autoconfigure-spi-1.37.0.jar:/Users/jamesstorr/.m2/repository/io/opentelemetry/opentelemetry-sdk-extension-autoconfigure/1.37.0/opentelemetry-sdk-extension-autoconfigure-1.37.0.jar:/Users/jamesstorr/.m2/repository/io/opentelemetry/opentelemetry-api-incubator/1.37.0-alpha/opentelemetry-api-incubator-1.37.0-alpha.jar:/Users/jamesstorr/.m2/repository/io/opentelemetry/opentelemetry-sdk-trace/1.37.0/opentelemetry-sdk-trace-1.37.0.jar:/Users/jamesstorr/.m2/repository/io/opentelemetry/opentelemetry-sdk/1.37.0/opentelemetry-sdk-1.37.0.jar:/Users/jamesstorr/.m2/repository/io/opentelemetry/opentelemetry-sdk-metrics/1.37.0/opentelemetry-sdk-metrics-1.37.0.jar:/Users/jamesstorr/.m2/repository/io/opentelemetry/opentelemetry-sdk-logs/1.37.0/opentelemetry-sdk-logs-1.37.0.jar:/Users/jamesstorr/.m2/repository/org/seleniumhq/selenium/selenium-os/4.19.1/selenium-os-4.19.1.jar:/Users/jamesstorr/.m2/repository/org/apache/commons/commons-exec/1.3/commons-exec-1.3.jar:/Users/jamesstorr/.m2/repository/org/seleniumhq/selenium/selenium-safari-driver/4.19.1/selenium-safari-driver-4.19.1.jar:/Users/jamesstorr/.m2/repository/org/seleniumhq/selenium/selenium-api/4.19.1/selenium-api-4.19.1.jar:/Users/jamesstorr/.m2/repository/org/seleniumhq/selenium/selenium-support/4.19.1/selenium-support-4.19.1.jar:/Users/jamesstorr/.m2/repository/com/google/auto/service/auto-service-annotations/1.1.1/auto-service-annotations-1.1.1.jar:/Users/jamesstorr/.m2/repository/org/seleniumhq/selenium/selenium-json/4.19.1/selenium-json-4.19.1.jar:/Users/jamesstorr/.m2/repository/org/seleniumhq/selenium/selenium-chrome-driver/4.19.1/selenium-chrome-driver-4.19.1.jar:/Users/jamesstorr/.m2/repository/org/seleniumhq/selenium/selenium-chromium-driver/4.19.1/selenium-chromium-driver-4.19.1.jar:/Users/jamesstorr/.m2/repository/org/seleniumhq/selenium/selenium-manager/4.19.1/selenium-manager-4.19.1.jar:/Users/jamesstorr/.m2/repository/org/seleniumhq/selenium/selenium-firefox-driver/4.19.1/selenium-firefox-driver-4.19.1.jar:/Users/jamesstorr/.m2/repository/org/seleniumhq/selenium/selenium-http/4.19.1/selenium-http-4.19.1.jar:/Users/jamesstorr/.m2/repository/dev/failsafe/failsafe/3.3.2/failsafe-3.3.2.jar:/Users/jamesstorr/.m2/repository/org/seleniumhq/selenium/selenium-edge-driver/4.19.1/selenium-edge-driver-4.19.1.jar:/Users/jamesstorr/.m2/repository/org/seleniumhq/selenium/selenium-ie-driver/4.19.1/selenium-ie-driver-4.19.1.jar:/Users/jamesstorr/.m2/repository/org/htmlunit/htmlunit/3.4.0/htmlunit-3.4.0.jar:/Users/jamesstorr/.m2/repository/org/apache/httpcomponents/httpmime/4.5.14/httpmime-4.5.14.jar:/Users/jamesstorr/.m2/repository/org/htmlunit/htmlunit-core-js/3.4.0/htmlunit-core-js-3.4.0.jar:/Users/jamesstorr/.m2/repository/org/htmlunit/neko-htmlunit/3.4.0/neko-htmlunit-3.4.0.jar:/Users/jamesstorr/.m2/repository/org/htmlunit/htmlunit-cssparser/3.4.0/htmlunit-cssparser-3.4.0.jar:/Users/jamesstorr/.m2/repository/org/htmlunit/htmlunit-xpath/3.4.0/htmlunit-xpath-3.4.0.jar:/Users/jamesstorr/.m2/repository/org/brotli/dec/0.1.2/dec-0.1.2.jar:/Users/jamesstorr/.m2/repository/com/shapesecurity/salvation2/3.0.1/salvation2-3.0.1.jar:/Users/jamesstorr/.m2/repository/org/eclipse/jetty/websocket/websocket-client/9.4.51.v20230217/websocket-client-9.4.51.v20230217.jar:/Users/jamesstorr/.m2/repository/org/eclipse/jetty/websocket/websocket-common/9.4.51.v20230217/websocket-common-9.4.51.v20230217.jar:/Users/jamesstorr/.m2/repository/org/eclipse/jetty/websocket/websocket-api/9.4.51.v20230217/websocket-api-9.4.51.v20230217.jar:/Users/jamesstorr/.m2/repository/org/seleniumhq/selenium/htmlunit3-driver/4.10.0/htmlunit3-driver-4.10.0.jar:/Users/jamesstorr/.m2/repository/io/appium/java-client/9.0.0/java-client-9.0.0.jar:/Users/jamesstorr/.m2/repository/org/apache/groovy/groovy/4.0.22/groovy-4.0.22.jar:/Users/jamesstorr/.m2/repository/net/sf/opencsv/opencsv/2.0/opencsv-2.0.jar:/Users/jamesstorr/.m2/repository/org/apache/commons/commons-lang3/3.14.0/commons-lang3-3.14.0.jar:/Users/jamesstorr/.m2/repository/org/apache/commons/commons-compress/1.23.0/commons-compress-1.23.0.jar:/Users/jamesstorr/.m2/repository/org/fluentlenium/fluentlenium-core/0.10.2/fluentlenium-core-0.10.2.jar:/Users/jamesstorr/.m2/repository/com/jhlabs/filters/2.0.235/filters-2.0.235.jar:/Users/jamesstorr/.m2/repository/com/paulhammant/ngwebdriver/1.1.6/ngwebdriver-1.1.6.jar:/Users/jamesstorr/.m2/repository/joda-time/joda-time/2.12.2/joda-time-2.12.2.jar:/Users/jamesstorr/.m2/repository/com/google/jimfs/jimfs/1.3.0/jimfs-1.3.0.jar:/Users/jamesstorr/.m2/repository/javax/xml/bind/jaxb-api/2.3.1/jaxb-api-2.3.1.jar:/Users/jamesstorr/.m2/repository/javax/activation/javax.activation-api/1.2.0/javax.activation-api-1.2.0.jar:/Users/jamesstorr/.m2/repository/com/sun/xml/bind/jaxb-core/4.0.5/jaxb-core-4.0.5.jar:/Users/jamesstorr/.m2/repository/org/eclipse/angus/angus-activation/2.0.2/angus-activation-2.0.2.jar:/Users/jamesstorr/.m2/repository/com/sun/xml/bind/jaxb-impl/4.0.5/jaxb-impl-4.0.5.jar:/Users/jamesstorr/.m2/repository/javax/activation/activation/1.1.1/activation-1.1.1.jar:/Users/jamesstorr/.m2/repository/net/serenity-bdd/serenity-cucumber/4.0.18/serenity-cucumber-4.0.18.jar:/Users/jamesstorr/.m2/repository/net/serenity-bdd/serenity-screenplay/4.0.18/serenity-screenplay-4.0.18.jar:/Users/jamesstorr/.m2/repository/net/serenity-bdd/serenity-screenplay-webdriver/4.0.18/serenity-screenplay-webdriver-4.0.18.jar:/Users/jamesstorr/.m2/repository/io/cucumber/cucumber-core/7.14.0/cucumber-core-7.14.0.jar:/Users/jamesstorr/.m2/repository/io/cucumber/cucumber-gherkin/7.14.0/cucumber-gherkin-7.14.0.jar:/Users/jamesstorr/.m2/repository/io/cucumber/cucumber-gherkin-messages/7.14.0/cucumber-gherkin-messages-7.14.0.jar:/Users/jamesstorr/.m2/repository/io/cucumber/gherkin/26.2.0/gherkin-26.2.0.jar:/Users/jamesstorr/.m2/repository/io/cucumber/messages/22.0.0/messages-22.0.0.jar:/Users/jamesstorr/.m2/repository/io/cucumber/tag-expressions/5.0.6/tag-expressions-5.0.6.jar:/Users/jamesstorr/.m2/repository/io/cucumber/cucumber-expressions/16.1.2/cucumber-expressions-16.1.2.jar:/Users/jamesstorr/.m2/repository/io/cucumber/datatable/7.14.0/datatable-7.14.0.jar:/Users/jamesstorr/.m2/repository/io/cucumber/cucumber-plugin/7.14.0/cucumber-plugin-7.14.0.jar:/Users/jamesstorr/.m2/repository/io/cucumber/docstring/7.14.0/docstring-7.14.0.jar:/Users/jamesstorr/.m2/repository/io/cucumber/html-formatter/20.4.0/html-formatter-20.4.0.jar:/Users/jamesstorr/.m2/repository/io/cucumber/junit-xml-formatter/0.2.0/junit-xml-formatter-0.2.0.jar:/Users/jamesstorr/.m2/repository/io/cucumber/ci-environment/9.2.0/ci-environment-9.2.0.jar:/Users/jamesstorr/.m2/repository/io/cucumber/cucumber-java/7.14.0/cucumber-java-7.14.0.jar:/Users/jamesstorr/.m2/repository/io/cucumber/cucumber-junit/7.14.0/cucumber-junit-7.14.0.jar:/Users/jamesstorr/.m2/repository/org/apiguardian/apiguardian-api/1.1.2/apiguardian-api-1.1.2.jar:/Users/jamesstorr/.m2/repository/org/apache/commons/commons-csv/1.5/commons-csv-1.5.jar:/Users/jamesstorr/.m2/repository/net/serenity-bdd/serenity-rest-assured/4.0.18/serenity-rest-assured-4.0.18.jar:/Users/jamesstorr/.m2/repository/io/rest-assured/rest-assured/5.4.0/rest-assured-5.4.0.jar:/Users/jamesstorr/.m2/repository/org/ccil/cowan/tagsoup/tagsoup/1.2.1/tagsoup-1.2.1.jar:/Users/jamesstorr/.m2/repository/io/rest-assured/json-path/5.4.0/json-path-5.4.0.jar:/Users/jamesstorr/.m2/repository/io/rest-assured/rest-assured-common/5.4.0/rest-assured-common-5.4.0.jar:/Users/jamesstorr/.m2/repository/io/rest-assured/xml-path/5.4.0/xml-path-5.4.0.jar:/Users/jamesstorr/.m2/repository/org/apache/groovy/groovy-json/4.0.22/groovy-json-4.0.22.jar:/Users/jamesstorr/.m2/repository/org/apache/groovy/groovy-xml/4.0.22/groovy-xml-4.0.22.jar:/Users/jamesstorr/.m2/repository/org/opentest4j/opentest4j/1.2.0/opentest4j-1.2.0.jar:/Users/jamesstorr/.m2/repository/net/serenity-bdd/serenity-spring/4.0.18/serenity-spring-4.0.18.jar:/Users/jamesstorr/.m2/repository/net/serenity-bdd/serenity-junit/4.0.18/serenity-junit-4.0.18.jar:/Users/jamesstorr/.m2/repository/junit/junit/4.13.2/junit-4.13.2.jar:/Users/jamesstorr/.m2/repository/org/springframework/spring-context/6.1.12/spring-context-6.1.12.jar:/Users/jamesstorr/.m2/repository/org/springframework/spring-context-support/6.1.12/spring-context-support-6.1.12.jar:/Users/jamesstorr/.m2/repository/io/cucumber/cucumber-junit-platform-engine/7.14.0/cucumber-junit-platform-engine-7.14.0.jar:/Users/jamesstorr/.m2/repository/org/junit/platform/junit-platform-engine/1.10.3/junit-platform-engine-1.10.3.jar:/Users/jamesstorr/.m2/repository/org/junit/platform/junit-platform-commons/1.10.3/junit-platform-commons-1.10.3.jar:/Users/jamesstorr/.m2/repository/org/junit/platform/junit-platform-suite/1.10.0/junit-platform-suite-1.10.0.jar:/Users/jamesstorr/.m2/repository/org/junit/platform/junit-platform-suite-api/1.10.3/junit-platform-suite-api-1.10.3.jar:/Users/jamesstorr/.m2/repository/org/junit/platform/junit-platform-suite-engine/1.10.3/junit-platform-suite-engine-1.10.3.jar:/Users/jamesstorr/.m2/repository/org/junit/platform/junit-platform-suite-commons/1.10.3/junit-platform-suite-commons-1.10.3.jar:/Users/jamesstorr/.m2/repository/org/junit/platform/junit-platform-launcher/1.10.3/junit-platform-launcher-1.10.3.jar:/Users/jamesstorr/.m2/repository/org/wiremock/wiremock-standalone/3.9.1/wiremock-standalone-3.9.1.jar:/Users/jamesstorr/.m2/repository/org/wiremock/wiremock-jetty12/3.9.1/wiremock-jetty12-3.9.1.jar:/Users/jamesstorr/.m2/repository/org/wiremock/wiremock/3.9.1/wiremock-3.9.1.jar:/Users/jamesstorr/.m2/repository/org/apache/httpcomponents/client5/httpclient5/5.3.1/httpclient5-5.3.1.jar:/Users/jamesstorr/.m2/repository/org/apache/httpcomponents/core5/httpcore5/5.2.5/httpcore5-5.2.5.jar:/Users/jamesstorr/.m2/repository/org/apache/httpcomponents/core5/httpcore5-h2/5.2.5/httpcore5-h2-5.2.5.jar:/Users/jamesstorr/.m2/repository/org/xmlunit/xmlunit-legacy/2.9.1/xmlunit-legacy-2.9.1.jar:/Users/jamesstorr/.m2/repository/org/xmlunit/xmlunit-placeholders/2.9.1/xmlunit-placeholders-2.9.1.jar:/Users/jamesstorr/.m2/repository/net/javacrumbs/json-unit/json-unit-core/2.40.0/json-unit-core-2.40.0.jar:/Users/jamesstorr/.m2/repository/org/hamcrest/hamcrest-core/2.2/hamcrest-core-2.2.jar:/Users/jamesstorr/.m2/repository/net/sf/jopt-simple/jopt-simple/5.0.4/jopt-simple-5.0.4.jar:/Users/jamesstorr/.m2/repository/com/github/jknack/handlebars/4.3.1/handlebars-4.3.1.jar:/Users/jamesstorr/.m2/repository/com/github/jknack/handlebars-helpers/4.3.1/handlebars-helpers-4.3.1.jar:/Users/jamesstorr/.m2/repository/commons-fileupload/commons-fileupload/1.5/commons-fileupload-1.5.jar:/Users/jamesstorr/.m2/repository/com/networknt/json-schema-validator/1.5.0/json-schema-validator-1.5.0.jar:/Users/jamesstorr/.m2/repository/com/ethlo/time/itu/1.10.2/itu-1.10.2.jar:/Users/jamesstorr/.m2/repository/com/fasterxml/jackson/dataformat/jackson-dataformat-yaml/2.17.2/jackson-dataformat-yaml-2.17.2.jar:/Users/jamesstorr/.m2/repository/org/eclipse/jetty/jetty-server/12.0.12/jetty-server-12.0.12.jar:/Users/jamesstorr/.m2/repository/org/eclipse/jetty/jetty-http/12.0.12/jetty-http-12.0.12.jar:/Users/jamesstorr/.m2/repository/org/eclipse/jetty/jetty-io/12.0.12/jetty-io-12.0.12.jar:/Users/jamesstorr/.m2/repository/org/eclipse/jetty/jetty-proxy/12.0.12/jetty-proxy-12.0.12.jar:/Users/jamesstorr/.m2/repository/org/eclipse/jetty/jetty-client/12.0.12/jetty-client-12.0.12.jar:/Users/jamesstorr/.m2/repository/org/eclipse/jetty/jetty-alpn-server/12.0.12/jetty-alpn-server-12.0.12.jar:/Users/jamesstorr/.m2/repository/org/eclipse/jetty/jetty-alpn-java-server/12.0.12/jetty-alpn-java-server-12.0.12.jar:/Users/jamesstorr/.m2/repository/org/eclipse/jetty/jetty-alpn-java-client/12.0.12/jetty-alpn-java-client-12.0.12.jar:/Users/jamesstorr/.m2/repository/org/eclipse/jetty/jetty-alpn-client/12.0.12/jetty-alpn-client-12.0.12.jar:/Users/jamesstorr/.m2/repository/org/eclipse/jetty/ee10/jetty-ee10-servlet/12.0.12/jetty-ee10-servlet-12.0.12.jar:/Users/jamesstorr/.m2/repository/jakarta/servlet/jakarta.servlet-api/6.0.0/jakarta.servlet-api-6.0.0.jar:/Users/jamesstorr/.m2/repository/org/eclipse/jetty/jetty-security/12.0.12/jetty-security-12.0.12.jar:/Users/jamesstorr/.m2/repository/org/eclipse/jetty/jetty-session/12.0.12/jetty-session-12.0.12.jar:/Users/jamesstorr/.m2/repository/org/eclipse/jetty/ee10/jetty-ee10-servlets/12.0.12/jetty-ee10-servlets-12.0.12.jar:/Users/jamesstorr/.m2/repository/org/eclipse/jetty/jetty-util/12.0.12/jetty-util-12.0.12.jar:/Users/jamesstorr/.m2/repository/org/eclipse/jetty/ee10/jetty-ee10-webapp/12.0.12/jetty-ee10-webapp-12.0.12.jar:/Users/jamesstorr/.m2/repository/org/eclipse/jetty/jetty-ee/12.0.12/jetty-ee-12.0.12.jar:/Users/jamesstorr/.m2/repository/org/eclipse/jetty/jetty-xml/12.0.12/jetty-xml-12.0.12.jar:/Users/jamesstorr/.m2/repository/org/eclipse/jetty/http2/jetty-http2-server/12.0.12/jetty-http2-server-12.0.12.jar:/Users/jamesstorr/.m2/repository/org/eclipse/jetty/http2/jetty-http2-common/12.0.12/jetty-http2-common-12.0.12.jar:/Users/jamesstorr/.m2/repository/org/eclipse/jetty/http2/jetty-http2-hpack/12.0.12/jetty-http2-hpack-12.0.12.jar:"/>
    <property name="sun.cpu.endian" value="little"/>
    <property name="user.home" value="/Users/jamesstorr"/>
    <property name="user.language" value="en"/>
    <property name="java.specification.vendor" value="Oracle Corporation"/>
    <property name="java.version.date" value="2024-04-16"/>
    <property name="java.home" value="/Library/Java/JavaVirtualMachines/jdk-17.jdk/Contents/Home"/>
    <property name="file.separator" value="/"/>
    <property name="basedir" value="/Users/jamesstorr/Personal_Projects/serenity_bdd_example"/>
    <property name="java.vm.compressedOopsMode" value="Zero based"/>
    <property name="line.separator" value="&#10;"/>
    <property name="java.specification.name" value="Java Platform API Specification"/>
    <property name="java.vm.specification.vendor" value="Oracle Corporation"/>
    <property name="FILE_LOG_CHARSET" value="UTF-8"/>
    <property name="java.awt.headless" value="true"/>
    <property name="surefire.real.class.path" value="/Users/jamesstorr/Personal_Projects/serenity_bdd_example/target/surefire/surefirebooter-20240926130834150_3.jar"/>
    <property name="sun.management.compiler" value="HotSpot 64-Bit Tiered Compilers"/>
    <property name="java.runtime.version" value="17.0.11+7-LTS-207"/>
    <property name="user.name" value="jamesstorr"/>
    <property name="path.separator" value=":"/>
    <property name="os.version" value="14.5"/>
    <property name="java.runtime.name" value="Java(TM) SE Runtime Environment"/>
    <property name="file.encoding" value="UTF-8"/>
    <property name="java.vm.name" value="Java HotSpot(TM) 64-Bit Server VM"/>
    <property name="localRepository" value="/Users/jamesstorr/.m2/repository"/>
    <property name="javax.xml.xpath.XPathFactory:http://java.sun.com/jaxp/xpath/dom" value="com.sun.org.apache.xpath.internal.jaxp.XPathFactoryImpl"/>
    <property name="java.vendor.url.bug" value="https://bugreport.java.com/bugreport/"/>
    <property name="jetty.git.hash" value="922f8dc188f7011e60d0361de585fd4ac4d63064"/>
    <property name="java.io.tmpdir" value="/var/folders/_l/sk0cg5k97cj03zssj72h5gcr0000gq/T/"/>
    <property name="wiremock.org.eclipse.jetty.http.HttpGenerator.STRICT" value="true"/>
    <property name="catalina.home" value="/private/var/folders/_l/sk0cg5k97cj03zssj72h5gcr0000gq/T/tomcat.0.12821686651140738567"/>
    <property name="java.version" value="17.0.11"/>
    <property name="user.dir" value="/Users/jamesstorr/Personal_Projects/serenity_bdd_example"/>
    <property name="os.arch" value="aarch64"/>
    <property name="java.vm.specification.name" value="Java Virtual Machine Specification"/>
    <property name="PID" value="35839"/>
    <property name="CONSOLE_LOG_CHARSET" value="UTF-8"/>
    <property name="catalina.base" value="/private/var/folders/_l/sk0cg5k97cj03zssj72h5gcr0000gq/T/tomcat.0.12821686651140738567"/>
    <property name="native.encoding" value="UTF-8"/>
    <property name="java.library.path" value="/Users/jamesstorr/Library/Java/Extensions:/Library/Java/Extensions:/Network/Library/Java/Extensions:/System/Library/Java/Extensions:/usr/lib/java:."/>
    <property name="java.vm.info" value="mixed mode, sharing"/>
    <property name="java.vendor" value="Oracle Corporation"/>
    <property name="java.vm.version" value="17.0.11+7-LTS-207"/>
    <property name="sun.io.unicode.encoding" value="UnicodeBig"/>
    <property name="javax.xml.transform.TransformerFactory" value="com.sun.org.apache.xalan.internal.xsltc.trax.TransformerFactoryImpl"/>
    <property name="java.class.version" value="61.0"/>
  </properties>
  <testcase name="Get a Valid Joke Response" classname="Joke API Tests" time="3.645">
    <system-out><![CDATA[13:08:34.944 [main] INFO net.thucydides.core.steps.StepEventBus -- Loading JUnit Platform configuration parameters from classpath resource [junit-platform.properties].
13:08:34.958 [main] INFO  -- 

-------------------------------------------------------------------------------------
     _______. _______ .______       _______ .__   __.  __  .___________.____    ____ 
    /       ||   ____||   _  \     |   ____||  \ |  | |  | |           |\   \  /   / 
   |   (----`|  |__   |  |_)  |    |  |__   |   \|  | |  | `---|  |----` \   \/   /  
    \   \    |   __|  |      /     |   __|  |  . `  | |  |     |  |       \_    _/   
.----)   |   |  |____ |  |\  \----.|  |____ |  |\   | |  |     |  |         |  |     
|_______/    |_______|| _| `._____||_______||__| \__| |__|     |__|         |__|    
                                                                                     
 News and tutorials at https://serenity-bdd.info                                     
 Documentation at https://serenity-bdd.github.io                                     
 Test Automation Training and Coaching: https://www.serenity-dojo.com                
 Commercial Support: https://www.serenity-dojo.com/serenity-bdd-enterprise-support   
 Join the Serenity Community on Gitter: https://gitter.im/serenity-bdd/serenity-core 
-------------------------------------------------------------------------------------

13:08:34.962 [main] INFO  -- Test Suite Started: Joke API Tests

Scenario: Get a Valid Joke Response                                   &amp#27;[90m# features/JokeTests.feature:2&amp#27;[0m
13:08:35.255 [main] INFO org.springframework.test.context.support.AnnotationConfigContextLoaderUtils -- Could not detect default configuration classes for test class [com.jamesstorr.jokes_service.bdd.actions.JokeApiActions$ByteBuddy$cuqFL6Nc]: JokeApiActions$ByteBuddy$cuqFL6Nc does not declare any static, non-private, non-final, nested classes annotated with @Configuration.
13:08:35.302 [main] INFO org.springframework.boot.test.context.SpringBootTestContextBootstrapper -- Found @SpringBootConfiguration com.jamesstorr.jokes_service.JokesServiceApplication for test class com.jamesstorr.jokes_service.bdd.actions.JokeApiActions$ByteBuddy$cuqFL6Nc
13:08:35.356 [main] INFO org.springframework.boot.devtools.restart.RestartApplicationListener -- Restart disabled due to context in which it is running

  .   ____          _            __ _ _
 /\\ / ___'_ __ _ _(_)_ __  __ _ \ \ \ \
( ( )\___ | '_ | '_| | '_ \/ _` | \ \ \ \
 \\/  ___)| |_)| | | | | || (_| |  ) ) ) )
  '  |____| .__|_| |_|_| |_\__, | / / / /
 =========|_|==============|___/=/_/_/_/

 :: Spring Boot ::                (v3.3.3)

2024-09-26T13:08:35.501+01:00  INFO 35839 --- [           main] .j.b.a.JokeApiActions$ByteBuddy$cuqFL6Nc : Starting JokeApiActions.ByteBuddy.cuqFL6Nc using Java 17.0.11 with PID 35839 (started by jamesstorr in /Users/jamesstorr/Personal_Projects/serenity_bdd_example)
2024-09-26T13:08:35.501+01:00  INFO 35839 --- [           main] .j.b.a.JokeApiActions$ByteBuddy$cuqFL6Nc : The following 1 profile is active: "test"
2024-09-26T13:08:36.196+01:00  INFO 35839 --- [           main] o.s.b.w.embedded.tomcat.TomcatWebServer  : Tomcat initialized with port 0 (http)
2024-09-26T13:08:36.202+01:00  INFO 35839 --- [           main] o.apache.catalina.core.StandardService   : Starting service [Tomcat]
2024-09-26T13:08:36.203+01:00  INFO 35839 --- [           main] o.apache.catalina.core.StandardEngine    : Starting Servlet engine: [Apache Tomcat/10.1.28]
2024-09-26T13:08:36.238+01:00  INFO 35839 --- [           main] o.a.c.c.C.[Tomcat].[localhost].[/]       : Initializing Spring embedded WebApplicationContext
2024-09-26T13:08:36.238+01:00  INFO 35839 --- [           main] w.s.c.ServletWebServerApplicationContext : Root WebApplicationContext: initialization completed in 463 ms
2024-09-26 13:08:36.278 Verbose logging enabled
WireMockServer started on port 9090.
Using Base URL: http://localhost:9090/jokeAPIorg.springframework.web.reactive.function.client.DefaultWebClient@1dba7721
JokesController instantiated
JokesController instantiated
2024-09-26T13:08:36.892+01:00 DEBUG 35839 --- [           main] s.w.s.m.m.a.RequestMappingHandlerMapping : 3 mappings in 'requestMappingHandlerMapping'
2024-09-26T13:08:36.904+01:00 DEBUG 35839 --- [           main] o.s.w.s.handler.SimpleUrlHandlerMapping  : Patterns [/webjars/**, /**] in 'resourceHandlerMapping'
2024-09-26T13:08:36.942+01:00 DEBUG 35839 --- [           main] s.w.s.m.m.a.RequestMappingHandlerAdapter : ControllerAdvice beans: 0 @ModelAttribute, 0 @InitBinder, 1 RequestBodyAdvice, 1 ResponseBodyAdvice
2024-09-26T13:08:36.957+01:00 DEBUG 35839 --- [           main] .m.m.a.ExceptionHandlerExceptionResolver : ControllerAdvice beans: 1 @ExceptionHandler, 1 ResponseBodyAdvice
2024-09-26T13:08:36.973+01:00 DEBUG 35839 --- [           main] o.s.w.s.v.f.FreeMarkerConfigurer         : File system access not preferred: using SpringTemplateLoader
2024-09-26T13:08:37.045+01:00  INFO 35839 --- [           main] o.s.b.w.embedded.tomcat.TomcatWebServer  : Tomcat started on port 62732 (http) with context path '/'
2024-09-26T13:08:37.050+01:00  INFO 35839 --- [           main] .j.b.a.JokeApiActions$ByteBuddy$cuqFL6Nc : Started JokeApiActions.ByteBuddy.cuqFL6Nc in 1.699 seconds (process running for 2.837)
  &amp#27;[32mGiven &amp#27;[0m&amp#27;[32ma joke provider &amp#27;[0m&amp#27;[32m&amp#27;[1m"officialJoke"&amp#27;[0m                                &amp#27;[90m# com.jamesstorr.jokes_service.bdd.steps.JokeStepDefinitions.aJokeProvider(java.lang.String)&amp#27;[0m
Calling endpoint: http://localhost:62732/api/jokes
2024-09-26T13:08:38.094+01:00  INFO 35839 --- [o-auto-1-exec-1] o.a.c.c.C.[Tomcat].[localhost].[/]       : Initializing Spring DispatcherServlet 'dispatcherServlet'
2024-09-26T13:08:38.094+01:00  INFO 35839 --- [o-auto-1-exec-1] o.s.web.servlet.DispatcherServlet        : Initializing Servlet 'dispatcherServlet'
2024-09-26T13:08:38.094+01:00 DEBUG 35839 --- [o-auto-1-exec-1] o.s.web.servlet.DispatcherServlet        : Detected StandardServletMultipartResolver
2024-09-26T13:08:38.094+01:00 DEBUG 35839 --- [o-auto-1-exec-1] o.s.web.servlet.DispatcherServlet        : Detected AcceptHeaderLocaleResolver
2024-09-26T13:08:38.094+01:00 DEBUG 35839 --- [o-auto-1-exec-1] o.s.web.servlet.DispatcherServlet        : Detected FixedThemeResolver
2024-09-26T13:08:38.095+01:00 DEBUG 35839 --- [o-auto-1-exec-1] o.s.web.servlet.DispatcherServlet        : Detected org.springframework.web.servlet.view.DefaultRequestToViewNameTranslator@24738ebd
2024-09-26T13:08:38.095+01:00 DEBUG 35839 --- [o-auto-1-exec-1] o.s.web.servlet.DispatcherServlet        : Detected org.springframework.web.servlet.support.SessionFlashMapManager@156e2409
2024-09-26T13:08:38.095+01:00 DEBUG 35839 --- [o-auto-1-exec-1] o.s.web.servlet.DispatcherServlet        : enableLoggingRequestDetails='false': request parameters and headers will be masked to prevent unsafe logging of potentially sensitive data
2024-09-26T13:08:38.095+01:00  INFO 35839 --- [o-auto-1-exec-1] o.s.web.servlet.DispatcherServlet        : Completed initialization in 1 ms
2024-09-26T13:08:38.099+01:00 DEBUG 35839 --- [o-auto-1-exec-1] o.s.web.servlet.DispatcherServlet        : GET "/api/jokes?provider=officialJoke", parameters={masked}
2024-09-26T13:08:38.103+01:00 DEBUG 35839 --- [o-auto-1-exec-1] s.w.s.m.m.a.RequestMappingHandlerMapping : Mapped to com.jamesstorr.jokes_service.api.controller.JokesController#getJoke(String)
2024-09-26T13:08:38.143+01:00 DEBUG 35839 --- [o-auto-1-exec-1] o.s.w.r.f.client.ExchangeFunctions       : [78e7b7a2] HTTP GET http://localhost:9090/officialJoke/jokes/random
2024-09-26T13:08:38.179+01:00 ERROR 35839 --- [o-auto-1-exec-1] i.n.r.d.DnsServerAddressStreamProviders  : Unable to load io.netty.resolver.dns.macos.MacOSDnsServerAddressStreamProvider, fallback to system defaults. This may result in incorrect DNS resolutions on MacOS. Check whether you have a dependency on 'io.netty:netty-resolver-dns-native-macos'. Use DEBUG level to see the full stack: java.lang.UnsatisfiedLinkError: failed to load the required native library
2024-09-26 13:08:38.316 Request received:
[0:0:0:0:0:0:0:1] - GET /officialJoke/jokes/random

Accept-Encoding: [gzip]
User-Agent: [ReactorNetty/1.1.22]
Host: [localhost:9090]
Accept: [*/*]



Matched response definition:
{
  "status" : 200,
  "body" : "{ \"setup\": \"Why did the chicken cross the road?\", \"punchline\": \"To get to the other side!\" }",
  "headers" : {
    "Content-Type" : "application/json"
  }
}

Response:
HTTP/1.1 200
Content-Type: [application/json]
Matched-Stub-Id: [b099c44d-6ad0-48b7-b7e7-3a641d997550]

2024-09-26T13:08:38.333+01:00 DEBUG 35839 --- [ctor-http-nio-2] o.s.w.r.f.client.ExchangeFunctions       : [78e7b7a2] [5f3c1563-1] Response 200 OK
2024-09-26T13:08:38.373+01:00 DEBUG 35839 --- [ctor-http-nio-2] org.springframework.web.HttpLogging      : [78e7b7a2] [5f3c1563-1] Decoded [OfficialJokeStrategy.OfficialJokeResponse(setup=Why did the chicken cross the road?, punchline=To ge (truncated)...]
2024-09-26T13:08:38.382+01:00 DEBUG 35839 --- [o-auto-1-exec-1] m.m.a.RequestResponseBodyMethodProcessor : Using 'application/json', given [*/*] and supported [application/json, application/*+json]
2024-09-26T13:08:38.382+01:00 DEBUG 35839 --- [o-auto-1-exec-1] m.m.a.RequestResponseBodyMethodProcessor : Writing [Joke(setup=Why did the chicken cross the road?, punchline=To get to the other side!, provider=Offici (truncated)...]
2024-09-26T13:08:38.387+01:00 DEBUG 35839 --- [o-auto-1-exec-1] o.s.web.servlet.DispatcherServlet        : Completed 200 OK
2024-09-26T13:08:38.391+01:00 DEBUG 35839 --- [           main] i.r.internal.RestAssuredHttpBuilder      : Parsing response as: application/json
2024-09-26T13:08:38.391+01:00 DEBUG 35839 --- [           main] i.r.internal.RestAssuredHttpBuilder      : Parsed data to instance of: class org.apache.http.conn.EofSensorInputStream
io.restassured.internal.RestAssuredResponseImpl@4dba2d07
  &amp#27;[32mWhen &amp#27;[0m&amp#27;[32mI request a joke&amp#27;[0m                                               &amp#27;[90m# com.jamesstorr.jokes_service.bdd.steps.JokeStepDefinitions.iRequestAJoke()&amp#27;[0m
  &amp#27;[32mThen &amp#27;[0m&amp#27;[32mI should receive a random joke with provider &amp#27;[0m&amp#27;[32m&amp#27;[1m"OfficialJokeAPI"&amp#27;[0m &amp#27;[90m# com.jamesstorr.jokes_service.bdd.steps.JokeStepDefinitions.iShouldReceiveAJokeWithProvider(java.lang.String)&amp#27;[0m
]]></system-out>
  </testcase>
  <testcase name="Get a Chuck Norris Joke" classname="Joke API Tests" time="0.032">
    <system-out><![CDATA[
Scenario: Get a Chuck Norris Joke                                        &amp#27;[90m# features/JokeTests.feature:7&amp#27;[0m
2024-09-26T13:08:38.649+01:00  INFO 35839 --- [           main] t.c.s.AnnotationConfigContextLoaderUtils : Could not detect default configuration classes for test class [com.jamesstorr.jokes_service.bdd.actions.JokeApiActions$ByteBuddy$cuqFL6Nc]: JokeApiActions$ByteBuddy$cuqFL6Nc does not declare any static, non-private, non-final, nested classes annotated with @Configuration.
2024-09-26T13:08:38.650+01:00  INFO 35839 --- [           main] .b.t.c.SpringBootTestContextBootstrapper : Found @SpringBootConfiguration com.jamesstorr.jokes_service.JokesServiceApplication for test class com.jamesstorr.jokes_service.bdd.actions.JokeApiActions$ByteBuddy$cuqFL6Nc
  &amp#27;[32mGiven &amp#27;[0m&amp#27;[32ma joke provider &amp#27;[0m&amp#27;[32m&amp#27;[1m"chuckNorrisJoke"&amp#27;[0m                                &amp#27;[90m# com.jamesstorr.jokes_service.bdd.steps.JokeStepDefinitions.aJokeProvider(java.lang.String)&amp#27;[0m
Calling endpoint: http://localhost:62732/api/jokes
2024-09-26T13:08:38.661+01:00 DEBUG 35839 --- [o-auto-1-exec-2] o.s.web.servlet.DispatcherServlet        : GET "/api/jokes?provider=chuckNorrisJoke", parameters={masked}
2024-09-26T13:08:38.661+01:00 DEBUG 35839 --- [o-auto-1-exec-2] s.w.s.m.m.a.RequestMappingHandlerMapping : Mapped to com.jamesstorr.jokes_service.api.controller.JokesController#getJoke(String)
2024-09-26T13:08:38.662+01:00 DEBUG 35839 --- [o-auto-1-exec-2] o.s.w.r.f.client.ExchangeFunctions       : [2a06fc2f] HTTP GET http://localhost:9090/chuckNorris/jokes/random
2024-09-26 13:08:38.664 Request received:
[0:0:0:0:0:0:0:1] - GET /chuckNorris/jokes/random

Accept-Encoding: [gzip]
User-Agent: [ReactorNetty/1.1.22]
Host: [localhost:9090]
Accept: [*/*]



Matched response definition:
{
  "status" : 200,
  "body" : "{ \"value\": \"Chuck Norris can divide by zero\" }",
  "headers" : {
    "Content-Type" : "application/json"
  }
}

Response:
HTTP/1.1 200
Content-Type: [application/json]
Matched-Stub-Id: [caae36ad-03bb-4277-9d6d-433338ab31a3]

2024-09-26T13:08:38.665+01:00 DEBUG 35839 --- [ctor-http-nio-2] o.s.w.r.f.client.ExchangeFunctions       : [2a06fc2f] [5f3c1563-2] Response 200 OK
2024-09-26T13:08:38.666+01:00 DEBUG 35839 --- [ctor-http-nio-2] org.springframework.web.HttpLogging      : [2a06fc2f] [5f3c1563-2] Decoded [ChuckNorrisJokeStrategy.ChuckNorrisJokesResponse(value=Chuck Norris can divide by zero)]
2024-09-26T13:08:38.666+01:00 DEBUG 35839 --- [o-auto-1-exec-2] m.m.a.RequestResponseBodyMethodProcessor : Using 'application/json', given [*/*] and supported [application/json, application/*+json]
2024-09-26T13:08:38.666+01:00 DEBUG 35839 --- [o-auto-1-exec-2] m.m.a.RequestResponseBodyMethodProcessor : Writing [Joke(setup=null, punchline=Chuck Norris can divide by zero, provider=api.chucknorris.io)]
2024-09-26T13:08:38.667+01:00 DEBUG 35839 --- [o-auto-1-exec-2] o.s.web.servlet.DispatcherServlet        : Completed 200 OK
2024-09-26T13:08:38.667+01:00 DEBUG 35839 --- [           main] i.r.internal.RestAssuredHttpBuilder      : Parsing response as: application/json
2024-09-26T13:08:38.667+01:00 DEBUG 35839 --- [           main] i.r.internal.RestAssuredHttpBuilder      : Parsed data to instance of: class org.apache.http.conn.EofSensorInputStream
io.restassured.internal.RestAssuredResponseImpl@a929b6
  &amp#27;[32mWhen &amp#27;[0m&amp#27;[32mI request a joke&amp#27;[0m                                                  &amp#27;[90m# com.jamesstorr.jokes_service.bdd.steps.JokeStepDefinitions.iRequestAJoke()&amp#27;[0m
  &amp#27;[32mThen &amp#27;[0m&amp#27;[32mI should receive a random joke with provider &amp#27;[0m&amp#27;[32m&amp#27;[1m"api.chucknorris.io"&amp#27;[0m &amp#27;[90m# com.jamesstorr.jokes_service.bdd.steps.JokeStepDefinitions.iShouldReceiveAJokeWithProvider(java.lang.String)&amp#27;[0m
]]></system-out>
  </testcase>
</testsuite>